16:27:26 INFO  : Registering command handlers for SDK TCF services
16:27:27 INFO  : Launching XSCT server: xsct -n -interactive /home/akayashima/H30_Xilinx/Mutex-20181213/Multiple-Core.sdk/temp_xsdb_launch_script.tcl
16:27:28 INFO  : XSCT server has started successfully.
16:27:28 INFO  : Successfully done setting XSCT server connection channel  
16:27:28 INFO  : Successfully done setting SDK workspace  
16:27:28 INFO  : Processing command line option -hwspec /home/akayashima/H30_Xilinx/Mutex-20181213/Multiple-Core.sdk/design_1_wrapper.hdf.
16:29:05 INFO  : Connected to target on host '127.0.0.1' and port '3121'.
16:29:05 INFO  : Jtag cable 'Digilent Nexys Video 210276689540B' is selected.
16:29:05 INFO  : 'jtag frequency' command is executed.
16:29:05 INFO  : 'targets -set -filter {jtag_cable_name =~ "Digilent Nexys Video 210276689540B" && level==0} -index 0' command is executed.
16:29:10 INFO  : FPGA configured successfully with bitstream "/home/akayashima/H30_Xilinx/Mutex-20181213/Multiple-Core.sdk/design_1_wrapper_hw_platform_0/design_1_wrapper.bit"
16:29:11 INFO  : Context for processor 'microblaze_i0' is selected.
16:29:11 INFO  : Processor reset is completed for 'microblaze_i0'.
16:29:11 INFO  : Context for processor 'microblaze_i1' is selected.
16:29:11 ERROR : Cannot stop MicroBlaze. Stalled on instruction fetch
16:29:11 INFO  : ----------------XSDB Script----------------
connect -url tcp:127.0.0.1:3121
targets -set -filter {jtag_cable_name =~ "Digilent Nexys Video 210276689540B" && level==0} -index 0
fpga -file /home/akayashima/H30_Xilinx/Mutex-20181213/Multiple-Core.sdk/design_1_wrapper_hw_platform_0/design_1_wrapper.bit
targets -set -nocase -filter {name =~ "microblaze*#0" && bscan=="USER2"  && jtag_cable_name =~ "Digilent Nexys Video 210276689540B"} -index 0
rst -processor
targets -set -nocase -filter {name =~ "microblaze*#1" && bscan=="USER2"  && jtag_cable_name =~ "Digilent Nexys Video 210276689540B"} -index 0
rst -processor
----------------End of Script----------------

16:35:27 INFO  : Inferring section assignments and sizes from elf file: /home/akayashima/H30_Xilinx/Mutex-20181213/Multiple-Core.sdk/microblaze-0/Debug/microblaze-0.elf
16:39:10 INFO  : Inferring section assignments and sizes from elf file: /home/akayashima/H30_Xilinx/Mutex-20181213/Multiple-Core.sdk/microblaze-0/Debug/microblaze-0.elf
16:42:40 INFO  : Inferring section assignments and sizes from elf file: /home/akayashima/H30_Xilinx/Mutex-20181213/Multiple-Core.sdk/microblaze-1/Debug/microblaze-1.elf
16:53:49 INFO  : Inferring section assignments and sizes from elf file: /home/akayashima/H30_Xilinx/Mutex-20181213/Multiple-Core.sdk/microblaze-0/Debug/microblaze-0.elf
16:59:26 INFO  : Launching XSCT server: xsct -n -interactive /home/akayashima/H30_Xilinx/Mutex-20181213/Multiple-Core.sdk/temp_xsdb_launch_script.tcl
16:59:27 INFO  : XSCT server has started successfully.
16:59:27 INFO  : Successfully done setting XSCT server connection channel  
16:59:28 INFO  : Successfully done setting SDK workspace  
16:59:28 INFO  : Registering command handlers for SDK TCF services
16:59:29 INFO  : Processing command line option -hwspec /home/akayashima/H30_Xilinx/Mutex-20181213/Multiple-Core.sdk/design_1_wrapper.hdf.
16:59:29 INFO  : Checking for hwspec changes in the project design_1_wrapper_hw_platform_0.
17:00:02 INFO  : Connected to target on host '127.0.0.1' and port '3121'.
17:00:12 INFO  : Jtag cable 'Digilent Nexys Video 210276689540B' is selected.
17:00:12 INFO  : 'jtag frequency' command is executed.
17:00:12 INFO  : 'targets -set -filter {jtag_cable_name =~ "Digilent Nexys Video 210276689540B" && level==0} -index 0' command is executed.
17:00:17 INFO  : FPGA configured successfully with bitstream "/home/akayashima/H30_Xilinx/Mutex-20181213/Multiple-Core.sdk/design_1_wrapper_hw_platform_0/design_1_wrapper.bit"
17:00:17 INFO  : Context for processor 'microblaze_i0' is selected.
17:00:17 INFO  : Processor reset is completed for 'microblaze_i0'.
17:00:17 INFO  : Context for processor 'microblaze_i1' is selected.
17:00:17 ERROR : Cannot stop MicroBlaze. Stalled on instruction fetch
17:00:17 INFO  : ----------------XSDB Script----------------
connect -url tcp:127.0.0.1:3121
targets -set -filter {jtag_cable_name =~ "Digilent Nexys Video 210276689540B" && level==0} -index 0
fpga -file /home/akayashima/H30_Xilinx/Mutex-20181213/Multiple-Core.sdk/design_1_wrapper_hw_platform_0/design_1_wrapper.bit
targets -set -nocase -filter {name =~ "microblaze*#0" && bscan=="USER2"  && jtag_cable_name =~ "Digilent Nexys Video 210276689540B"} -index 0
rst -processor
targets -set -nocase -filter {name =~ "microblaze*#1" && bscan=="USER2"  && jtag_cable_name =~ "Digilent Nexys Video 210276689540B"} -index 0
rst -processor
----------------End of Script----------------

17:24:17 INFO  : Inferring section assignments and sizes from elf file: /home/akayashima/H30_Xilinx/Mutex-20181213/Multiple-Core.sdk/microblaze-0/Debug/microblaze-0.elf
17:24:44 INFO  : Successfully generated /home/akayashima/H30_Xilinx/Mutex-20181213/Multiple-Core.sdk/microblaze-0/src/lscript.ld.
17:24:44 INFO  : Applying linker script to all configurations of project microblaze-0.
17:24:44 INFO  : Setting rebuild state to true for all configurations of project microblaze-0.
17:26:53 INFO  : Inferring section assignments and sizes from elf file: /home/akayashima/H30_Xilinx/Mutex-20181213/Multiple-Core.sdk/microblaze-1/Debug/microblaze-1.elf
17:27:09 INFO  : Successfully generated /home/akayashima/H30_Xilinx/Mutex-20181213/Multiple-Core.sdk/microblaze-1/src/lscript.ld.
17:27:09 INFO  : Applying linker script to all configurations of project microblaze-1.
17:27:09 INFO  : Setting rebuild state to true for all configurations of project microblaze-1.
17:27:46 INFO  : Registering command handlers for SDK TCF services
17:27:46 INFO  : Launching XSCT server: xsct -n -interactive /home/akayashima/H30_Xilinx/Mutex-20181213/Multiple-Core.sdk/temp_xsdb_launch_script.tcl
17:27:47 INFO  : XSCT server has started successfully.
17:27:47 INFO  : Successfully done setting XSCT server connection channel  
17:27:47 INFO  : Successfully done setting SDK workspace  
17:27:47 INFO  : Processing command line option -hwspec /home/akayashima/H30_Xilinx/Mutex-20181213/Multiple-Core.sdk/design_1_wrapper.hdf.
17:27:48 INFO  : Checking for hwspec changes in the project design_1_wrapper_hw_platform_0.
17:28:50 INFO  : Successfully generated /home/akayashima/H30_Xilinx/Mutex-20181213/Multiple-Core.sdk/microblaze-0/src/lscript.ld.
17:28:50 INFO  : Applying linker script to all configurations of project microblaze-0.
17:28:50 INFO  : Setting rebuild state to true for all configurations of project microblaze-0.
17:28:59 INFO  : Successfully generated /home/akayashima/H30_Xilinx/Mutex-20181213/Multiple-Core.sdk/microblaze-1/src/lscript.ld.
17:28:59 INFO  : Applying linker script to all configurations of project microblaze-1.
17:28:59 INFO  : Setting rebuild state to true for all configurations of project microblaze-1.
18:10:54 INFO  : Connected to target on host '127.0.0.1' and port '3121'.
18:11:04 INFO  : Jtag cable 'Digilent Nexys Video 210276689540B' is selected.
18:11:04 INFO  : 'jtag frequency' command is executed.
18:11:04 INFO  : 'targets -set -filter {jtag_cable_name =~ "Digilent Nexys Video 210276689540B" && level==0} -index 0' command is executed.
18:11:09 INFO  : FPGA configured successfully with bitstream "/home/akayashima/H30_Xilinx/Mutex-20181213/Multiple-Core.sdk/design_1_wrapper_hw_platform_0/design_1_wrapper.bit"
18:11:09 INFO  : Context for processor 'microblaze_i0' is selected.
18:11:09 INFO  : Processor reset is completed for 'microblaze_i0'.
18:11:09 INFO  : Context for processor 'microblaze_i1' is selected.
18:11:09 ERROR : Cannot stop MicroBlaze. Stalled on instruction fetch
18:11:09 INFO  : ----------------XSDB Script----------------
connect -url tcp:127.0.0.1:3121
targets -set -filter {jtag_cable_name =~ "Digilent Nexys Video 210276689540B" && level==0} -index 0
fpga -file /home/akayashima/H30_Xilinx/Mutex-20181213/Multiple-Core.sdk/design_1_wrapper_hw_platform_0/design_1_wrapper.bit
targets -set -nocase -filter {name =~ "microblaze*#0" && bscan=="USER2"  && jtag_cable_name =~ "Digilent Nexys Video 210276689540B"} -index 0
rst -processor
targets -set -nocase -filter {name =~ "microblaze*#1" && bscan=="USER2"  && jtag_cable_name =~ "Digilent Nexys Video 210276689540B"} -index 0
rst -processor
----------------End of Script----------------

18:13:15 INFO  : Connected to target on host '127.0.0.1' and port '3121'.
18:13:15 INFO  : Jtag cable 'Digilent Nexys Video 210276689540B' is selected.
18:13:15 INFO  : 'jtag frequency' command is executed.
18:13:15 INFO  : 'targets -set -filter {jtag_cable_name =~ "Digilent Nexys Video 210276689540B" && level==0} -index 0' command is executed.
18:13:21 INFO  : FPGA configured successfully with bitstream "/home/akayashima/H30_Xilinx/Mutex-20181213/Multiple-Core.sdk/design_1_wrapper_hw_platform_0/design_1_wrapper.bit"
18:13:21 INFO  : Context for processor 'microblaze_i0' is selected.
18:13:21 INFO  : System reset is completed.
18:13:24 INFO  : 'after 3000' command is executed.
18:13:24 INFO  : Context for processor 'microblaze_i0' is selected.
18:13:24 INFO  : The application '/home/akayashima/H30_Xilinx/Mutex-20181213/Multiple-Core.sdk/microblaze-0/Debug/microblaze-0.elf' is downloaded to processor 'microblaze_i0'.
18:13:24 INFO  : Context for processor 'microblaze_i1' is selected.
18:13:24 ERROR : Cannot stop MicroBlaze. Stalled on instruction fetch
18:13:24 INFO  : ----------------XSDB Script----------------
connect -url tcp:127.0.0.1:3121
targets -set -filter {jtag_cable_name =~ "Digilent Nexys Video 210276689540B" && level==0} -index 0
fpga -file /home/akayashima/H30_Xilinx/Mutex-20181213/Multiple-Core.sdk/design_1_wrapper_hw_platform_0/design_1_wrapper.bit
targets -set -nocase -filter {name =~ "microblaze*#0" && bscan=="USER2"  && jtag_cable_name =~ "Digilent Nexys Video 210276689540B"} -index 0
rst -system
after 3000
targets -set -nocase -filter {name =~ "microblaze*#0" && bscan=="USER2"  && jtag_cable_name =~ "Digilent Nexys Video 210276689540B"} -index 0
dow /home/akayashima/H30_Xilinx/Mutex-20181213/Multiple-Core.sdk/microblaze-0/Debug/microblaze-0.elf
targets -set -nocase -filter {name =~ "microblaze*#1" && bscan=="USER2"  && jtag_cable_name =~ "Digilent Nexys Video 210276689540B"} -index 0
dow /home/akayashima/H30_Xilinx/Mutex-20181213/Multiple-Core.sdk/microblaze-1/Debug/microblaze-1.elf
----------------End of Script----------------

18:13:43 INFO  : Inferring section assignments and sizes from elf file: /home/akayashima/H30_Xilinx/Mutex-20181213/Multiple-Core.sdk/microblaze-0/Debug/microblaze-0.elf
18:14:37 INFO  : Successfully generated /home/akayashima/H30_Xilinx/Mutex-20181213/Multiple-Core.sdk/microblaze-0/src/lscript.ld.
18:14:37 INFO  : Applying linker script to all configurations of project microblaze-0.
18:14:37 INFO  : Setting rebuild state to true for all configurations of project microblaze-0.
18:14:42 INFO  : Inferring section assignments and sizes from elf file: /home/akayashima/H30_Xilinx/Mutex-20181213/Multiple-Core.sdk/microblaze-1/Debug/microblaze-1.elf
18:14:51 INFO  : Successfully generated /home/akayashima/H30_Xilinx/Mutex-20181213/Multiple-Core.sdk/microblaze-1/src/lscript.ld.
18:14:51 INFO  : Applying linker script to all configurations of project microblaze-1.
18:14:51 INFO  : Setting rebuild state to true for all configurations of project microblaze-1.
18:23:37 INFO  : Successfully generated /home/akayashima/H30_Xilinx/Mutex-20181213/Multiple-Core.sdk/microblaze-0/src/lscript.ld.
18:23:37 INFO  : Applying linker script to all configurations of project microblaze-0.
18:23:37 INFO  : Setting rebuild state to true for all configurations of project microblaze-0.
18:32:41 INFO  : SDK has detected change in the last modified timestamps for source hardware specification file Source:1545125439000,  Project:1545051122000
18:32:41 INFO  : Project design_1_wrapper_hw_platform_0's source hardware specification located at /home/akayashima/H30_Xilinx/Mutex-20181213/Multiple-Core.sdk/design_1_wrapper.hdf is now different from the local copy.
		 The local copy will be replaced with the source specification and your workspace will be updated.
18:32:44 INFO  : Project design_1_wrapper_hw_platform_0's source hardware specification location will not be monitored anymore.
18:33:11 INFO  : Registering command handlers for SDK TCF services
18:33:12 INFO  : Launching XSCT server: xsct -n -interactive /home/akayashima/H30_Xilinx/Mutex-20181213/Multiple-Core.sdk/temp_xsdb_launch_script.tcl
18:33:13 INFO  : XSCT server has started successfully.
18:33:13 INFO  : Successfully done setting XSCT server connection channel  
18:33:13 INFO  : Successfully done setting SDK workspace  
18:33:13 INFO  : Processing command line option -hwspec /home/akayashima/H30_Xilinx/Mutex-20181213/Multiple-Core.sdk/design_1_wrapper.hdf.
