#-----------------------------------------------------------
# Webtalk v2017.4 (64-bit)
# SW Build 2086221 on Fri Dec 15 20:54:30 MST 2017
# 
# Start of session at: Thu May 30 19:33:45 2019
# Process ID: 31462
# Current directory: /home/akayashima/H31_Xilinx/Img-processing-sim/Multiple-Core.sdk/webtalk
# Command line: wbtcv -mode batch -source sdk_webtalk.tcl
# Log file: /home/akayashima/H31_Xilinx/Img-processing-sim/Multiple-Core.sdk/webtalk/webtalk.log
# Journal file: /home/akayashima/H31_Xilinx/Img-processing-sim/Multiple-Core.sdk/webtalk/webtalk.jou
#-----------------------------------------------------------
source sdk_webtalk.tcl
# webtalk_init -webtalk_dir /home/akayashima/H31_Xilinx/Img-processing-sim/Multiple-Core.sdk/webtalk
# webtalk_register_client -client project
# webtalk_add_data -client project -key date_generated -value "2019-05-30 19:33:44" -context "software_version_and_target_device"
# webtalk_add_data -client project -key product_version -value "SDK v2017.4" -context "software_version_and_target_device"
# webtalk_add_data -client project -key build_version -value "2017.4" -context "software_version_and_target_device"
# webtalk_add_data -client project -key os_platform -value "amd64" -context "software_version_and_target_device"
# webtalk_add_data -client project -key registration_id -value "211387882_1777527812_210663870_969" -context "software_version_and_target_device"
# webtalk_add_data -client project -key tool_flow -value "SDK" -context "software_version_and_target_device"
# webtalk_add_data -client project -key beta -value "false" -context "software_version_and_target_device"
# webtalk_add_data -client project -key route_design -value "NA" -context "software_version_and_target_device"
# webtalk_add_data -client project -key target_family -value "NA" -context "software_version_and_target_device"
# webtalk_add_data -client project -key target_device -value "NA" -context "software_version_and_target_device"
# webtalk_add_data -client project -key target_package -value "NA" -context "software_version_and_target_device"
# webtalk_add_data -client project -key target_speed -value "NA" -context "software_version_and_target_device"
# webtalk_add_data -client project -key random_id -value "vem9q9s5b33ujcipjn9dsikluj" -context "software_version_and_target_device"
# webtalk_add_data -client project -key project_id -value "2017.4_80" -context "software_version_and_target_device"
# webtalk_add_data -client project -key project_iteration -value "80" -context "software_version_and_target_device"
# webtalk_add_data -client project -key os_name -value "CentOS" -context "user_environment"
# webtalk_add_data -client project -key os_release -value "CentOS Linux release 7.5.1804 (Core)" -context "user_environment"
# webtalk_add_data -client project -key cpu_name -value "Intel(R) Core(TM) i7-7700 CPU @ 3.60GHz" -context "user_environment"
# webtalk_add_data -client project -key cpu_speed -value "2870.288 MHz" -context "user_environment"
# webtalk_add_data -client project -key total_processors -value "1" -context "user_environment"
# webtalk_add_data -client project -key system_ram -value "16.620 GB" -context "user_environment"
# webtalk_register_client -client sdk
# webtalk_add_data -client sdk -key uid -value "1559211805000" -context "sdk\\\\hardware/1559211805000"
# webtalk_add_data -client sdk -key isZynq -value "false" -context "sdk\\\\hardware/1559211805000"
# webtalk_add_data -client sdk -key isZynqMP -value "false" -context "sdk\\\\hardware/1559211805000"
# webtalk_add_data -client sdk -key Processors -value "2" -context "sdk\\\\hardware/1559211805000"
# webtalk_add_data -client sdk -key VivadoVersion -value "2017.4" -context "sdk\\\\hardware/1559211805000"
# webtalk_add_data -client sdk -key Arch -value "artix7" -context "sdk\\\\hardware/1559211805000"
# webtalk_add_data -client sdk -key Device -value "7a200t" -context "sdk\\\\hardware/1559211805000"
# webtalk_add_data -client sdk -key IsHandoff -value "true" -context "sdk\\\\hardware/1559211805000"
# webtalk_add_data -client sdk -key os -value "NA" -context "sdk\\\\hardware/1559211805000"
# webtalk_add_data -client sdk -key apptemplate -value "NA" -context "sdk\\\\hardware/1559211805000"
# webtalk_add_data -client sdk -key RecordType -value "HWCreation" -context "sdk\\\\hardware/1559211805000"
# webtalk_add_data -client sdk -key uid -value "1559211821000" -context "sdk\\\\bsp/1559211821000"
# webtalk_add_data -client sdk -key hwid -value "1559211805000" -context "sdk\\\\bsp/1559211821000"
# webtalk_add_data -client sdk -key os -value "standalone" -context "sdk\\\\bsp/1559211821000"
# webtalk_add_data -client sdk -key apptemplate -value "empty_application" -context "sdk\\\\bsp/1559211821000"
# webtalk_add_data -client sdk -key RecordType -value "BSPCreation" -context "sdk\\\\bsp/1559211821000"
# webtalk_add_data -client sdk -key uid -value "1559211821000" -context "sdk\\\\application/1559211821000"
# webtalk_add_data -client sdk -key hwid -value "1559211805000" -context "sdk\\\\application/1559211821000"
# webtalk_add_data -client sdk -key bspid -value "1559211821000" -context "sdk\\\\application/1559211821000"
# webtalk_add_data -client sdk -key newbsp -value "true" -context "sdk\\\\application/1559211821000"
# webtalk_add_data -client sdk -key os -value "standalone" -context "sdk\\\\application/1559211821000"
# webtalk_add_data -client sdk -key apptemplate -value "empty_application" -context "sdk\\\\application/1559211821000"
# webtalk_add_data -client sdk -key RecordType -value "APPCreation" -context "sdk\\\\application/1559211821000"
# webtalk_add_data -client sdk -key LangUsed -value "C" -context "sdk\\\\application/1559211821000"
# webtalk_add_data -client sdk -key Procused -value "microblaze" -context "sdk\\\\application/1559211821000"
# webtalk_add_data -client sdk -key uid -value "1559211839000" -context "sdk\\\\bsp/1559211839000"
# webtalk_add_data -client sdk -key hwid -value "1559211805000" -context "sdk\\\\bsp/1559211839000"
# webtalk_add_data -client sdk -key os -value "standalone" -context "sdk\\\\bsp/1559211839000"
# webtalk_add_data -client sdk -key apptemplate -value "empty_application" -context "sdk\\\\bsp/1559211839000"
# webtalk_add_data -client sdk -key RecordType -value "BSPCreation" -context "sdk\\\\bsp/1559211839000"
# webtalk_add_data -client sdk -key uid -value "1559211840000" -context "sdk\\\\application/1559211840000"
# webtalk_add_data -client sdk -key hwid -value "1559211805000" -context "sdk\\\\application/1559211840000"
# webtalk_add_data -client sdk -key bspid -value "1559211839000" -context "sdk\\\\application/1559211840000"
# webtalk_add_data -client sdk -key newbsp -value "true" -context "sdk\\\\application/1559211840000"
# webtalk_add_data -client sdk -key os -value "standalone" -context "sdk\\\\application/1559211840000"
# webtalk_add_data -client sdk -key apptemplate -value "empty_application" -context "sdk\\\\application/1559211840000"
# webtalk_add_data -client sdk -key RecordType -value "APPCreation" -context "sdk\\\\application/1559211840000"
# webtalk_add_data -client sdk -key LangUsed -value "C" -context "sdk\\\\application/1559211840000"
# webtalk_add_data -client sdk -key Procused -value "microblaze" -context "sdk\\\\application/1559211840000"
# webtalk_add_data -client sdk -key uid -value "1559212280000" -context "sdk\\\\bsp/1559212280000"
# webtalk_add_data -client sdk -key hwid -value "1559211805000" -context "sdk\\\\bsp/1559212280000"
# webtalk_add_data -client sdk -key os -value "standalone" -context "sdk\\\\bsp/1559212280000"
# webtalk_add_data -client sdk -key apptemplate -value "empty_application" -context "sdk\\\\bsp/1559212280000"
# webtalk_add_data -client sdk -key RecordType -value "BSPCreation" -context "sdk\\\\bsp/1559212280000"
# webtalk_add_data -client sdk -key uid -value "1559212304000" -context "sdk\\\\application/1559212304000"
# webtalk_add_data -client sdk -key hwid -value "1559211805000" -context "sdk\\\\application/1559212304000"
# webtalk_add_data -client sdk -key bspid -value "1559212280000" -context "sdk\\\\application/1559212304000"
# webtalk_add_data -client sdk -key newbsp -value "true" -context "sdk\\\\application/1559212304000"
# webtalk_add_data -client sdk -key os -value "standalone" -context "sdk\\\\application/1559212304000"
# webtalk_add_data -client sdk -key apptemplate -value "empty_application" -context "sdk\\\\application/1559212304000"
# webtalk_add_data -client sdk -key RecordType -value "APPCreation" -context "sdk\\\\application/1559212304000"
# webtalk_add_data -client sdk -key LangUsed -value "C" -context "sdk\\\\application/1559212304000"
# webtalk_add_data -client sdk -key Procused -value "microblaze" -context "sdk\\\\application/1559212304000"
# webtalk_add_data -client sdk -key uid -value "NA" -context "sdk\\\\bsp/1559212424819"
# webtalk_add_data -client sdk -key RecordType -value "ToolUsage" -context "sdk\\\\bsp/1559212424819"
# webtalk_add_data -client sdk -key BootgenCount -value "0" -context "sdk\\\\bsp/1559212424819"
# webtalk_add_data -client sdk -key DebugCount -value "0" -context "sdk\\\\bsp/1559212424819"
# webtalk_add_data -client sdk -key PerfCount -value "0" -context "sdk\\\\bsp/1559212424819"
# webtalk_add_data -client sdk -key FlashCount -value "0" -context "sdk\\\\bsp/1559212424819"
# webtalk_add_data -client sdk -key CrossTriggCount -value "0" -context "sdk\\\\bsp/1559212424819"
# webtalk_add_data -client sdk -key QemuDebugCount -value "0" -context "sdk\\\\bsp/1559212424819"
# webtalk_transmit -clientid 620801641 -regid "211387882_1777527812_210663870_969" -xml /home/akayashima/H31_Xilinx/Img-processing-sim/Multiple-Core.sdk/webtalk/usage_statistics_ext_sdk.xml -html /home/akayashima/H31_Xilinx/Img-processing-sim/Multiple-Core.sdk/webtalk/usage_statistics_ext_sdk.html -wdm /home/akayashima/H31_Xilinx/Img-processing-sim/Multiple-Core.sdk/webtalk/sdk_webtalk.wdm -intro "<H3>SDK Usage Report</H3><BR>"
INFO: [Common 17-186] '/home/akayashima/H31_Xilinx/Img-processing-sim/Multiple-Core.sdk/webtalk/usage_statistics_ext_sdk.xml' has been successfully sent to Xilinx on Thu May 30 19:33:47 2019. For additional details about this file, please refer to the WebTalk help file at /home/Xilinx/SDK/2017.4/doc/webtalk_introduction.html.
# webtalk_terminate
INFO: [Common 17-206] Exiting Webtalk at Thu May 30 19:33:47 2019...
