
*** Running vivado
    with args -log design_1_s02_data_fifo_0.vds -m64 -product Vivado -mode batch -messageDb vivado.pb -notrace -source design_1_s02_data_fifo_0.tcl


****** Vivado v2017.4 (64-bit)
  **** SW Build 2086221 on Fri Dec 15 20:54:30 MST 2017
  **** IP Build 2085800 on Fri Dec 15 22:25:07 MST 2017
    ** Copyright 1986-2017 Xilinx, Inc. All Rights Reserved.

source design_1_s02_data_fifo_0.tcl -notrace
Command: synth_design -top design_1_s02_data_fifo_0 -part xc7a200tsbg484-1 -mode out_of_context
Starting synth_design
Attempting to get a license for feature 'Synthesis' and/or device 'xc7a200t'
INFO: [Common 17-349] Got license for feature 'Synthesis' and/or device 'xc7a200t'
INFO: Launching helper process for spawning children vivado processes
INFO: Helper process launched with PID 15254 
---------------------------------------------------------------------------------
Starting RTL Elaboration : Time (s): cpu = 00:00:09 ; elapsed = 00:00:27 . Memory (MB): peak = 1393.957 ; gain = 88.000 ; free physical = 3038 ; free virtual = 15980
---------------------------------------------------------------------------------
INFO: [Synth 8-638] synthesizing module 'design_1_s02_data_fifo_0' [/home/akayashima/H31_Xilinx/Img-processing-sim/Multiple-Core.srcs/sources_1/bd/design_1/ip/design_1_s02_data_fifo_0/synth/design_1_s02_data_fifo_0.v:58]
INFO: [Synth 8-638] synthesizing module 'axi_data_fifo_v2_1_14_axi_data_fifo' [/home/akayashima/H31_Xilinx/Img-processing-sim/Multiple-Core.srcs/sources_1/bd/design_1/ipshared/9909/hdl/axi_data_fifo_v2_1_vl_rfs.v:1283]
	Parameter C_FAMILY bound to: artix7 - type: string 
	Parameter C_AXI_PROTOCOL bound to: 0 - type: integer 
	Parameter C_AXI_ID_WIDTH bound to: 1 - type: integer 
	Parameter C_AXI_ADDR_WIDTH bound to: 32 - type: integer 
	Parameter C_AXI_DATA_WIDTH bound to: 128 - type: integer 
	Parameter C_AXI_SUPPORTS_USER_SIGNALS bound to: 0 - type: integer 
	Parameter C_AXI_AWUSER_WIDTH bound to: 1 - type: integer 
	Parameter C_AXI_ARUSER_WIDTH bound to: 1 - type: integer 
	Parameter C_AXI_WUSER_WIDTH bound to: 1 - type: integer 
	Parameter C_AXI_RUSER_WIDTH bound to: 1 - type: integer 
	Parameter C_AXI_BUSER_WIDTH bound to: 1 - type: integer 
	Parameter C_AXI_WRITE_FIFO_DEPTH bound to: 32 - type: integer 
	Parameter C_AXI_WRITE_FIFO_TYPE bound to: lut - type: string 
	Parameter C_AXI_WRITE_FIFO_DELAY bound to: 0 - type: integer 
	Parameter C_AXI_READ_FIFO_DEPTH bound to: 32 - type: integer 
	Parameter C_AXI_READ_FIFO_TYPE bound to: lut - type: string 
	Parameter C_AXI_READ_FIFO_DELAY bound to: 0 - type: integer 
	Parameter P_WIDTH_RACH bound to: 63 - type: integer 
	Parameter P_WIDTH_WACH bound to: 63 - type: integer 
	Parameter P_WIDTH_RDCH bound to: 133 - type: integer 
	Parameter P_WIDTH_WDCH bound to: 146 - type: integer 
	Parameter P_WIDTH_WRCH bound to: 4 - type: integer 
	Parameter P_PRIM_FIFO_TYPE bound to: 512x72 - type: string 
	Parameter P_AXI4 bound to: 0 - type: integer 
	Parameter P_AXI3 bound to: 1 - type: integer 
	Parameter P_AXILITE bound to: 2 - type: integer 
	Parameter P_WRITE_FIFO_DEPTH_LOG bound to: 5 - type: integer 
	Parameter P_READ_FIFO_DEPTH_LOG bound to: 5 - type: integer 
INFO: [Synth 8-638] synthesizing module 'xpm_cdc_async_rst' [/home/Xilinx/Vivado/2017.4/data/ip/xpm/xpm_cdc/hdl/xpm_cdc.sv:1177]
INFO: [Synth 8-5534] Detected attribute (* ASYNC_REG = "TRUE" *) [/home/Xilinx/Vivado/2017.4/data/ip/xpm/xpm_cdc/hdl/xpm_cdc.sv:1228]
INFO: [Synth 8-256] done synthesizing module 'xpm_cdc_async_rst' (1#1) [/home/Xilinx/Vivado/2017.4/data/ip/xpm/xpm_cdc/hdl/xpm_cdc.sv:1177]
INFO: [Synth 8-256] done synthesizing module 'axi_data_fifo_v2_1_14_axi_data_fifo' (21#1) [/home/akayashima/H31_Xilinx/Img-processing-sim/Multiple-Core.srcs/sources_1/bd/design_1/ipshared/9909/hdl/axi_data_fifo_v2_1_vl_rfs.v:1283]
INFO: [Synth 8-256] done synthesizing module 'design_1_s02_data_fifo_0' (22#1) [/home/akayashima/H31_Xilinx/Img-processing-sim/Multiple-Core.srcs/sources_1/bd/design_1/ip/design_1_s02_data_fifo_0/synth/design_1_s02_data_fifo_0.v:58]
WARNING: [Synth 8-3331] design wr_pf_ss has unconnected port PROG_FULL
WARNING: [Synth 8-3331] design wr_pf_ss has unconnected port PROG_FULL_THRESH[4]
WARNING: [Synth 8-3331] design wr_pf_ss has unconnected port PROG_FULL_THRESH[3]
WARNING: [Synth 8-3331] design wr_pf_ss has unconnected port PROG_FULL_THRESH[2]
WARNING: [Synth 8-3331] design wr_pf_ss has unconnected port PROG_FULL_THRESH[1]
WARNING: [Synth 8-3331] design wr_pf_ss has unconnected port PROG_FULL_THRESH[0]
WARNING: [Synth 8-3331] design wr_pf_ss has unconnected port PROG_FULL_THRESH_ASSERT[4]
WARNING: [Synth 8-3331] design wr_pf_ss has unconnected port PROG_FULL_THRESH_ASSERT[3]
WARNING: [Synth 8-3331] design wr_pf_ss has unconnected port PROG_FULL_THRESH_ASSERT[2]
WARNING: [Synth 8-3331] design wr_pf_ss has unconnected port PROG_FULL_THRESH_ASSERT[1]
WARNING: [Synth 8-3331] design wr_pf_ss has unconnected port PROG_FULL_THRESH_ASSERT[0]
WARNING: [Synth 8-3331] design wr_pf_ss has unconnected port PROG_FULL_THRESH_NEGATE[4]
WARNING: [Synth 8-3331] design wr_pf_ss has unconnected port PROG_FULL_THRESH_NEGATE[3]
WARNING: [Synth 8-3331] design wr_pf_ss has unconnected port PROG_FULL_THRESH_NEGATE[2]
WARNING: [Synth 8-3331] design wr_pf_ss has unconnected port PROG_FULL_THRESH_NEGATE[1]
WARNING: [Synth 8-3331] design wr_pf_ss has unconnected port PROG_FULL_THRESH_NEGATE[0]
WARNING: [Synth 8-3331] design wr_pf_ss has unconnected port WR_CLK
WARNING: [Synth 8-3331] design wr_pf_ss has unconnected port SRST
WARNING: [Synth 8-3331] design wr_pf_ss has unconnected port WR_RST
WARNING: [Synth 8-3331] design wr_pf_ss has unconnected port RST_FULL_GEN
WARNING: [Synth 8-3331] design wr_pf_ss has unconnected port RST_FULL_FF
WARNING: [Synth 8-3331] design wr_pf_ss has unconnected port SRST_FULL_FF
WARNING: [Synth 8-3331] design wr_pf_ss has unconnected port RAM_WR_EN
WARNING: [Synth 8-3331] design wr_pf_ss has unconnected port FULL
WARNING: [Synth 8-3331] design wr_pf_ss has unconnected port EMPTY
WARNING: [Synth 8-3331] design wr_pf_ss has unconnected port RAM_RD_EN
WARNING: [Synth 8-3331] design wr_pf_ss has unconnected port RAM_ALMOST_FULL
WARNING: [Synth 8-3331] design wr_pf_ss has unconnected port RAM_ALMOST_EMPTY
WARNING: [Synth 8-3331] design wr_pf_ss has unconnected port WR_PNTR[4]
WARNING: [Synth 8-3331] design wr_pf_ss has unconnected port WR_PNTR[3]
WARNING: [Synth 8-3331] design wr_pf_ss has unconnected port WR_PNTR[2]
WARNING: [Synth 8-3331] design wr_pf_ss has unconnected port WR_PNTR[1]
WARNING: [Synth 8-3331] design wr_pf_ss has unconnected port WR_PNTR[0]
WARNING: [Synth 8-3331] design wr_pf_ss has unconnected port WR_PNTR_PLUS1[4]
WARNING: [Synth 8-3331] design wr_pf_ss has unconnected port WR_PNTR_PLUS1[3]
WARNING: [Synth 8-3331] design wr_pf_ss has unconnected port WR_PNTR_PLUS1[2]
WARNING: [Synth 8-3331] design wr_pf_ss has unconnected port WR_PNTR_PLUS1[1]
WARNING: [Synth 8-3331] design wr_pf_ss has unconnected port WR_PNTR_PLUS1[0]
WARNING: [Synth 8-3331] design wr_pf_ss has unconnected port RD_PNTR_WR[4]
WARNING: [Synth 8-3331] design wr_pf_ss has unconnected port RD_PNTR_WR[3]
WARNING: [Synth 8-3331] design wr_pf_ss has unconnected port RD_PNTR_WR[2]
WARNING: [Synth 8-3331] design wr_pf_ss has unconnected port RD_PNTR_WR[1]
WARNING: [Synth 8-3331] design wr_pf_ss has unconnected port RD_PNTR_WR[0]
WARNING: [Synth 8-3331] design wr_status_flags_ss has unconnected port SRST_FULL_FF
WARNING: [Synth 8-3331] design wr_status_flags_ss has unconnected port WR_RST
WARNING: [Synth 8-3331] design wr_status_flags_ss has unconnected port SRST
WARNING: [Synth 8-3331] design wr_status_flags_ss has unconnected port SAFETY_CKT_WR_RST
WARNING: [Synth 8-3331] design wr_status_flags_ss has unconnected port WR_PNTR_PLUS2[4]
WARNING: [Synth 8-3331] design wr_status_flags_ss has unconnected port WR_PNTR_PLUS2[3]
WARNING: [Synth 8-3331] design wr_status_flags_ss has unconnected port WR_PNTR_PLUS2[2]
WARNING: [Synth 8-3331] design wr_status_flags_ss has unconnected port WR_PNTR_PLUS2[1]
WARNING: [Synth 8-3331] design wr_status_flags_ss has unconnected port WR_PNTR_PLUS2[0]
WARNING: [Synth 8-3331] design wr_status_flags_ss has unconnected port WR_PNTR_PLUS3[4]
WARNING: [Synth 8-3331] design wr_status_flags_ss has unconnected port WR_PNTR_PLUS3[3]
WARNING: [Synth 8-3331] design wr_status_flags_ss has unconnected port WR_PNTR_PLUS3[2]
WARNING: [Synth 8-3331] design wr_status_flags_ss has unconnected port WR_PNTR_PLUS3[1]
WARNING: [Synth 8-3331] design wr_status_flags_ss has unconnected port WR_PNTR_PLUS3[0]
WARNING: [Synth 8-3331] design wr_bin_cntr has unconnected port SRST
WARNING: [Synth 8-3331] design wr_logic has unconnected port WR_EN_INTO_LOGIC
WARNING: [Synth 8-3331] design wr_logic has unconnected port WR_RST_INTO_LOGIC
WARNING: [Synth 8-3331] design wr_logic has unconnected port RD_EN
WARNING: [Synth 8-3331] design wr_logic has unconnected port WR_RST_BUSY
WARNING: [Synth 8-3331] design rd_fwft has unconnected port SRST
WARNING: [Synth 8-3331] design rd_fwft has unconnected port SAFETY_CKT_RD_RST
WARNING: [Synth 8-3331] design rd_fwft has unconnected port RAM_ALMOST_EMPTY
WARNING: [Synth 8-3331] design rd_pe_ss has unconnected port SRST
WARNING: [Synth 8-3331] design rd_pe_ss has unconnected port RD_CLK
WARNING: [Synth 8-3331] design rd_pe_ss has unconnected port RD_RST
WARNING: [Synth 8-3331] design rd_pe_ss has unconnected port RAM_RD_EN
WARNING: [Synth 8-3331] design rd_pe_ss has unconnected port RAM_WR_EN
WARNING: [Synth 8-3331] design rd_pe_ss has unconnected port RAM_EMPTY_FB
WARNING: [Synth 8-3331] design rd_pe_ss has unconnected port RST_FULL_FF
WARNING: [Synth 8-3331] design rd_pe_ss has unconnected port EMPTY
WARNING: [Synth 8-3331] design rd_pe_ss has unconnected port FULL
WARNING: [Synth 8-3331] design rd_pe_ss has unconnected port ALMOST_EMPTY
WARNING: [Synth 8-3331] design rd_pe_ss has unconnected port ALMOST_FULL_FB
WARNING: [Synth 8-3331] design rd_pe_ss has unconnected port RD_PNTR[4]
WARNING: [Synth 8-3331] design rd_pe_ss has unconnected port RD_PNTR[3]
WARNING: [Synth 8-3331] design rd_pe_ss has unconnected port RD_PNTR[2]
WARNING: [Synth 8-3331] design rd_pe_ss has unconnected port RD_PNTR[1]
WARNING: [Synth 8-3331] design rd_pe_ss has unconnected port RD_PNTR[0]
WARNING: [Synth 8-3331] design rd_pe_ss has unconnected port WR_PNTR_RD[4]
WARNING: [Synth 8-3331] design rd_pe_ss has unconnected port WR_PNTR_RD[3]
WARNING: [Synth 8-3331] design rd_pe_ss has unconnected port WR_PNTR_RD[2]
WARNING: [Synth 8-3331] design rd_pe_ss has unconnected port WR_PNTR_RD[1]
WARNING: [Synth 8-3331] design rd_pe_ss has unconnected port WR_PNTR_RD[0]
WARNING: [Synth 8-3331] design rd_pe_ss has unconnected port WR_PNTR_PLUS1_RD[4]
WARNING: [Synth 8-3331] design rd_pe_ss has unconnected port WR_PNTR_PLUS1_RD[3]
WARNING: [Synth 8-3331] design rd_pe_ss has unconnected port WR_PNTR_PLUS1_RD[2]
WARNING: [Synth 8-3331] design rd_pe_ss has unconnected port WR_PNTR_PLUS1_RD[1]
WARNING: [Synth 8-3331] design rd_pe_ss has unconnected port WR_PNTR_PLUS1_RD[0]
WARNING: [Synth 8-3331] design rd_pe_ss has unconnected port PROG_EMPTY_THRESH[4]
WARNING: [Synth 8-3331] design rd_pe_ss has unconnected port PROG_EMPTY_THRESH[3]
WARNING: [Synth 8-3331] design rd_pe_ss has unconnected port PROG_EMPTY_THRESH[2]
WARNING: [Synth 8-3331] design rd_pe_ss has unconnected port PROG_EMPTY_THRESH[1]
WARNING: [Synth 8-3331] design rd_pe_ss has unconnected port PROG_EMPTY_THRESH[0]
WARNING: [Synth 8-3331] design rd_pe_ss has unconnected port PROG_EMPTY_THRESH_ASSERT[4]
WARNING: [Synth 8-3331] design rd_pe_ss has unconnected port PROG_EMPTY_THRESH_ASSERT[3]
WARNING: [Synth 8-3331] design rd_pe_ss has unconnected port PROG_EMPTY_THRESH_ASSERT[2]
WARNING: [Synth 8-3331] design rd_pe_ss has unconnected port PROG_EMPTY_THRESH_ASSERT[1]
INFO: [Common 17-14] Message 'Synth 8-3331' appears 100 times and further instances of the messages will be disabled. Use the Tcl command set_msg_config to change the current settings.
---------------------------------------------------------------------------------
Finished RTL Elaboration : Time (s): cpu = 00:00:15 ; elapsed = 00:00:50 . Memory (MB): peak = 1516.492 ; gain = 210.535 ; free physical = 2845 ; free virtual = 15788
---------------------------------------------------------------------------------

Report Check Netlist: 
+------+------------------+-------+---------+-------+------------------+
|      |Item              |Errors |Warnings |Status |Description       |
+------+------------------+-------+---------+-------+------------------+
|1     |multi_driven_nets |      0|        0|Passed |Multi driven nets |
+------+------------------+-------+---------+-------+------------------+
---------------------------------------------------------------------------------
Finished RTL Optimization Phase 1 : Time (s): cpu = 00:00:16 ; elapsed = 00:00:50 . Memory (MB): peak = 1516.492 ; gain = 210.535 ; free physical = 2843 ; free virtual = 15786
---------------------------------------------------------------------------------
INFO: [Device 21-403] Loading part xc7a200tsbg484-1
INFO: [Project 1-570] Preparing netlist for logic optimization

Processing XDC Constraints
Initializing timing engine
Parsing XDC File [/home/akayashima/H31_Xilinx/Img-processing-sim/Multiple-Core.srcs/sources_1/bd/design_1/ip/design_1_s02_data_fifo_0/design_1_s02_data_fifo_0_ooc.xdc] for cell 'inst'
Finished Parsing XDC File [/home/akayashima/H31_Xilinx/Img-processing-sim/Multiple-Core.srcs/sources_1/bd/design_1/ip/design_1_s02_data_fifo_0/design_1_s02_data_fifo_0_ooc.xdc] for cell 'inst'
Parsing XDC File [/home/akayashima/H31_Xilinx/Img-processing-sim/Multiple-Core.runs/design_1_s02_data_fifo_0_synth_1/dont_touch.xdc]
Finished Parsing XDC File [/home/akayashima/H31_Xilinx/Img-processing-sim/Multiple-Core.runs/design_1_s02_data_fifo_0_synth_1/dont_touch.xdc]
Sourcing Tcl File [/home/Xilinx/Vivado/2017.4/data/ip/xpm/xpm_cdc/tcl/xpm_cdc_async_rst.tcl] for cell 'inst/gen_fifo.fifo_gen_inst/inst_fifo_gen/gaxi_full_lite.gread_ch.grdch2.axi_rdch/grf.rf/rstblk/ngwrdrst.grst.g7serrst.gnsckt_wrst.rst_wr_reg2_inst'
Finished Sourcing Tcl File [/home/Xilinx/Vivado/2017.4/data/ip/xpm/xpm_cdc/tcl/xpm_cdc_async_rst.tcl] for cell 'inst/gen_fifo.fifo_gen_inst/inst_fifo_gen/gaxi_full_lite.gread_ch.grdch2.axi_rdch/grf.rf/rstblk/ngwrdrst.grst.g7serrst.gnsckt_wrst.rst_wr_reg2_inst'
Sourcing Tcl File [/home/Xilinx/Vivado/2017.4/data/ip/xpm/xpm_cdc/tcl/xpm_cdc_async_rst.tcl] for cell 'inst/gen_fifo.fifo_gen_inst/inst_fifo_gen/gaxi_full_lite.gwrite_ch.gwdch2.axi_wdch/grf.rf/rstblk/ngwrdrst.grst.g7serrst.gnsckt_wrst.rst_wr_reg2_inst'
Finished Sourcing Tcl File [/home/Xilinx/Vivado/2017.4/data/ip/xpm/xpm_cdc/tcl/xpm_cdc_async_rst.tcl] for cell 'inst/gen_fifo.fifo_gen_inst/inst_fifo_gen/gaxi_full_lite.gwrite_ch.gwdch2.axi_wdch/grf.rf/rstblk/ngwrdrst.grst.g7serrst.gnsckt_wrst.rst_wr_reg2_inst'
INFO: [Project 1-236] Implementation specific constraints were found while reading constraint file [/home/Xilinx/Vivado/2017.4/data/ip/xpm/xpm_cdc/tcl/xpm_cdc_async_rst.tcl]. These constraints will be ignored for synthesis but will be used in implementation. Impacted constraints are listed in the file [.Xil/design_1_s02_data_fifo_0_propImpl.xdc].
Resolution: To avoid this warning, move constraints listed in [.Xil/design_1_s02_data_fifo_0_propImpl.xdc] to another XDC file and exclude this new file from synthesis with the used_in_synthesis property (File Properties dialog in GUI) and re-run elaboration/synthesis.
Completed Processing XDC Constraints

INFO: [Project 1-111] Unisim Transformation Summary:
No Unisim elements were transformed.

Constraint Validation Runtime : Time (s): cpu = 00:00:00.02 ; elapsed = 00:00:00.02 . Memory (MB): peak = 1848.488 ; gain = 0.004 ; free physical = 2924 ; free virtual = 15866
---------------------------------------------------------------------------------
Finished Constraint Validation : Time (s): cpu = 00:00:29 ; elapsed = 00:01:29 . Memory (MB): peak = 1848.488 ; gain = 542.531 ; free physical = 3075 ; free virtual = 16018
---------------------------------------------------------------------------------
---------------------------------------------------------------------------------
Start Loading Part and Timing Information
---------------------------------------------------------------------------------
Loading part: xc7a200tsbg484-1
---------------------------------------------------------------------------------
Finished Loading Part and Timing Information : Time (s): cpu = 00:00:29 ; elapsed = 00:01:29 . Memory (MB): peak = 1848.488 ; gain = 542.531 ; free physical = 3075 ; free virtual = 16018
---------------------------------------------------------------------------------
---------------------------------------------------------------------------------
Start Applying 'set_property' XDC Constraints
---------------------------------------------------------------------------------
Applied set_property DONT_TOUCH = true for inst. (constraint file  /home/akayashima/H31_Xilinx/Img-processing-sim/Multiple-Core.runs/design_1_s02_data_fifo_0_synth_1/dont_touch.xdc, line 9).
Applied set_property DONT_TOUCH = true for inst/\gen_fifo.fifo_gen_inst /inst_fifo_gen/\gaxi_full_lite.gread_ch.grdch2.axi_rdch /\grf.rf /rstblk/\ngwrdrst.grst.g7serrst.gnsckt_wrst.rst_wr_reg2_inst . (constraint file  auto generated constraint, line ).
Applied set_property DONT_TOUCH = true for inst/\gen_fifo.fifo_gen_inst /inst_fifo_gen/\gaxi_full_lite.gwrite_ch.gwdch2.axi_wdch /\grf.rf /rstblk/\ngwrdrst.grst.g7serrst.gnsckt_wrst.rst_wr_reg2_inst . (constraint file  auto generated constraint, line ).
---------------------------------------------------------------------------------
Finished applying 'set_property' XDC Constraints : Time (s): cpu = 00:00:29 ; elapsed = 00:01:29 . Memory (MB): peak = 1848.488 ; gain = 542.531 ; free physical = 3077 ; free virtual = 16019
---------------------------------------------------------------------------------
INFO: [Synth 8-5544] ROM "leaving_empty_fwft" won't be mapped to Block RAM because address size (2) smaller than threshold (5)
---------------------------------------------------------------------------------
Finished RTL Optimization Phase 2 : Time (s): cpu = 00:00:29 ; elapsed = 00:01:29 . Memory (MB): peak = 1848.488 ; gain = 542.531 ; free physical = 3068 ; free virtual = 16011
---------------------------------------------------------------------------------

Report RTL Partitions: 
+-+--------------+------------+----------+
| |RTL Partition |Replication |Instances |
+-+--------------+------------+----------+
+-+--------------+------------+----------+
---------------------------------------------------------------------------------
Start RTL Component Statistics 
---------------------------------------------------------------------------------
Detailed RTL Component Info : 
+---Adders : 
	   2 Input      5 Bit       Adders := 4     
+---XORs : 
	   2 Input      1 Bit         XORs := 40    
+---Registers : 
	              146 Bit    Registers := 2     
	              133 Bit    Registers := 2     
	                5 Bit    Registers := 8     
	                4 Bit    Registers := 2     
	                2 Bit    Registers := 4     
	                1 Bit    Registers := 26    
+---Muxes : 
	   2 Input      2 Bit        Muxes := 8     
	   5 Input      2 Bit        Muxes := 2     
	   3 Input      1 Bit        Muxes := 2     
	   2 Input      1 Bit        Muxes := 6     
	   4 Input      1 Bit        Muxes := 4     
---------------------------------------------------------------------------------
Finished RTL Component Statistics 
---------------------------------------------------------------------------------
---------------------------------------------------------------------------------
Start RTL Hierarchical Component Statistics 
---------------------------------------------------------------------------------
Hierarchical RTL Component report 
Module xpm_cdc_async_rst 
Detailed RTL Component Info : 
+---Registers : 
	                2 Bit    Registers := 1     
Module reset_blk_ramfifo 
Detailed RTL Component Info : 
+---Registers : 
	                4 Bit    Registers := 1     
	                1 Bit    Registers := 3     
Module dmem 
Detailed RTL Component Info : 
+---Registers : 
	              146 Bit    Registers := 1     
Module memory 
Detailed RTL Component Info : 
+---Registers : 
	              146 Bit    Registers := 1     
Module rd_bin_cntr 
Detailed RTL Component Info : 
+---Adders : 
	   2 Input      5 Bit       Adders := 1     
+---Registers : 
	                5 Bit    Registers := 2     
Module compare 
Detailed RTL Component Info : 
+---XORs : 
	   2 Input      1 Bit         XORs := 5     
Module rd_status_flags_ss 
Detailed RTL Component Info : 
+---Registers : 
	                1 Bit    Registers := 2     
Module rd_fwft 
Detailed RTL Component Info : 
+---Registers : 
	                2 Bit    Registers := 1     
	                1 Bit    Registers := 6     
+---Muxes : 
	   2 Input      2 Bit        Muxes := 4     
	   5 Input      2 Bit        Muxes := 1     
	   3 Input      1 Bit        Muxes := 1     
	   2 Input      1 Bit        Muxes := 3     
	   4 Input      1 Bit        Muxes := 2     
Module wr_bin_cntr 
Detailed RTL Component Info : 
+---Adders : 
	   2 Input      5 Bit       Adders := 1     
+---Registers : 
	                5 Bit    Registers := 2     
Module wr_status_flags_ss 
Detailed RTL Component Info : 
+---Registers : 
	                1 Bit    Registers := 2     
Module reset_blk_ramfifo__xdcDup__1 
Detailed RTL Component Info : 
+---Registers : 
	                4 Bit    Registers := 1     
	                1 Bit    Registers := 3     
Module dmem__parameterized0 
Detailed RTL Component Info : 
+---Registers : 
	              133 Bit    Registers := 1     
Module memory__parameterized0 
Detailed RTL Component Info : 
+---Registers : 
	              133 Bit    Registers := 1     
---------------------------------------------------------------------------------
Finished RTL Hierarchical Component Statistics
---------------------------------------------------------------------------------
---------------------------------------------------------------------------------
Start Part Resource Summary
---------------------------------------------------------------------------------
Part Resources:
DSPs: 740 (col length:100)
BRAMs: 730 (col length: RAMB18 100 RAMB36 50)
---------------------------------------------------------------------------------
Finished Part Resource Summary
---------------------------------------------------------------------------------
---------------------------------------------------------------------------------
Start Cross Boundary and Area Optimization
---------------------------------------------------------------------------------
---------------------------------------------------------------------------------
Finished Cross Boundary and Area Optimization : Time (s): cpu = 00:00:30 ; elapsed = 00:01:30 . Memory (MB): peak = 1848.488 ; gain = 542.531 ; free physical = 3056 ; free virtual = 15998
---------------------------------------------------------------------------------
---------------------------------------------------------------------------------
Start ROM, RAM, DSP and Shift Register Reporting
---------------------------------------------------------------------------------

Distributed RAM: Preliminary Mapping  Report (see note below)
+------------------------------+-----------------------------------------------------------------------------------------------------------+----------------+----------------------+---------------+
|Module Name                   | RTL Object                                                                                                | Inference      | Size (Depth x Width) | Primitives    | 
+------------------------------+-----------------------------------------------------------------------------------------------------------+----------------+----------------------+---------------+
|inst/\gen_fifo.fifo_gen_inst  | inst_fifo_gen/gaxi_full_lite.gwrite_ch.gwdch2.axi_wdch/grf.rf/gntv_or_sync_fifo.mem/gdm.dm_gen.dm/RAM_reg | User Attribute | 32 x 146             | RAM32M x 25   | 
|inst/\gen_fifo.fifo_gen_inst  | inst_fifo_gen/gaxi_full_lite.gread_ch.grdch2.axi_rdch/grf.rf/gntv_or_sync_fifo.mem/gdm.dm_gen.dm/RAM_reg  | User Attribute | 32 x 133             | RAM32M x 23   | 
+------------------------------+-----------------------------------------------------------------------------------------------------------+----------------+----------------------+---------------+

Note: The table above is a preliminary report that shows the Distributed RAMs at the current stage of the synthesis flow. Some Distributed RAMs may be reimplemented as non Distributed RAM primitives later in the synthesis flow. Multiple instantiated RAMs are reported only once.
---------------------------------------------------------------------------------
Finished ROM, RAM, DSP and Shift Register Reporting
---------------------------------------------------------------------------------

Report RTL Partitions: 
+-+--------------+------------+----------+
| |RTL Partition |Replication |Instances |
+-+--------------+------------+----------+
+-+--------------+------------+----------+
---------------------------------------------------------------------------------
Start Applying XDC Timing Constraints
---------------------------------------------------------------------------------
---------------------------------------------------------------------------------
Finished Applying XDC Timing Constraints : Time (s): cpu = 00:00:35 ; elapsed = 00:01:41 . Memory (MB): peak = 1848.488 ; gain = 542.531 ; free physical = 3012 ; free virtual = 15955
---------------------------------------------------------------------------------
---------------------------------------------------------------------------------
Start Timing Optimization
---------------------------------------------------------------------------------
---------------------------------------------------------------------------------
Finished Timing Optimization : Time (s): cpu = 00:00:35 ; elapsed = 00:01:41 . Memory (MB): peak = 1848.488 ; gain = 542.531 ; free physical = 3007 ; free virtual = 15950
---------------------------------------------------------------------------------
---------------------------------------------------------------------------------
Start ROM, RAM, DSP and Shift Register Reporting
---------------------------------------------------------------------------------

Distributed RAM: Final Mapping  Report
+------------------------------+-----------------------------------------------------------------------------------------------------------+----------------+----------------------+---------------+
|Module Name                   | RTL Object                                                                                                | Inference      | Size (Depth x Width) | Primitives    | 
+------------------------------+-----------------------------------------------------------------------------------------------------------+----------------+----------------------+---------------+
|inst/\gen_fifo.fifo_gen_inst  | inst_fifo_gen/gaxi_full_lite.gwrite_ch.gwdch2.axi_wdch/grf.rf/gntv_or_sync_fifo.mem/gdm.dm_gen.dm/RAM_reg | User Attribute | 32 x 146             | RAM32M x 25   | 
|inst/\gen_fifo.fifo_gen_inst  | inst_fifo_gen/gaxi_full_lite.gread_ch.grdch2.axi_rdch/grf.rf/gntv_or_sync_fifo.mem/gdm.dm_gen.dm/RAM_reg  | User Attribute | 32 x 133             | RAM32M x 23   | 
+------------------------------+-----------------------------------------------------------------------------------------------------------+----------------+----------------------+---------------+

---------------------------------------------------------------------------------
Finished ROM, RAM, DSP and Shift Register Reporting
---------------------------------------------------------------------------------

Report RTL Partitions: 
+-+--------------+------------+----------+
| |RTL Partition |Replication |Instances |
+-+--------------+------------+----------+
+-+--------------+------------+----------+
---------------------------------------------------------------------------------
Start Technology Mapping
---------------------------------------------------------------------------------
---------------------------------------------------------------------------------
Finished Technology Mapping : Time (s): cpu = 00:00:35 ; elapsed = 00:01:41 . Memory (MB): peak = 1848.488 ; gain = 542.531 ; free physical = 3007 ; free virtual = 15949
---------------------------------------------------------------------------------

Report RTL Partitions: 
+-+--------------+------------+----------+
| |RTL Partition |Replication |Instances |
+-+--------------+------------+----------+
+-+--------------+------------+----------+
---------------------------------------------------------------------------------
Start IO Insertion
---------------------------------------------------------------------------------
---------------------------------------------------------------------------------
Start Flattening Before IO Insertion
---------------------------------------------------------------------------------
---------------------------------------------------------------------------------
Finished Flattening Before IO Insertion
---------------------------------------------------------------------------------
---------------------------------------------------------------------------------
Start Final Netlist Cleanup
---------------------------------------------------------------------------------
---------------------------------------------------------------------------------
Finished Final Netlist Cleanup
---------------------------------------------------------------------------------
---------------------------------------------------------------------------------
Finished IO Insertion : Time (s): cpu = 00:00:36 ; elapsed = 00:01:42 . Memory (MB): peak = 1848.488 ; gain = 542.531 ; free physical = 3007 ; free virtual = 15949
---------------------------------------------------------------------------------

Report Check Netlist: 
+------+------------------+-------+---------+-------+------------------+
|      |Item              |Errors |Warnings |Status |Description       |
+------+------------------+-------+---------+-------+------------------+
|1     |multi_driven_nets |      0|        0|Passed |Multi driven nets |
+------+------------------+-------+---------+-------+------------------+
---------------------------------------------------------------------------------
Start Renaming Generated Instances
---------------------------------------------------------------------------------
---------------------------------------------------------------------------------
Finished Renaming Generated Instances : Time (s): cpu = 00:00:36 ; elapsed = 00:01:42 . Memory (MB): peak = 1848.488 ; gain = 542.531 ; free physical = 3007 ; free virtual = 15949
---------------------------------------------------------------------------------

Report RTL Partitions: 
+-+--------------+------------+----------+
| |RTL Partition |Replication |Instances |
+-+--------------+------------+----------+
+-+--------------+------------+----------+
---------------------------------------------------------------------------------
Start Rebuilding User Hierarchy
---------------------------------------------------------------------------------
---------------------------------------------------------------------------------
Finished Rebuilding User Hierarchy : Time (s): cpu = 00:00:36 ; elapsed = 00:01:42 . Memory (MB): peak = 1848.488 ; gain = 542.531 ; free physical = 3007 ; free virtual = 15949
---------------------------------------------------------------------------------
---------------------------------------------------------------------------------
Start Renaming Generated Ports
---------------------------------------------------------------------------------
---------------------------------------------------------------------------------
Finished Renaming Generated Ports : Time (s): cpu = 00:00:36 ; elapsed = 00:01:42 . Memory (MB): peak = 1848.488 ; gain = 542.531 ; free physical = 3007 ; free virtual = 15949
---------------------------------------------------------------------------------
---------------------------------------------------------------------------------
Start Handling Custom Attributes
---------------------------------------------------------------------------------
---------------------------------------------------------------------------------
Finished Handling Custom Attributes : Time (s): cpu = 00:00:36 ; elapsed = 00:01:42 . Memory (MB): peak = 1848.488 ; gain = 542.531 ; free physical = 3007 ; free virtual = 15949
---------------------------------------------------------------------------------
---------------------------------------------------------------------------------
Start Renaming Generated Nets
---------------------------------------------------------------------------------
---------------------------------------------------------------------------------
Finished Renaming Generated Nets : Time (s): cpu = 00:00:36 ; elapsed = 00:01:42 . Memory (MB): peak = 1848.488 ; gain = 542.531 ; free physical = 3007 ; free virtual = 15949
---------------------------------------------------------------------------------
---------------------------------------------------------------------------------
Start Writing Synthesis Report
---------------------------------------------------------------------------------

Report BlackBoxes: 
+-+--------------+----------+
| |BlackBox name |Instances |
+-+--------------+----------+
+-+--------------+----------+

Report Cell Usage: 
+------+-------+------+
|      |Cell   |Count |
+------+-------+------+
|1     |LUT1   |    13|
|2     |LUT2   |     4|
|3     |LUT3   |     8|
|4     |LUT4   |    14|
|5     |LUT5   |    18|
|6     |LUT6   |    16|
|7     |RAM32M |    48|
|8     |FDCE   |    42|
|9     |FDPE   |    32|
|10    |FDRE   |   566|
+------+-------+------+

Report Instance Areas: 
+------+--------------------------------------------------------------------+---------------------------------------+------+
|      |Instance                                                            |Module                                 |Cells |
+------+--------------------------------------------------------------------+---------------------------------------+------+
|1     |top                                                                 |                                       |   761|
|2     |  inst                                                              |axi_data_fifo_v2_1_14_axi_data_fifo    |   761|
|3     |    \gen_fifo.fifo_gen_inst                                         |fifo_generator_v13_2_1                 |   761|
|4     |      inst_fifo_gen                                                 |fifo_generator_v13_2_1_synth           |   761|
|5     |        \gaxi_full_lite.gread_ch.grdch2.axi_rdch                    |fifo_generator_top__parameterized0     |   367|
|6     |          \grf.rf                                                   |fifo_generator_ramfifo__parameterized0 |   367|
|7     |            \gntv_or_sync_fifo.gl0.rd                               |rd_logic_0                             |    41|
|8     |              \gr1.gr1_int.rfwft                                    |rd_fwft_4                              |    18|
|9     |              \grss.rsts                                            |rd_status_flags_ss_5                   |     3|
|10    |              rpntr                                                 |rd_bin_cntr_6                          |    20|
|11    |            \gntv_or_sync_fifo.gl0.wr                               |wr_logic_1                             |    24|
|12    |              \gwss.wsts                                            |wr_status_flags_ss_2                   |     6|
|13    |              wpntr                                                 |wr_bin_cntr_3                          |    18|
|14    |            \gntv_or_sync_fifo.mem                                  |memory__parameterized0                 |   289|
|15    |              \gdm.dm_gen.dm                                        |dmem__parameterized0                   |   156|
|16    |            rstblk                                                  |reset_blk_ramfifo__xdcDup__1           |    13|
|17    |              \ngwrdrst.grst.g7serrst.gnsckt_wrst.rst_wr_reg2_inst  |xpm_cdc_async_rst                      |     2|
|18    |        \gaxi_full_lite.gwrite_ch.gwdch2.axi_wdch                   |fifo_generator_top                     |   394|
|19    |          \grf.rf                                                   |fifo_generator_ramfifo                 |   394|
|20    |            \gntv_or_sync_fifo.gl0.rd                               |rd_logic                               |    41|
|21    |              \gr1.gr1_int.rfwft                                    |rd_fwft                                |    18|
|22    |              \grss.rsts                                            |rd_status_flags_ss                     |     3|
|23    |              rpntr                                                 |rd_bin_cntr                            |    20|
|24    |            \gntv_or_sync_fifo.gl0.wr                               |wr_logic                               |    24|
|25    |              \gwss.wsts                                            |wr_status_flags_ss                     |     6|
|26    |              wpntr                                                 |wr_bin_cntr                            |    18|
|27    |            \gntv_or_sync_fifo.mem                                  |memory                                 |   317|
|28    |              \gdm.dm_gen.dm                                        |dmem                                   |   171|
|29    |            rstblk                                                  |reset_blk_ramfifo                      |    12|
|30    |              \ngwrdrst.grst.g7serrst.gnsckt_wrst.rst_wr_reg2_inst  |xpm_cdc_async_rst__2                   |     2|
+------+--------------------------------------------------------------------+---------------------------------------+------+
---------------------------------------------------------------------------------
Finished Writing Synthesis Report : Time (s): cpu = 00:00:36 ; elapsed = 00:01:42 . Memory (MB): peak = 1848.488 ; gain = 542.531 ; free physical = 3007 ; free virtual = 15949
---------------------------------------------------------------------------------
Synthesis finished with 0 errors, 0 critical warnings and 271 warnings.
Synthesis Optimization Runtime : Time (s): cpu = 00:00:28 ; elapsed = 00:01:10 . Memory (MB): peak = 1848.488 ; gain = 210.535 ; free physical = 3061 ; free virtual = 16003
Synthesis Optimization Complete : Time (s): cpu = 00:00:36 ; elapsed = 00:01:42 . Memory (MB): peak = 1848.488 ; gain = 542.531 ; free physical = 3065 ; free virtual = 16008
INFO: [Project 1-571] Translating synthesized netlist
INFO: [Netlist 29-17] Analyzing 48 Unisim elements for replacement
INFO: [Netlist 29-28] Unisim Transformation completed in 0 CPU seconds
INFO: [Project 1-570] Preparing netlist for logic optimization
Sourcing Tcl File [/home/Xilinx/Vivado/2017.4/data/ip/xpm/xpm_cdc/tcl/xpm_cdc_async_rst.tcl] for cell 'inst/gen_fifo.fifo_gen_inst/inst_fifo_gen/gaxi_full_lite.gread_ch.grdch2.axi_rdch/grf.rf/rstblk/ngwrdrst.grst.g7serrst.gnsckt_wrst.rst_wr_reg2_inst'
INFO: [Timing 38-35] Done setting XDC timing constraints. [/home/Xilinx/Vivado/2017.4/data/ip/xpm/xpm_cdc/tcl/xpm_cdc_async_rst.tcl:2]
all_registers: Time (s): cpu = 00:00:06 ; elapsed = 00:00:29 . Memory (MB): peak = 2340.852 ; gain = 492.363 ; free physical = 2619 ; free virtual = 15562
Finished Sourcing Tcl File [/home/Xilinx/Vivado/2017.4/data/ip/xpm/xpm_cdc/tcl/xpm_cdc_async_rst.tcl] for cell 'inst/gen_fifo.fifo_gen_inst/inst_fifo_gen/gaxi_full_lite.gread_ch.grdch2.axi_rdch/grf.rf/rstblk/ngwrdrst.grst.g7serrst.gnsckt_wrst.rst_wr_reg2_inst'
Sourcing Tcl File [/home/Xilinx/Vivado/2017.4/data/ip/xpm/xpm_cdc/tcl/xpm_cdc_async_rst.tcl] for cell 'inst/gen_fifo.fifo_gen_inst/inst_fifo_gen/gaxi_full_lite.gwrite_ch.gwdch2.axi_wdch/grf.rf/rstblk/ngwrdrst.grst.g7serrst.gnsckt_wrst.rst_wr_reg2_inst'
Finished Sourcing Tcl File [/home/Xilinx/Vivado/2017.4/data/ip/xpm/xpm_cdc/tcl/xpm_cdc_async_rst.tcl] for cell 'inst/gen_fifo.fifo_gen_inst/inst_fifo_gen/gaxi_full_lite.gwrite_ch.gwdch2.axi_wdch/grf.rf/rstblk/ngwrdrst.grst.g7serrst.gnsckt_wrst.rst_wr_reg2_inst'
INFO: [Opt 31-138] Pushed 0 inverter(s) to 0 load pin(s).
INFO: [Project 1-111] Unisim Transformation Summary:
  A total of 48 instances were transformed.
  RAM32M => RAM32M (RAMD32, RAMD32, RAMD32, RAMD32, RAMD32, RAMD32, RAMS32, RAMS32): 48 instances

INFO: [Common 17-83] Releasing license: Synthesis
22 Infos, 100 Warnings, 0 Critical Warnings and 0 Errors encountered.
synth_design completed successfully
synth_design: Time (s): cpu = 00:00:43 ; elapsed = 00:02:12 . Memory (MB): peak = 2340.855 ; gain = 1059.723 ; free physical = 2680 ; free virtual = 15623
INFO: [Common 17-1381] The checkpoint '/home/akayashima/H31_Xilinx/Img-processing-sim/Multiple-Core.runs/design_1_s02_data_fifo_0_synth_1/design_1_s02_data_fifo_0.dcp' has been generated.
