
*** Running vivado
    with args -log design_1_mailbox_0_0.vds -m64 -product Vivado -mode batch -messageDb vivado.pb -notrace -source design_1_mailbox_0_0.tcl


****** Vivado v2017.4 (64-bit)
  **** SW Build 2086221 on Fri Dec 15 20:54:30 MST 2017
  **** IP Build 2085800 on Fri Dec 15 22:25:07 MST 2017
    ** Copyright 1986-2017 Xilinx, Inc. All Rights Reserved.

source design_1_mailbox_0_0.tcl -notrace
Command: synth_design -top design_1_mailbox_0_0 -part xc7a200tsbg484-1 -mode out_of_context
Starting synth_design
Attempting to get a license for feature 'Synthesis' and/or device 'xc7a200t'
INFO: [Common 17-349] Got license for feature 'Synthesis' and/or device 'xc7a200t'
INFO: Launching helper process for spawning children vivado processes
INFO: Helper process launched with PID 5329 
---------------------------------------------------------------------------------
Starting RTL Elaboration : Time (s): cpu = 00:00:06 ; elapsed = 00:00:07 . Memory (MB): peak = 1388.953 ; gain = 85.996 ; free physical = 9690 ; free virtual = 20449
---------------------------------------------------------------------------------
INFO: [Synth 8-638] synthesizing module 'design_1_mailbox_0_0' [/home/akayashima/H30_Xilinx/Multiple-Core-v2/Multiple-Core.srcs/sources_1/bd/design_1/ip/design_1_mailbox_0_0/synth/design_1_mailbox_0_0.vhd:104]
	Parameter C_FAMILY bound to: artix7 - type: string 
	Parameter C_EXT_RESET_HIGH bound to: 1 - type: integer 
	Parameter C_ENABLE_BUS_ERROR bound to: 0 - type: integer 
	Parameter C_S0_AXI_BASEADDR bound to: 32'b01000011011000000000000000000000 
	Parameter C_S0_AXI_HIGHADDR bound to: 32'b01000011011000001111111111111111 
	Parameter C_S0_AXI_ADDR_WIDTH bound to: 32 - type: integer 
	Parameter C_S0_AXI_DATA_WIDTH bound to: 32 - type: integer 
	Parameter C_S1_AXI_BASEADDR bound to: 32'b01000011011000010000000000000000 
	Parameter C_S1_AXI_HIGHADDR bound to: 32'b01000011011000011111111111111111 
	Parameter C_S1_AXI_ADDR_WIDTH bound to: 32 - type: integer 
	Parameter C_S1_AXI_DATA_WIDTH bound to: 32 - type: integer 
	Parameter C_M0_AXIS_DATA_WIDTH bound to: 32 - type: integer 
	Parameter C_S0_AXIS_DATA_WIDTH bound to: 32 - type: integer 
	Parameter C_M1_AXIS_DATA_WIDTH bound to: 32 - type: integer 
	Parameter C_S1_AXIS_DATA_WIDTH bound to: 32 - type: integer 
	Parameter C_ASYNC_CLKS bound to: 0 - type: integer 
	Parameter C_NUM_SYNC_FF bound to: 2 - type: integer 
	Parameter C_IMPL_STYLE bound to: 0 - type: integer 
	Parameter C_INTERCONNECT_PORT_0 bound to: 2 - type: integer 
	Parameter C_INTERCONNECT_PORT_1 bound to: 2 - type: integer 
	Parameter C_MAILBOX_DEPTH bound to: 128 - type: integer 
INFO: [Synth 8-3491] module 'mailbox' declared at '/home/akayashima/H30_Xilinx/Multiple-Core-v2/Multiple-Core.srcs/sources_1/bd/design_1/ipshared/1143/hdl/mailbox_v2_1_vh_rfs.vhd:2679' bound to instance 'U0' of component 'mailbox' [/home/akayashima/H30_Xilinx/Multiple-Core-v2/Multiple-Core.srcs/sources_1/bd/design_1/ip/design_1_mailbox_0_0/synth/design_1_mailbox_0_0.vhd:253]
INFO: [Synth 8-638] synthesizing module 'mailbox' [/home/akayashima/H30_Xilinx/Multiple-Core-v2/Multiple-Core.srcs/sources_1/bd/design_1/ipshared/1143/hdl/mailbox_v2_1_vh_rfs.vhd:2800]
	Parameter C_FAMILY bound to: artix7 - type: string 
	Parameter C_EXT_RESET_HIGH bound to: 1 - type: integer 
	Parameter C_ENABLE_BUS_ERROR bound to: 0 - type: integer 
	Parameter C_S0_AXI_BASEADDR bound to: 1130364928 - type: integer 
	Parameter C_S0_AXI_HIGHADDR bound to: 1130430463 - type: integer 
	Parameter C_S0_AXI_ADDR_WIDTH bound to: 32 - type: integer 
	Parameter C_S0_AXI_DATA_WIDTH bound to: 32 - type: integer 
	Parameter C_S1_AXI_BASEADDR bound to: 1130430464 - type: integer 
	Parameter C_S1_AXI_HIGHADDR bound to: 1130495999 - type: integer 
	Parameter C_S1_AXI_ADDR_WIDTH bound to: 32 - type: integer 
	Parameter C_S1_AXI_DATA_WIDTH bound to: 32 - type: integer 
	Parameter C_M0_AXIS_DATA_WIDTH bound to: 32 - type: integer 
	Parameter C_S0_AXIS_DATA_WIDTH bound to: 32 - type: integer 
	Parameter C_M1_AXIS_DATA_WIDTH bound to: 32 - type: integer 
	Parameter C_S1_AXIS_DATA_WIDTH bound to: 32 - type: integer 
	Parameter C_ASYNC_CLKS bound to: 0 - type: integer 
	Parameter C_NUM_SYNC_FF bound to: 2 - type: integer 
	Parameter C_IMPL_STYLE bound to: 0 - type: integer 
	Parameter C_INTERCONNECT_PORT_0 bound to: 2 - type: integer 
	Parameter C_INTERCONNECT_PORT_1 bound to: 2 - type: integer 
	Parameter C_MAILBOX_DEPTH bound to: 128 - type: integer 
INFO: [Synth 8-5534] Detected attribute (* async_reg = "TRUE" *) [/home/akayashima/H30_Xilinx/Multiple-Core-v2/Multiple-Core.srcs/sources_1/bd/design_1/ipshared/1143/hdl/mailbox_v2_1_vh_rfs.vhd:3153]
INFO: [Synth 8-5534] Detected attribute (* async_reg = "TRUE" *) [/home/akayashima/H30_Xilinx/Multiple-Core-v2/Multiple-Core.srcs/sources_1/bd/design_1/ipshared/1143/hdl/mailbox_v2_1_vh_rfs.vhd:3154]
	Parameter C_FAMILY bound to: artix7 - type: string 
	Parameter C_ENABLE_BUS_ERROR bound to: 0 - type: integer 
	Parameter C_FIFO_LENGTH_WIDTH bound to: 7 - type: integer 
	Parameter C_INTERCONNECT bound to: 2 - type: integer 
	Parameter C_ASYNC_CLKS bound to: 0 - type: integer 
	Parameter C_NUM_SYNC_FF bound to: 2 - type: integer 
	Parameter C_FSL_DWIDTH bound to: 32 - type: integer 
	Parameter C_S_AXI_BASEADDR bound to: 1130364928 - type: integer 
	Parameter C_S_AXI_HIGHADDR bound to: 1130430463 - type: integer 
	Parameter C_S_AXI_ADDR_WIDTH bound to: 32 - type: integer 
	Parameter C_S_AXI_DATA_WIDTH bound to: 32 - type: integer 
INFO: [Synth 8-3491] module 'if_decode' declared at '/home/akayashima/H30_Xilinx/Multiple-Core-v2/Multiple-Core.srcs/sources_1/bd/design_1/ipshared/1143/hdl/mailbox_v2_1_vh_rfs.vhd:1973' bound to instance 'Bus0_If' of component 'if_decode' [/home/akayashima/H30_Xilinx/Multiple-Core-v2/Multiple-Core.srcs/sources_1/bd/design_1/ipshared/1143/hdl/mailbox_v2_1_vh_rfs.vhd:3186]
INFO: [Synth 8-638] synthesizing module 'if_decode' [/home/akayashima/H30_Xilinx/Multiple-Core-v2/Multiple-Core.srcs/sources_1/bd/design_1/ipshared/1143/hdl/mailbox_v2_1_vh_rfs.vhd:2044]
	Parameter C_FAMILY bound to: artix7 - type: string 
	Parameter C_ENABLE_BUS_ERROR bound to: 0 - type: integer 
	Parameter C_FIFO_LENGTH_WIDTH bound to: 7 - type: integer 
	Parameter C_INTERCONNECT bound to: 2 - type: integer 
	Parameter C_ASYNC_CLKS bound to: 0 - type: integer 
	Parameter C_NUM_SYNC_FF bound to: 2 - type: integer 
	Parameter C_FSL_DWIDTH bound to: 32 - type: integer 
	Parameter C_S_AXI_BASEADDR bound to: 1130364928 - type: integer 
	Parameter C_S_AXI_HIGHADDR bound to: 1130430463 - type: integer 
	Parameter C_S_AXI_ADDR_WIDTH bound to: 32 - type: integer 
	Parameter C_S_AXI_DATA_WIDTH bound to: 32 - type: integer 
	Parameter C_S_AXI_DATA_WIDTH bound to: 32 - type: integer 
	Parameter C_S_AXI_ADDR_WIDTH bound to: 32 - type: integer 
	Parameter C_S_AXI_MIN_SIZE bound to: 32'b00000000000000000000111111111111 
	Parameter C_USE_WSTRB bound to: 0 - type: integer 
	Parameter C_DPHASE_TIMEOUT bound to: 16 - type: integer 
	Parameter C_ARD_ADDR_RANGE_ARRAY bound to: 128'b00000000000000000000000000000000010000110110000000000000000000000000000000000000000000000000000001000011011000000000000000110111 
	Parameter C_ARD_NUM_CE_ARRAY bound to: 32'b00000000000000000000000000001100 
	Parameter C_FAMILY bound to: artix7 - type: string 
INFO: [Synth 8-3491] module 'axi_lite_ipif' declared at '/home/akayashima/H30_Xilinx/Multiple-Core-v2/Multiple-Core.srcs/sources_1/bd/design_1/ipshared/cced/hdl/axi_lite_ipif_v3_0_vh_rfs.vhd:2868' bound to instance 'AXI4_If' of component 'axi_lite_ipif' [/home/akayashima/H30_Xilinx/Multiple-Core-v2/Multiple-Core.srcs/sources_1/bd/design_1/ipshared/1143/hdl/mailbox_v2_1_vh_rfs.vhd:2258]
INFO: [Synth 8-638] synthesizing module 'axi_lite_ipif' [/home/akayashima/H30_Xilinx/Multiple-Core-v2/Multiple-Core.srcs/sources_1/bd/design_1/ipshared/cced/hdl/axi_lite_ipif_v3_0_vh_rfs.vhd:2948]
	Parameter C_S_AXI_DATA_WIDTH bound to: 32 - type: integer 
	Parameter C_S_AXI_ADDR_WIDTH bound to: 32 - type: integer 
	Parameter C_S_AXI_MIN_SIZE bound to: 4095 - type: integer 
	Parameter C_USE_WSTRB bound to: 0 - type: integer 
	Parameter C_DPHASE_TIMEOUT bound to: 16 - type: integer 
	Parameter C_ARD_ADDR_RANGE_ARRAY bound to: 128'b00000000000000000000000000000000010000110110000000000000000000000000000000000000000000000000000001000011011000000000000000110111 
	Parameter C_ARD_NUM_CE_ARRAY bound to: 32'b00000000000000000000000000001100 
	Parameter C_FAMILY bound to: artix7 - type: string 
INFO: [Synth 8-638] synthesizing module 'slave_attachment' [/home/akayashima/H30_Xilinx/Multiple-Core-v2/Multiple-Core.srcs/sources_1/bd/design_1/ipshared/cced/hdl/axi_lite_ipif_v3_0_vh_rfs.vhd:2341]
	Parameter C_ARD_ADDR_RANGE_ARRAY bound to: 128'b00000000000000000000000000000000010000110110000000000000000000000000000000000000000000000000000001000011011000000000000000110111 
	Parameter C_ARD_NUM_CE_ARRAY bound to: 32'b00000000000000000000000000001100 
	Parameter C_IPIF_ABUS_WIDTH bound to: 32 - type: integer 
	Parameter C_IPIF_DBUS_WIDTH bound to: 32 - type: integer 
	Parameter C_S_AXI_MIN_SIZE bound to: 4095 - type: integer 
	Parameter C_USE_WSTRB bound to: 0 - type: integer 
	Parameter C_DPHASE_TIMEOUT bound to: 16 - type: integer 
	Parameter C_FAMILY bound to: artix7 - type: string 
INFO: [Synth 8-638] synthesizing module 'address_decoder' [/home/akayashima/H30_Xilinx/Multiple-Core-v2/Multiple-Core.srcs/sources_1/bd/design_1/ipshared/cced/hdl/axi_lite_ipif_v3_0_vh_rfs.vhd:1775]
	Parameter C_BUS_AWIDTH bound to: 12 - type: integer 
	Parameter C_S_AXI_MIN_SIZE bound to: 4095 - type: integer 
	Parameter C_ARD_ADDR_RANGE_ARRAY bound to: 128'b00000000000000000000000000000000010000110110000000000000000000000000000000000000000000000000000001000011011000000000000000110111 
	Parameter C_ARD_NUM_CE_ARRAY bound to: 32'b00000000000000000000000000001100 
	Parameter C_FAMILY bound to: nofamily - type: string 
INFO: [Synth 8-638] synthesizing module 'pselect_f' [/home/akayashima/H30_Xilinx/Multiple-Core-v2/Multiple-Core.srcs/sources_1/bd/design_1/ipshared/cced/hdl/axi_lite_ipif_v3_0_vh_rfs.vhd:1534]
	Parameter C_AB bound to: 4 - type: integer 
	Parameter C_AW bound to: 4 - type: integer 
	Parameter C_BAR bound to: 4'b0000 
	Parameter C_FAMILY bound to: nofamily - type: string 
INFO: [Synth 8-256] done synthesizing module 'pselect_f' (1#1) [/home/akayashima/H30_Xilinx/Multiple-Core-v2/Multiple-Core.srcs/sources_1/bd/design_1/ipshared/cced/hdl/axi_lite_ipif_v3_0_vh_rfs.vhd:1534]
INFO: [Synth 8-638] synthesizing module 'pselect_f__parameterized0' [/home/akayashima/H30_Xilinx/Multiple-Core-v2/Multiple-Core.srcs/sources_1/bd/design_1/ipshared/cced/hdl/axi_lite_ipif_v3_0_vh_rfs.vhd:1534]
	Parameter C_AB bound to: 4 - type: integer 
	Parameter C_AW bound to: 4 - type: integer 
	Parameter C_BAR bound to: 4'b0001 
	Parameter C_FAMILY bound to: nofamily - type: string 
INFO: [Synth 8-256] done synthesizing module 'pselect_f__parameterized0' (1#1) [/home/akayashima/H30_Xilinx/Multiple-Core-v2/Multiple-Core.srcs/sources_1/bd/design_1/ipshared/cced/hdl/axi_lite_ipif_v3_0_vh_rfs.vhd:1534]
INFO: [Synth 8-638] synthesizing module 'pselect_f__parameterized1' [/home/akayashima/H30_Xilinx/Multiple-Core-v2/Multiple-Core.srcs/sources_1/bd/design_1/ipshared/cced/hdl/axi_lite_ipif_v3_0_vh_rfs.vhd:1534]
	Parameter C_AB bound to: 4 - type: integer 
	Parameter C_AW bound to: 4 - type: integer 
	Parameter C_BAR bound to: 4'b0010 
	Parameter C_FAMILY bound to: nofamily - type: string 
INFO: [Synth 8-256] done synthesizing module 'pselect_f__parameterized1' (1#1) [/home/akayashima/H30_Xilinx/Multiple-Core-v2/Multiple-Core.srcs/sources_1/bd/design_1/ipshared/cced/hdl/axi_lite_ipif_v3_0_vh_rfs.vhd:1534]
INFO: [Synth 8-638] synthesizing module 'pselect_f__parameterized2' [/home/akayashima/H30_Xilinx/Multiple-Core-v2/Multiple-Core.srcs/sources_1/bd/design_1/ipshared/cced/hdl/axi_lite_ipif_v3_0_vh_rfs.vhd:1534]
	Parameter C_AB bound to: 4 - type: integer 
	Parameter C_AW bound to: 4 - type: integer 
	Parameter C_BAR bound to: 4'b0011 
	Parameter C_FAMILY bound to: nofamily - type: string 
INFO: [Synth 8-256] done synthesizing module 'pselect_f__parameterized2' (1#1) [/home/akayashima/H30_Xilinx/Multiple-Core-v2/Multiple-Core.srcs/sources_1/bd/design_1/ipshared/cced/hdl/axi_lite_ipif_v3_0_vh_rfs.vhd:1534]
INFO: [Synth 8-638] synthesizing module 'pselect_f__parameterized3' [/home/akayashima/H30_Xilinx/Multiple-Core-v2/Multiple-Core.srcs/sources_1/bd/design_1/ipshared/cced/hdl/axi_lite_ipif_v3_0_vh_rfs.vhd:1534]
	Parameter C_AB bound to: 4 - type: integer 
	Parameter C_AW bound to: 4 - type: integer 
	Parameter C_BAR bound to: 4'b0100 
	Parameter C_FAMILY bound to: nofamily - type: string 
INFO: [Synth 8-256] done synthesizing module 'pselect_f__parameterized3' (1#1) [/home/akayashima/H30_Xilinx/Multiple-Core-v2/Multiple-Core.srcs/sources_1/bd/design_1/ipshared/cced/hdl/axi_lite_ipif_v3_0_vh_rfs.vhd:1534]
INFO: [Synth 8-638] synthesizing module 'pselect_f__parameterized4' [/home/akayashima/H30_Xilinx/Multiple-Core-v2/Multiple-Core.srcs/sources_1/bd/design_1/ipshared/cced/hdl/axi_lite_ipif_v3_0_vh_rfs.vhd:1534]
	Parameter C_AB bound to: 4 - type: integer 
	Parameter C_AW bound to: 4 - type: integer 
	Parameter C_BAR bound to: 4'b0101 
	Parameter C_FAMILY bound to: nofamily - type: string 
INFO: [Synth 8-256] done synthesizing module 'pselect_f__parameterized4' (1#1) [/home/akayashima/H30_Xilinx/Multiple-Core-v2/Multiple-Core.srcs/sources_1/bd/design_1/ipshared/cced/hdl/axi_lite_ipif_v3_0_vh_rfs.vhd:1534]
INFO: [Synth 8-638] synthesizing module 'pselect_f__parameterized5' [/home/akayashima/H30_Xilinx/Multiple-Core-v2/Multiple-Core.srcs/sources_1/bd/design_1/ipshared/cced/hdl/axi_lite_ipif_v3_0_vh_rfs.vhd:1534]
	Parameter C_AB bound to: 4 - type: integer 
	Parameter C_AW bound to: 4 - type: integer 
	Parameter C_BAR bound to: 4'b0110 
	Parameter C_FAMILY bound to: nofamily - type: string 
INFO: [Synth 8-256] done synthesizing module 'pselect_f__parameterized5' (1#1) [/home/akayashima/H30_Xilinx/Multiple-Core-v2/Multiple-Core.srcs/sources_1/bd/design_1/ipshared/cced/hdl/axi_lite_ipif_v3_0_vh_rfs.vhd:1534]
INFO: [Synth 8-638] synthesizing module 'pselect_f__parameterized6' [/home/akayashima/H30_Xilinx/Multiple-Core-v2/Multiple-Core.srcs/sources_1/bd/design_1/ipshared/cced/hdl/axi_lite_ipif_v3_0_vh_rfs.vhd:1534]
	Parameter C_AB bound to: 4 - type: integer 
	Parameter C_AW bound to: 4 - type: integer 
	Parameter C_BAR bound to: 4'b0111 
	Parameter C_FAMILY bound to: nofamily - type: string 
INFO: [Synth 8-256] done synthesizing module 'pselect_f__parameterized6' (1#1) [/home/akayashima/H30_Xilinx/Multiple-Core-v2/Multiple-Core.srcs/sources_1/bd/design_1/ipshared/cced/hdl/axi_lite_ipif_v3_0_vh_rfs.vhd:1534]
INFO: [Synth 8-638] synthesizing module 'pselect_f__parameterized7' [/home/akayashima/H30_Xilinx/Multiple-Core-v2/Multiple-Core.srcs/sources_1/bd/design_1/ipshared/cced/hdl/axi_lite_ipif_v3_0_vh_rfs.vhd:1534]
	Parameter C_AB bound to: 4 - type: integer 
	Parameter C_AW bound to: 4 - type: integer 
	Parameter C_BAR bound to: 4'b1000 
	Parameter C_FAMILY bound to: nofamily - type: string 
INFO: [Synth 8-256] done synthesizing module 'pselect_f__parameterized7' (1#1) [/home/akayashima/H30_Xilinx/Multiple-Core-v2/Multiple-Core.srcs/sources_1/bd/design_1/ipshared/cced/hdl/axi_lite_ipif_v3_0_vh_rfs.vhd:1534]
INFO: [Synth 8-638] synthesizing module 'pselect_f__parameterized8' [/home/akayashima/H30_Xilinx/Multiple-Core-v2/Multiple-Core.srcs/sources_1/bd/design_1/ipshared/cced/hdl/axi_lite_ipif_v3_0_vh_rfs.vhd:1534]
	Parameter C_AB bound to: 4 - type: integer 
	Parameter C_AW bound to: 4 - type: integer 
	Parameter C_BAR bound to: 4'b1001 
	Parameter C_FAMILY bound to: nofamily - type: string 
INFO: [Synth 8-256] done synthesizing module 'pselect_f__parameterized8' (1#1) [/home/akayashima/H30_Xilinx/Multiple-Core-v2/Multiple-Core.srcs/sources_1/bd/design_1/ipshared/cced/hdl/axi_lite_ipif_v3_0_vh_rfs.vhd:1534]
INFO: [Synth 8-638] synthesizing module 'pselect_f__parameterized9' [/home/akayashima/H30_Xilinx/Multiple-Core-v2/Multiple-Core.srcs/sources_1/bd/design_1/ipshared/cced/hdl/axi_lite_ipif_v3_0_vh_rfs.vhd:1534]
	Parameter C_AB bound to: 4 - type: integer 
	Parameter C_AW bound to: 4 - type: integer 
	Parameter C_BAR bound to: 4'b1010 
	Parameter C_FAMILY bound to: nofamily - type: string 
INFO: [Synth 8-256] done synthesizing module 'pselect_f__parameterized9' (1#1) [/home/akayashima/H30_Xilinx/Multiple-Core-v2/Multiple-Core.srcs/sources_1/bd/design_1/ipshared/cced/hdl/axi_lite_ipif_v3_0_vh_rfs.vhd:1534]
INFO: [Synth 8-638] synthesizing module 'pselect_f__parameterized10' [/home/akayashima/H30_Xilinx/Multiple-Core-v2/Multiple-Core.srcs/sources_1/bd/design_1/ipshared/cced/hdl/axi_lite_ipif_v3_0_vh_rfs.vhd:1534]
	Parameter C_AB bound to: 4 - type: integer 
	Parameter C_AW bound to: 4 - type: integer 
	Parameter C_BAR bound to: 4'b1011 
	Parameter C_FAMILY bound to: nofamily - type: string 
INFO: [Synth 8-256] done synthesizing module 'pselect_f__parameterized10' (1#1) [/home/akayashima/H30_Xilinx/Multiple-Core-v2/Multiple-Core.srcs/sources_1/bd/design_1/ipshared/cced/hdl/axi_lite_ipif_v3_0_vh_rfs.vhd:1534]
INFO: [Synth 8-256] done synthesizing module 'address_decoder' (2#1) [/home/akayashima/H30_Xilinx/Multiple-Core-v2/Multiple-Core.srcs/sources_1/bd/design_1/ipshared/cced/hdl/axi_lite_ipif_v3_0_vh_rfs.vhd:1775]
INFO: [Synth 8-226] default block is never used [/home/akayashima/H30_Xilinx/Multiple-Core-v2/Multiple-Core.srcs/sources_1/bd/design_1/ipshared/cced/hdl/axi_lite_ipif_v3_0_vh_rfs.vhd:2550]
INFO: [Synth 8-256] done synthesizing module 'slave_attachment' (3#1) [/home/akayashima/H30_Xilinx/Multiple-Core-v2/Multiple-Core.srcs/sources_1/bd/design_1/ipshared/cced/hdl/axi_lite_ipif_v3_0_vh_rfs.vhd:2341]
INFO: [Synth 8-256] done synthesizing module 'axi_lite_ipif' (4#1) [/home/akayashima/H30_Xilinx/Multiple-Core-v2/Multiple-Core.srcs/sources_1/bd/design_1/ipshared/cced/hdl/axi_lite_ipif_v3_0_vh_rfs.vhd:2948]
WARNING: [Synth 8-6014] Unused sequential element fsl_s_reset_count_reg was removed.  [/home/akayashima/H30_Xilinx/Multiple-Core-v2/Multiple-Core.srcs/sources_1/bd/design_1/ipshared/1143/hdl/mailbox_v2_1_vh_rfs.vhd:2501]
WARNING: [Synth 8-6014] Unused sequential element fsl_m_reset_count_reg was removed.  [/home/akayashima/H30_Xilinx/Multiple-Core-v2/Multiple-Core.srcs/sources_1/bd/design_1/ipshared/1143/hdl/mailbox_v2_1_vh_rfs.vhd:2502]
INFO: [Synth 8-256] done synthesizing module 'if_decode' (5#1) [/home/akayashima/H30_Xilinx/Multiple-Core-v2/Multiple-Core.srcs/sources_1/bd/design_1/ipshared/1143/hdl/mailbox_v2_1_vh_rfs.vhd:2044]
	Parameter C_FAMILY bound to: artix7 - type: string 
	Parameter C_ENABLE_BUS_ERROR bound to: 0 - type: integer 
	Parameter C_FIFO_LENGTH_WIDTH bound to: 7 - type: integer 
	Parameter C_INTERCONNECT bound to: 2 - type: integer 
	Parameter C_ASYNC_CLKS bound to: 0 - type: integer 
	Parameter C_NUM_SYNC_FF bound to: 2 - type: integer 
	Parameter C_FSL_DWIDTH bound to: 32 - type: integer 
	Parameter C_S_AXI_BASEADDR bound to: 1130430464 - type: integer 
	Parameter C_S_AXI_HIGHADDR bound to: 1130495999 - type: integer 
	Parameter C_S_AXI_ADDR_WIDTH bound to: 32 - type: integer 
	Parameter C_S_AXI_DATA_WIDTH bound to: 32 - type: integer 
INFO: [Synth 8-3491] module 'if_decode' declared at '/home/akayashima/H30_Xilinx/Multiple-Core-v2/Multiple-Core.srcs/sources_1/bd/design_1/ipshared/1143/hdl/mailbox_v2_1_vh_rfs.vhd:1973' bound to instance 'Bus1_If' of component 'if_decode' [/home/akayashima/H30_Xilinx/Multiple-Core-v2/Multiple-Core.srcs/sources_1/bd/design_1/ipshared/1143/hdl/mailbox_v2_1_vh_rfs.vhd:3302]
INFO: [Synth 8-638] synthesizing module 'if_decode__parameterized1' [/home/akayashima/H30_Xilinx/Multiple-Core-v2/Multiple-Core.srcs/sources_1/bd/design_1/ipshared/1143/hdl/mailbox_v2_1_vh_rfs.vhd:2044]
	Parameter C_FAMILY bound to: artix7 - type: string 
	Parameter C_ENABLE_BUS_ERROR bound to: 0 - type: integer 
	Parameter C_FIFO_LENGTH_WIDTH bound to: 7 - type: integer 
	Parameter C_INTERCONNECT bound to: 2 - type: integer 
	Parameter C_ASYNC_CLKS bound to: 0 - type: integer 
	Parameter C_NUM_SYNC_FF bound to: 2 - type: integer 
	Parameter C_FSL_DWIDTH bound to: 32 - type: integer 
	Parameter C_S_AXI_BASEADDR bound to: 1130430464 - type: integer 
	Parameter C_S_AXI_HIGHADDR bound to: 1130495999 - type: integer 
	Parameter C_S_AXI_ADDR_WIDTH bound to: 32 - type: integer 
	Parameter C_S_AXI_DATA_WIDTH bound to: 32 - type: integer 
	Parameter C_S_AXI_DATA_WIDTH bound to: 32 - type: integer 
	Parameter C_S_AXI_ADDR_WIDTH bound to: 32 - type: integer 
	Parameter C_S_AXI_MIN_SIZE bound to: 32'b00000000000000000000111111111111 
	Parameter C_USE_WSTRB bound to: 0 - type: integer 
	Parameter C_DPHASE_TIMEOUT bound to: 16 - type: integer 
	Parameter C_ARD_ADDR_RANGE_ARRAY bound to: 128'b00000000000000000000000000000000010000110110000100000000000000000000000000000000000000000000000001000011011000010000000000110111 
	Parameter C_ARD_NUM_CE_ARRAY bound to: 32'b00000000000000000000000000001100 
	Parameter C_FAMILY bound to: artix7 - type: string 
INFO: [Synth 8-3491] module 'axi_lite_ipif' declared at '/home/akayashima/H30_Xilinx/Multiple-Core-v2/Multiple-Core.srcs/sources_1/bd/design_1/ipshared/cced/hdl/axi_lite_ipif_v3_0_vh_rfs.vhd:2868' bound to instance 'AXI4_If' of component 'axi_lite_ipif' [/home/akayashima/H30_Xilinx/Multiple-Core-v2/Multiple-Core.srcs/sources_1/bd/design_1/ipshared/1143/hdl/mailbox_v2_1_vh_rfs.vhd:2258]
INFO: [Synth 8-638] synthesizing module 'axi_lite_ipif__parameterized1' [/home/akayashima/H30_Xilinx/Multiple-Core-v2/Multiple-Core.srcs/sources_1/bd/design_1/ipshared/cced/hdl/axi_lite_ipif_v3_0_vh_rfs.vhd:2948]
	Parameter C_S_AXI_DATA_WIDTH bound to: 32 - type: integer 
	Parameter C_S_AXI_ADDR_WIDTH bound to: 32 - type: integer 
	Parameter C_S_AXI_MIN_SIZE bound to: 4095 - type: integer 
	Parameter C_USE_WSTRB bound to: 0 - type: integer 
	Parameter C_DPHASE_TIMEOUT bound to: 16 - type: integer 
	Parameter C_ARD_ADDR_RANGE_ARRAY bound to: 128'b00000000000000000000000000000000010000110110000100000000000000000000000000000000000000000000000001000011011000010000000000110111 
	Parameter C_ARD_NUM_CE_ARRAY bound to: 32'b00000000000000000000000000001100 
	Parameter C_FAMILY bound to: artix7 - type: string 
INFO: [Synth 8-638] synthesizing module 'slave_attachment__parameterized0' [/home/akayashima/H30_Xilinx/Multiple-Core-v2/Multiple-Core.srcs/sources_1/bd/design_1/ipshared/cced/hdl/axi_lite_ipif_v3_0_vh_rfs.vhd:2341]
	Parameter C_ARD_ADDR_RANGE_ARRAY bound to: 128'b00000000000000000000000000000000010000110110000100000000000000000000000000000000000000000000000001000011011000010000000000110111 
	Parameter C_ARD_NUM_CE_ARRAY bound to: 32'b00000000000000000000000000001100 
	Parameter C_IPIF_ABUS_WIDTH bound to: 32 - type: integer 
	Parameter C_IPIF_DBUS_WIDTH bound to: 32 - type: integer 
	Parameter C_S_AXI_MIN_SIZE bound to: 4095 - type: integer 
	Parameter C_USE_WSTRB bound to: 0 - type: integer 
	Parameter C_DPHASE_TIMEOUT bound to: 16 - type: integer 
	Parameter C_FAMILY bound to: artix7 - type: string 
INFO: [Synth 8-638] synthesizing module 'address_decoder__parameterized0' [/home/akayashima/H30_Xilinx/Multiple-Core-v2/Multiple-Core.srcs/sources_1/bd/design_1/ipshared/cced/hdl/axi_lite_ipif_v3_0_vh_rfs.vhd:1775]
	Parameter C_BUS_AWIDTH bound to: 12 - type: integer 
	Parameter C_S_AXI_MIN_SIZE bound to: 4095 - type: integer 
	Parameter C_ARD_ADDR_RANGE_ARRAY bound to: 128'b00000000000000000000000000000000010000110110000100000000000000000000000000000000000000000000000001000011011000010000000000110111 
	Parameter C_ARD_NUM_CE_ARRAY bound to: 32'b00000000000000000000000000001100 
	Parameter C_FAMILY bound to: nofamily - type: string 
INFO: [Synth 8-256] done synthesizing module 'address_decoder__parameterized0' (5#1) [/home/akayashima/H30_Xilinx/Multiple-Core-v2/Multiple-Core.srcs/sources_1/bd/design_1/ipshared/cced/hdl/axi_lite_ipif_v3_0_vh_rfs.vhd:1775]
INFO: [Synth 8-226] default block is never used [/home/akayashima/H30_Xilinx/Multiple-Core-v2/Multiple-Core.srcs/sources_1/bd/design_1/ipshared/cced/hdl/axi_lite_ipif_v3_0_vh_rfs.vhd:2550]
INFO: [Synth 8-256] done synthesizing module 'slave_attachment__parameterized0' (5#1) [/home/akayashima/H30_Xilinx/Multiple-Core-v2/Multiple-Core.srcs/sources_1/bd/design_1/ipshared/cced/hdl/axi_lite_ipif_v3_0_vh_rfs.vhd:2341]
INFO: [Synth 8-256] done synthesizing module 'axi_lite_ipif__parameterized1' (5#1) [/home/akayashima/H30_Xilinx/Multiple-Core-v2/Multiple-Core.srcs/sources_1/bd/design_1/ipshared/cced/hdl/axi_lite_ipif_v3_0_vh_rfs.vhd:2948]
WARNING: [Synth 8-6014] Unused sequential element fsl_s_reset_count_reg was removed.  [/home/akayashima/H30_Xilinx/Multiple-Core-v2/Multiple-Core.srcs/sources_1/bd/design_1/ipshared/1143/hdl/mailbox_v2_1_vh_rfs.vhd:2501]
WARNING: [Synth 8-6014] Unused sequential element fsl_m_reset_count_reg was removed.  [/home/akayashima/H30_Xilinx/Multiple-Core-v2/Multiple-Core.srcs/sources_1/bd/design_1/ipshared/1143/hdl/mailbox_v2_1_vh_rfs.vhd:2502]
INFO: [Synth 8-256] done synthesizing module 'if_decode__parameterized1' (5#1) [/home/akayashima/H30_Xilinx/Multiple-Core-v2/Multiple-Core.srcs/sources_1/bd/design_1/ipshared/1143/hdl/mailbox_v2_1_vh_rfs.vhd:2044]
	Parameter C_ASYNC_CLKS bound to: 0 - type: integer 
	Parameter C_NUM_SYNC_FF bound to: 2 - type: integer 
	Parameter C_IMPL_STYLE bound to: 0 - type: integer 
	Parameter C_FSL_DWIDTH bound to: 32 - type: integer 
	Parameter C_FSL_DEPTH bound to: 128 - type: integer 
	Parameter C_FIFO_LENGTH_WIDTH bound to: 7 - type: integer 
INFO: [Synth 8-3491] module 'fsl_v20' declared at '/home/akayashima/H30_Xilinx/Multiple-Core-v2/Multiple-Core.srcs/sources_1/bd/design_1/ipshared/1143/hdl/mailbox_v2_1_vh_rfs.vhd:1691' bound to instance 'fsl_0_to_1' of component 'fsl_v20' [/home/akayashima/H30_Xilinx/Multiple-Core-v2/Multiple-Core.srcs/sources_1/bd/design_1/ipshared/1143/hdl/mailbox_v2_1_vh_rfs.vhd:3416]
INFO: [Synth 8-638] synthesizing module 'fsl_v20' [/home/akayashima/H30_Xilinx/Multiple-Core-v2/Multiple-Core.srcs/sources_1/bd/design_1/ipshared/1143/hdl/mailbox_v2_1_vh_rfs.vhd:1731]
	Parameter C_ASYNC_CLKS bound to: 0 - type: integer 
	Parameter C_NUM_SYNC_FF bound to: 2 - type: integer 
	Parameter C_IMPL_STYLE bound to: 0 - type: integer 
	Parameter C_FSL_DWIDTH bound to: 32 - type: integer 
	Parameter C_FSL_DEPTH bound to: 128 - type: integer 
	Parameter C_FIFO_LENGTH_WIDTH bound to: 7 - type: integer 
	Parameter C_IMPL_STYLE bound to: 0 - type: integer 
	Parameter C_FIFO_LENGTH_WIDTH bound to: 7 - type: integer 
	Parameter WordSize bound to: 32 - type: integer 
	Parameter MemSize bound to: 128 - type: integer 
INFO: [Synth 8-3491] module 'Sync_FIFO' declared at '/home/akayashima/H30_Xilinx/Multiple-Core-v2/Multiple-Core.srcs/sources_1/bd/design_1/ipshared/1143/hdl/mailbox_v2_1_vh_rfs.vhd:628' bound to instance 'Sync_FIFO_I1' of component 'Sync_FIFO' [/home/akayashima/H30_Xilinx/Multiple-Core-v2/Multiple-Core.srcs/sources_1/bd/design_1/ipshared/1143/hdl/mailbox_v2_1_vh_rfs.vhd:1809]
INFO: [Synth 8-638] synthesizing module 'Sync_FIFO' [/home/akayashima/H30_Xilinx/Multiple-Core-v2/Multiple-Core.srcs/sources_1/bd/design_1/ipshared/1143/hdl/mailbox_v2_1_vh_rfs.vhd:649]
	Parameter C_IMPL_STYLE bound to: 0 - type: integer 
	Parameter C_FIFO_LENGTH_WIDTH bound to: 7 - type: integer 
	Parameter WordSize bound to: 32 - type: integer 
	Parameter MemSize bound to: 128 - type: integer 
	Parameter C_DWIDTH bound to: 32 - type: integer 
	Parameter C_AWIDTH bound to: 7 - type: integer 
INFO: [Synth 8-3491] module 'Sync_DPRAM' declared at '/home/akayashima/H30_Xilinx/Multiple-Core-v2/Multiple-Core.srcs/sources_1/bd/design_1/ipshared/1143/hdl/mailbox_v2_1_vh_rfs.vhd:501' bound to instance 'DPRAM_FIFO' of component 'Sync_DPRAM' [/home/akayashima/H30_Xilinx/Multiple-Core-v2/Multiple-Core.srcs/sources_1/bd/design_1/ipshared/1143/hdl/mailbox_v2_1_vh_rfs.vhd:916]
INFO: [Synth 8-638] synthesizing module 'Sync_DPRAM' [/home/akayashima/H30_Xilinx/Multiple-Core-v2/Multiple-Core.srcs/sources_1/bd/design_1/ipshared/1143/hdl/mailbox_v2_1_vh_rfs.vhd:517]
	Parameter C_DWIDTH bound to: 32 - type: integer 
	Parameter C_AWIDTH bound to: 7 - type: integer 
INFO: [Synth 8-256] done synthesizing module 'Sync_DPRAM' (6#1) [/home/akayashima/H30_Xilinx/Multiple-Core-v2/Multiple-Core.srcs/sources_1/bd/design_1/ipshared/1143/hdl/mailbox_v2_1_vh_rfs.vhd:517]
INFO: [Synth 8-256] done synthesizing module 'Sync_FIFO' (7#1) [/home/akayashima/H30_Xilinx/Multiple-Core-v2/Multiple-Core.srcs/sources_1/bd/design_1/ipshared/1143/hdl/mailbox_v2_1_vh_rfs.vhd:649]
INFO: [Synth 8-256] done synthesizing module 'fsl_v20' (8#1) [/home/akayashima/H30_Xilinx/Multiple-Core-v2/Multiple-Core.srcs/sources_1/bd/design_1/ipshared/1143/hdl/mailbox_v2_1_vh_rfs.vhd:1731]
	Parameter C_ASYNC_CLKS bound to: 0 - type: integer 
	Parameter C_NUM_SYNC_FF bound to: 2 - type: integer 
	Parameter C_IMPL_STYLE bound to: 0 - type: integer 
	Parameter C_FSL_DWIDTH bound to: 32 - type: integer 
	Parameter C_FSL_DEPTH bound to: 128 - type: integer 
	Parameter C_FIFO_LENGTH_WIDTH bound to: 7 - type: integer 
INFO: [Synth 8-3491] module 'fsl_v20' declared at '/home/akayashima/H30_Xilinx/Multiple-Core-v2/Multiple-Core.srcs/sources_1/bd/design_1/ipshared/1143/hdl/mailbox_v2_1_vh_rfs.vhd:1691' bound to instance 'fsl_1_to_0' of component 'fsl_v20' [/home/akayashima/H30_Xilinx/Multiple-Core-v2/Multiple-Core.srcs/sources_1/bd/design_1/ipshared/1143/hdl/mailbox_v2_1_vh_rfs.vhd:3459]
INFO: [Synth 8-256] done synthesizing module 'mailbox' (9#1) [/home/akayashima/H30_Xilinx/Multiple-Core-v2/Multiple-Core.srcs/sources_1/bd/design_1/ipshared/1143/hdl/mailbox_v2_1_vh_rfs.vhd:2800]
INFO: [Synth 8-256] done synthesizing module 'design_1_mailbox_0_0' (10#1) [/home/akayashima/H30_Xilinx/Multiple-Core-v2/Multiple-Core.srcs/sources_1/bd/design_1/ip/design_1_mailbox_0_0/synth/design_1_mailbox_0_0.vhd:104]
WARNING: [Synth 8-3331] design address_decoder__parameterized0 has unconnected port Address_In_Erly[0]
WARNING: [Synth 8-3331] design address_decoder__parameterized0 has unconnected port Address_In_Erly[1]
WARNING: [Synth 8-3331] design address_decoder__parameterized0 has unconnected port Address_In_Erly[2]
WARNING: [Synth 8-3331] design address_decoder__parameterized0 has unconnected port Address_In_Erly[3]
WARNING: [Synth 8-3331] design address_decoder__parameterized0 has unconnected port Address_In_Erly[4]
WARNING: [Synth 8-3331] design address_decoder__parameterized0 has unconnected port Address_In_Erly[5]
WARNING: [Synth 8-3331] design address_decoder__parameterized0 has unconnected port Address_In_Erly[10]
WARNING: [Synth 8-3331] design address_decoder__parameterized0 has unconnected port Address_In_Erly[11]
WARNING: [Synth 8-3331] design address_decoder__parameterized0 has unconnected port Bus_RNW
WARNING: [Synth 8-3331] design slave_attachment__parameterized0 has unconnected port S_AXI_AWADDR[31]
WARNING: [Synth 8-3331] design slave_attachment__parameterized0 has unconnected port S_AXI_AWADDR[30]
WARNING: [Synth 8-3331] design slave_attachment__parameterized0 has unconnected port S_AXI_AWADDR[29]
WARNING: [Synth 8-3331] design slave_attachment__parameterized0 has unconnected port S_AXI_AWADDR[28]
WARNING: [Synth 8-3331] design slave_attachment__parameterized0 has unconnected port S_AXI_AWADDR[27]
WARNING: [Synth 8-3331] design slave_attachment__parameterized0 has unconnected port S_AXI_AWADDR[26]
WARNING: [Synth 8-3331] design slave_attachment__parameterized0 has unconnected port S_AXI_AWADDR[25]
WARNING: [Synth 8-3331] design slave_attachment__parameterized0 has unconnected port S_AXI_AWADDR[24]
WARNING: [Synth 8-3331] design slave_attachment__parameterized0 has unconnected port S_AXI_AWADDR[23]
WARNING: [Synth 8-3331] design slave_attachment__parameterized0 has unconnected port S_AXI_AWADDR[22]
WARNING: [Synth 8-3331] design slave_attachment__parameterized0 has unconnected port S_AXI_AWADDR[21]
WARNING: [Synth 8-3331] design slave_attachment__parameterized0 has unconnected port S_AXI_AWADDR[20]
WARNING: [Synth 8-3331] design slave_attachment__parameterized0 has unconnected port S_AXI_AWADDR[19]
WARNING: [Synth 8-3331] design slave_attachment__parameterized0 has unconnected port S_AXI_AWADDR[18]
WARNING: [Synth 8-3331] design slave_attachment__parameterized0 has unconnected port S_AXI_AWADDR[17]
WARNING: [Synth 8-3331] design slave_attachment__parameterized0 has unconnected port S_AXI_AWADDR[16]
WARNING: [Synth 8-3331] design slave_attachment__parameterized0 has unconnected port S_AXI_AWADDR[15]
WARNING: [Synth 8-3331] design slave_attachment__parameterized0 has unconnected port S_AXI_AWADDR[14]
WARNING: [Synth 8-3331] design slave_attachment__parameterized0 has unconnected port S_AXI_AWADDR[13]
WARNING: [Synth 8-3331] design slave_attachment__parameterized0 has unconnected port S_AXI_AWADDR[12]
WARNING: [Synth 8-3331] design slave_attachment__parameterized0 has unconnected port S_AXI_WSTRB[3]
WARNING: [Synth 8-3331] design slave_attachment__parameterized0 has unconnected port S_AXI_WSTRB[2]
WARNING: [Synth 8-3331] design slave_attachment__parameterized0 has unconnected port S_AXI_WSTRB[1]
WARNING: [Synth 8-3331] design slave_attachment__parameterized0 has unconnected port S_AXI_WSTRB[0]
WARNING: [Synth 8-3331] design slave_attachment__parameterized0 has unconnected port S_AXI_ARADDR[31]
WARNING: [Synth 8-3331] design slave_attachment__parameterized0 has unconnected port S_AXI_ARADDR[30]
WARNING: [Synth 8-3331] design slave_attachment__parameterized0 has unconnected port S_AXI_ARADDR[29]
WARNING: [Synth 8-3331] design slave_attachment__parameterized0 has unconnected port S_AXI_ARADDR[28]
WARNING: [Synth 8-3331] design slave_attachment__parameterized0 has unconnected port S_AXI_ARADDR[27]
WARNING: [Synth 8-3331] design slave_attachment__parameterized0 has unconnected port S_AXI_ARADDR[26]
WARNING: [Synth 8-3331] design slave_attachment__parameterized0 has unconnected port S_AXI_ARADDR[25]
WARNING: [Synth 8-3331] design slave_attachment__parameterized0 has unconnected port S_AXI_ARADDR[24]
WARNING: [Synth 8-3331] design slave_attachment__parameterized0 has unconnected port S_AXI_ARADDR[23]
WARNING: [Synth 8-3331] design slave_attachment__parameterized0 has unconnected port S_AXI_ARADDR[22]
WARNING: [Synth 8-3331] design slave_attachment__parameterized0 has unconnected port S_AXI_ARADDR[21]
WARNING: [Synth 8-3331] design slave_attachment__parameterized0 has unconnected port S_AXI_ARADDR[20]
WARNING: [Synth 8-3331] design slave_attachment__parameterized0 has unconnected port S_AXI_ARADDR[19]
WARNING: [Synth 8-3331] design slave_attachment__parameterized0 has unconnected port S_AXI_ARADDR[18]
WARNING: [Synth 8-3331] design slave_attachment__parameterized0 has unconnected port S_AXI_ARADDR[17]
WARNING: [Synth 8-3331] design slave_attachment__parameterized0 has unconnected port S_AXI_ARADDR[16]
WARNING: [Synth 8-3331] design slave_attachment__parameterized0 has unconnected port S_AXI_ARADDR[15]
WARNING: [Synth 8-3331] design slave_attachment__parameterized0 has unconnected port S_AXI_ARADDR[14]
WARNING: [Synth 8-3331] design slave_attachment__parameterized0 has unconnected port S_AXI_ARADDR[13]
WARNING: [Synth 8-3331] design slave_attachment__parameterized0 has unconnected port S_AXI_ARADDR[12]
WARNING: [Synth 8-3331] design if_decode__parameterized1 has unconnected port FSL_S_Control
WARNING: [Synth 8-3331] design address_decoder has unconnected port Address_In_Erly[0]
WARNING: [Synth 8-3331] design address_decoder has unconnected port Address_In_Erly[1]
WARNING: [Synth 8-3331] design address_decoder has unconnected port Address_In_Erly[2]
WARNING: [Synth 8-3331] design address_decoder has unconnected port Address_In_Erly[3]
WARNING: [Synth 8-3331] design address_decoder has unconnected port Address_In_Erly[4]
WARNING: [Synth 8-3331] design address_decoder has unconnected port Address_In_Erly[5]
WARNING: [Synth 8-3331] design address_decoder has unconnected port Address_In_Erly[10]
WARNING: [Synth 8-3331] design address_decoder has unconnected port Address_In_Erly[11]
WARNING: [Synth 8-3331] design address_decoder has unconnected port Bus_RNW
WARNING: [Synth 8-3331] design slave_attachment has unconnected port S_AXI_AWADDR[31]
WARNING: [Synth 8-3331] design slave_attachment has unconnected port S_AXI_AWADDR[30]
WARNING: [Synth 8-3331] design slave_attachment has unconnected port S_AXI_AWADDR[29]
WARNING: [Synth 8-3331] design slave_attachment has unconnected port S_AXI_AWADDR[28]
WARNING: [Synth 8-3331] design slave_attachment has unconnected port S_AXI_AWADDR[27]
WARNING: [Synth 8-3331] design slave_attachment has unconnected port S_AXI_AWADDR[26]
WARNING: [Synth 8-3331] design slave_attachment has unconnected port S_AXI_AWADDR[25]
WARNING: [Synth 8-3331] design slave_attachment has unconnected port S_AXI_AWADDR[24]
WARNING: [Synth 8-3331] design slave_attachment has unconnected port S_AXI_AWADDR[23]
WARNING: [Synth 8-3331] design slave_attachment has unconnected port S_AXI_AWADDR[22]
WARNING: [Synth 8-3331] design slave_attachment has unconnected port S_AXI_AWADDR[21]
WARNING: [Synth 8-3331] design slave_attachment has unconnected port S_AXI_AWADDR[20]
WARNING: [Synth 8-3331] design slave_attachment has unconnected port S_AXI_AWADDR[19]
WARNING: [Synth 8-3331] design slave_attachment has unconnected port S_AXI_AWADDR[18]
WARNING: [Synth 8-3331] design slave_attachment has unconnected port S_AXI_AWADDR[17]
WARNING: [Synth 8-3331] design slave_attachment has unconnected port S_AXI_AWADDR[16]
WARNING: [Synth 8-3331] design slave_attachment has unconnected port S_AXI_AWADDR[15]
WARNING: [Synth 8-3331] design slave_attachment has unconnected port S_AXI_AWADDR[14]
WARNING: [Synth 8-3331] design slave_attachment has unconnected port S_AXI_AWADDR[13]
WARNING: [Synth 8-3331] design slave_attachment has unconnected port S_AXI_AWADDR[12]
WARNING: [Synth 8-3331] design slave_attachment has unconnected port S_AXI_WSTRB[3]
WARNING: [Synth 8-3331] design slave_attachment has unconnected port S_AXI_WSTRB[2]
WARNING: [Synth 8-3331] design slave_attachment has unconnected port S_AXI_WSTRB[1]
WARNING: [Synth 8-3331] design slave_attachment has unconnected port S_AXI_WSTRB[0]
WARNING: [Synth 8-3331] design slave_attachment has unconnected port S_AXI_ARADDR[31]
WARNING: [Synth 8-3331] design slave_attachment has unconnected port S_AXI_ARADDR[30]
WARNING: [Synth 8-3331] design slave_attachment has unconnected port S_AXI_ARADDR[29]
WARNING: [Synth 8-3331] design slave_attachment has unconnected port S_AXI_ARADDR[28]
WARNING: [Synth 8-3331] design slave_attachment has unconnected port S_AXI_ARADDR[27]
WARNING: [Synth 8-3331] design slave_attachment has unconnected port S_AXI_ARADDR[26]
WARNING: [Synth 8-3331] design slave_attachment has unconnected port S_AXI_ARADDR[25]
WARNING: [Synth 8-3331] design slave_attachment has unconnected port S_AXI_ARADDR[24]
WARNING: [Synth 8-3331] design slave_attachment has unconnected port S_AXI_ARADDR[23]
WARNING: [Synth 8-3331] design slave_attachment has unconnected port S_AXI_ARADDR[22]
WARNING: [Synth 8-3331] design slave_attachment has unconnected port S_AXI_ARADDR[21]
WARNING: [Synth 8-3331] design slave_attachment has unconnected port S_AXI_ARADDR[20]
WARNING: [Synth 8-3331] design slave_attachment has unconnected port S_AXI_ARADDR[19]
INFO: [Common 17-14] Message 'Synth 8-3331' appears 100 times and further instances of the messages will be disabled. Use the Tcl command set_msg_config to change the current settings.
---------------------------------------------------------------------------------
Finished RTL Elaboration : Time (s): cpu = 00:00:07 ; elapsed = 00:00:09 . Memory (MB): peak = 1432.492 ; gain = 129.535 ; free physical = 9695 ; free virtual = 20456
---------------------------------------------------------------------------------

Report Check Netlist: 
+------+------------------+-------+---------+-------+------------------+
|      |Item              |Errors |Warnings |Status |Description       |
+------+------------------+-------+---------+-------+------------------+
|1     |multi_driven_nets |      0|        0|Passed |Multi driven nets |
+------+------------------+-------+---------+-------+------------------+
---------------------------------------------------------------------------------
Finished RTL Optimization Phase 1 : Time (s): cpu = 00:00:07 ; elapsed = 00:00:09 . Memory (MB): peak = 1432.492 ; gain = 129.535 ; free physical = 9696 ; free virtual = 20457
---------------------------------------------------------------------------------
INFO: [Device 21-403] Loading part xc7a200tsbg484-1
INFO: [Project 1-570] Preparing netlist for logic optimization

Processing XDC Constraints
Initializing timing engine
Parsing XDC File [/home/akayashima/H30_Xilinx/Multiple-Core-v2/Multiple-Core.srcs/sources_1/bd/design_1/ip/design_1_mailbox_0_0/design_1_mailbox_0_0_ooc.xdc] for cell 'U0'
WARNING: [Constraints 18-633] Creating clock ms_clocks with 2 sources. [/home/akayashima/H30_Xilinx/Multiple-Core-v2/Multiple-Core.srcs/sources_1/bd/design_1/ip/design_1_mailbox_0_0/design_1_mailbox_0_0_ooc.xdc:6]
Finished Parsing XDC File [/home/akayashima/H30_Xilinx/Multiple-Core-v2/Multiple-Core.srcs/sources_1/bd/design_1/ip/design_1_mailbox_0_0/design_1_mailbox_0_0_ooc.xdc] for cell 'U0'
INFO: [Project 1-236] Implementation specific constraints were found while reading constraint file [/home/akayashima/H30_Xilinx/Multiple-Core-v2/Multiple-Core.srcs/sources_1/bd/design_1/ip/design_1_mailbox_0_0/design_1_mailbox_0_0_ooc.xdc]. These constraints will be ignored for synthesis but will be used in implementation. Impacted constraints are listed in the file [.Xil/design_1_mailbox_0_0_propImpl.xdc].
Resolution: To avoid this warning, move constraints listed in [.Xil/design_1_mailbox_0_0_propImpl.xdc] to another XDC file and exclude this new file from synthesis with the used_in_synthesis property (File Properties dialog in GUI) and re-run elaboration/synthesis.
Parsing XDC File [/home/akayashima/H30_Xilinx/Multiple-Core-v2/Multiple-Core.srcs/sources_1/bd/design_1/ip/design_1_mailbox_0_0/design_1_mailbox_0_0.xdc] for cell 'U0'
Finished Parsing XDC File [/home/akayashima/H30_Xilinx/Multiple-Core-v2/Multiple-Core.srcs/sources_1/bd/design_1/ip/design_1_mailbox_0_0/design_1_mailbox_0_0.xdc] for cell 'U0'
Parsing XDC File [/home/akayashima/H30_Xilinx/Multiple-Core-v2/Multiple-Core.runs/design_1_mailbox_0_0_synth_1/dont_touch.xdc]
Finished Parsing XDC File [/home/akayashima/H30_Xilinx/Multiple-Core-v2/Multiple-Core.runs/design_1_mailbox_0_0_synth_1/dont_touch.xdc]
Completed Processing XDC Constraints

INFO: [Project 1-111] Unisim Transformation Summary:
No Unisim elements were transformed.

Constraint Validation Runtime : Time (s): cpu = 00:00:00.01 ; elapsed = 00:00:00.03 . Memory (MB): peak = 1841.527 ; gain = 0.004 ; free physical = 9201 ; free virtual = 19997
---------------------------------------------------------------------------------
Finished Constraint Validation : Time (s): cpu = 00:00:22 ; elapsed = 00:00:50 . Memory (MB): peak = 1841.527 ; gain = 538.570 ; free physical = 9452 ; free virtual = 20248
---------------------------------------------------------------------------------
---------------------------------------------------------------------------------
Start Loading Part and Timing Information
---------------------------------------------------------------------------------
Loading part: xc7a200tsbg484-1
---------------------------------------------------------------------------------
Finished Loading Part and Timing Information : Time (s): cpu = 00:00:22 ; elapsed = 00:00:50 . Memory (MB): peak = 1841.527 ; gain = 538.570 ; free physical = 9452 ; free virtual = 20248
---------------------------------------------------------------------------------
---------------------------------------------------------------------------------
Start Applying 'set_property' XDC Constraints
---------------------------------------------------------------------------------
Applied set_property DONT_TOUCH = true for U0. (constraint file  /home/akayashima/H30_Xilinx/Multiple-Core-v2/Multiple-Core.runs/design_1_mailbox_0_0_synth_1/dont_touch.xdc, line 9).
---------------------------------------------------------------------------------
Finished applying 'set_property' XDC Constraints : Time (s): cpu = 00:00:22 ; elapsed = 00:00:50 . Memory (MB): peak = 1841.527 ; gain = 538.570 ; free physical = 9451 ; free virtual = 20247
---------------------------------------------------------------------------------
INFO: [Synth 8-5818] HDL ADVISOR - The operator resource <adder> is shared. To prevent sharing consider applying a KEEP on the output of the operator [/home/akayashima/H30_Xilinx/Multiple-Core-v2/Multiple-Core.srcs/sources_1/bd/design_1/ipshared/1143/hdl/mailbox_v2_1_vh_rfs.vhd:755]
INFO: [Synth 8-5546] ROM "full_i" won't be mapped to RAM because it is too sparse
WARNING: [Synth 8-6014] Unused sequential element FSL_Flag_Handle.fifo_length_i_reg was removed.  [/home/akayashima/H30_Xilinx/Multiple-Core-v2/Multiple-Core.srcs/sources_1/bd/design_1/ipshared/1143/hdl/mailbox_v2_1_vh_rfs.vhd:751]
WARNING: [Synth 8-6014] Unused sequential element FSL_Flag_Handle.read_addr_ptr_reg was removed.  [/home/akayashima/H30_Xilinx/Multiple-Core-v2/Multiple-Core.srcs/sources_1/bd/design_1/ipshared/1143/hdl/mailbox_v2_1_vh_rfs.vhd:867]
WARNING: [Synth 8-6014] Unused sequential element FSL_Flag_Handle.write_addr_ptr_reg was removed.  [/home/akayashima/H30_Xilinx/Multiple-Core-v2/Multiple-Core.srcs/sources_1/bd/design_1/ipshared/1143/hdl/mailbox_v2_1_vh_rfs.vhd:879]
INFO: [Synth 8-5544] ROM "s_axi_rresp_i" won't be mapped to Block RAM because address size (2) smaller than threshold (5)
INFO: [Synth 8-5544] ROM "s_axi_rresp_i" won't be mapped to Block RAM because address size (2) smaller than threshold (5)
INFO: [Synth 8-5544] ROM "s_axi_bresp_i" won't be mapped to Block RAM because address size (2) smaller than threshold (5)
INFO: [Synth 8-5544] ROM "s_axi_bresp_i" won't be mapped to Block RAM because address size (2) smaller than threshold (5)
WARNING: [Synth 8-6014] Unused sequential element INCLUDE_DPHASE_TIMER.dpto_cnt_reg was removed.  [/home/akayashima/H30_Xilinx/Multiple-Core-v2/Multiple-Core.srcs/sources_1/bd/design_1/ipshared/cced/hdl/axi_lite_ipif_v3_0_vh_rfs.vhd:2674]
INFO: [Synth 8-5544] ROM "s_axi_rresp_i" won't be mapped to Block RAM because address size (2) smaller than threshold (5)
INFO: [Synth 8-5544] ROM "s_axi_rresp_i" won't be mapped to Block RAM because address size (2) smaller than threshold (5)
INFO: [Synth 8-5544] ROM "s_axi_bresp_i" won't be mapped to Block RAM because address size (2) smaller than threshold (5)
INFO: [Synth 8-5544] ROM "s_axi_bresp_i" won't be mapped to Block RAM because address size (2) smaller than threshold (5)
WARNING: [Synth 8-6014] Unused sequential element INCLUDE_DPHASE_TIMER.dpto_cnt_reg was removed.  [/home/akayashima/H30_Xilinx/Multiple-Core-v2/Multiple-Core.srcs/sources_1/bd/design_1/ipshared/cced/hdl/axi_lite_ipif_v3_0_vh_rfs.vhd:2674]
---------------------------------------------------------------------------------
Finished RTL Optimization Phase 2 : Time (s): cpu = 00:00:22 ; elapsed = 00:00:51 . Memory (MB): peak = 1841.527 ; gain = 538.570 ; free physical = 9427 ; free virtual = 20224
---------------------------------------------------------------------------------

Report RTL Partitions: 
+-+--------------+------------+----------+
| |RTL Partition |Replication |Instances |
+-+--------------+------------+----------+
+-+--------------+------------+----------+
---------------------------------------------------------------------------------
Start RTL Component Statistics 
---------------------------------------------------------------------------------
Detailed RTL Component Info : 
+---Adders : 
	   2 Input      8 Bit       Adders := 2     
	   2 Input      7 Bit       Adders := 4     
	   2 Input      5 Bit       Adders := 2     
+---Registers : 
	               32 Bit    Registers := 2     
	               12 Bit    Registers := 2     
	                8 Bit    Registers := 2     
	                7 Bit    Registers := 8     
	                5 Bit    Registers := 2     
	                3 Bit    Registers := 4     
	                2 Bit    Registers := 6     
	                1 Bit    Registers := 61    
+---Muxes : 
	   2 Input     12 Bit        Muxes := 2     
	   2 Input      2 Bit        Muxes := 6     
	   7 Input      2 Bit        Muxes := 2     
	   2 Input      1 Bit        Muxes := 52    
	   4 Input      1 Bit        Muxes := 6     
---------------------------------------------------------------------------------
Finished RTL Component Statistics 
---------------------------------------------------------------------------------
---------------------------------------------------------------------------------
Start RTL Hierarchical Component Statistics 
---------------------------------------------------------------------------------
Hierarchical RTL Component report 
Module Sync_FIFO 
Detailed RTL Component Info : 
+---Adders : 
	   2 Input      8 Bit       Adders := 1     
	   2 Input      7 Bit       Adders := 2     
+---Registers : 
	                8 Bit    Registers := 1     
	                7 Bit    Registers := 2     
+---Muxes : 
	   2 Input      2 Bit        Muxes := 1     
	   2 Input      1 Bit        Muxes := 2     
Module pselect_f 
Detailed RTL Component Info : 
+---Muxes : 
	   2 Input      1 Bit        Muxes := 1     
Module pselect_f__parameterized0 
Detailed RTL Component Info : 
+---Muxes : 
	   2 Input      1 Bit        Muxes := 1     
Module pselect_f__parameterized1 
Detailed RTL Component Info : 
+---Muxes : 
	   2 Input      1 Bit        Muxes := 1     
Module pselect_f__parameterized2 
Detailed RTL Component Info : 
+---Muxes : 
	   2 Input      1 Bit        Muxes := 1     
Module pselect_f__parameterized3 
Detailed RTL Component Info : 
+---Muxes : 
	   2 Input      1 Bit        Muxes := 1     
Module pselect_f__parameterized4 
Detailed RTL Component Info : 
+---Muxes : 
	   2 Input      1 Bit        Muxes := 1     
Module pselect_f__parameterized5 
Detailed RTL Component Info : 
+---Muxes : 
	   2 Input      1 Bit        Muxes := 1     
Module pselect_f__parameterized6 
Detailed RTL Component Info : 
+---Muxes : 
	   2 Input      1 Bit        Muxes := 1     
Module pselect_f__parameterized7 
Detailed RTL Component Info : 
+---Muxes : 
	   2 Input      1 Bit        Muxes := 1     
Module pselect_f__parameterized8 
Detailed RTL Component Info : 
+---Muxes : 
	   2 Input      1 Bit        Muxes := 1     
Module pselect_f__parameterized9 
Detailed RTL Component Info : 
+---Muxes : 
	   2 Input      1 Bit        Muxes := 1     
Module pselect_f__parameterized10 
Detailed RTL Component Info : 
+---Muxes : 
	   2 Input      1 Bit        Muxes := 1     
Module address_decoder 
Detailed RTL Component Info : 
+---Registers : 
	                1 Bit    Registers := 14    
Module slave_attachment 
Detailed RTL Component Info : 
+---Adders : 
	   2 Input      5 Bit       Adders := 1     
+---Registers : 
	               32 Bit    Registers := 1     
	               12 Bit    Registers := 1     
	                5 Bit    Registers := 1     
	                2 Bit    Registers := 3     
	                1 Bit    Registers := 7     
+---Muxes : 
	   2 Input     12 Bit        Muxes := 1     
	   7 Input      2 Bit        Muxes := 1     
	   2 Input      2 Bit        Muxes := 2     
	   4 Input      1 Bit        Muxes := 3     
	   2 Input      1 Bit        Muxes := 8     
Module if_decode 
Detailed RTL Component Info : 
+---Registers : 
	                7 Bit    Registers := 2     
	                3 Bit    Registers := 2     
	                1 Bit    Registers := 8     
+---Muxes : 
	   2 Input      1 Bit        Muxes := 4     
Module address_decoder__parameterized0 
Detailed RTL Component Info : 
+---Registers : 
	                1 Bit    Registers := 14    
Module slave_attachment__parameterized0 
Detailed RTL Component Info : 
+---Adders : 
	   2 Input      5 Bit       Adders := 1     
+---Registers : 
	               32 Bit    Registers := 1     
	               12 Bit    Registers := 1     
	                5 Bit    Registers := 1     
	                2 Bit    Registers := 3     
	                1 Bit    Registers := 7     
+---Muxes : 
	   2 Input     12 Bit        Muxes := 1     
	   7 Input      2 Bit        Muxes := 1     
	   2 Input      2 Bit        Muxes := 2     
	   4 Input      1 Bit        Muxes := 3     
	   2 Input      1 Bit        Muxes := 8     
Module if_decode__parameterized1 
Detailed RTL Component Info : 
+---Registers : 
	                7 Bit    Registers := 2     
	                3 Bit    Registers := 2     
	                1 Bit    Registers := 8     
+---Muxes : 
	   2 Input      1 Bit        Muxes := 4     
Module mailbox 
Detailed RTL Component Info : 
+---Registers : 
	                1 Bit    Registers := 3     
---------------------------------------------------------------------------------
Finished RTL Hierarchical Component Statistics
---------------------------------------------------------------------------------
---------------------------------------------------------------------------------
Start Part Resource Summary
---------------------------------------------------------------------------------
Part Resources:
DSPs: 740 (col length:100)
BRAMs: 730 (col length: RAMB18 100 RAMB36 50)
---------------------------------------------------------------------------------
Finished Part Resource Summary
---------------------------------------------------------------------------------
---------------------------------------------------------------------------------
Start Cross Boundary and Area Optimization
---------------------------------------------------------------------------------
WARNING: [Synth 8-6014] Unused sequential element Using_Bus_0.Bus0_If/Using_AXI.AXI4_If/I_SLAVE_ATTACHMENT/I_DECODER/MEM_DECODE_GEN[0].cs_out_i_reg was removed.  [/home/akayashima/H30_Xilinx/Multiple-Core-v2/Multiple-Core.srcs/sources_1/bd/design_1/ipshared/cced/hdl/axi_lite_ipif_v3_0_vh_rfs.vhd:2004]
WARNING: [Synth 8-6014] Unused sequential element Using_Bus_1.Bus1_If/Using_AXI.AXI4_If/I_SLAVE_ATTACHMENT/I_DECODER/MEM_DECODE_GEN[0].cs_out_i_reg was removed.  [/home/akayashima/H30_Xilinx/Multiple-Core-v2/Multiple-Core.srcs/sources_1/bd/design_1/ipshared/cced/hdl/axi_lite_ipif_v3_0_vh_rfs.vhd:2004]
INFO: [Synth 8-5546] ROM "fsl_0_to_1/Using_FIFO.Sync_FIFO_Gen.Sync_FIFO_I1/full_i" won't be mapped to RAM because it is too sparse
INFO: [Synth 8-5546] ROM "fsl_1_to_0/Using_FIFO.Sync_FIFO_Gen.Sync_FIFO_I1/full_i" won't be mapped to RAM because it is too sparse
WARNING: [Synth 8-6014] Unused sequential element fsl_0_to_1/Using_FIFO.Sync_FIFO_Gen.Sync_FIFO_I1/FSL_Flag_Handle.fifo_length_i_reg was removed.  [/home/akayashima/H30_Xilinx/Multiple-Core-v2/Multiple-Core.srcs/sources_1/bd/design_1/ipshared/1143/hdl/mailbox_v2_1_vh_rfs.vhd:751]
WARNING: [Synth 8-6014] Unused sequential element fsl_0_to_1/Using_FIFO.Sync_FIFO_Gen.Sync_FIFO_I1/FSL_Flag_Handle.write_addr_ptr_reg was removed.  [/home/akayashima/H30_Xilinx/Multiple-Core-v2/Multiple-Core.srcs/sources_1/bd/design_1/ipshared/1143/hdl/mailbox_v2_1_vh_rfs.vhd:879]
WARNING: [Synth 8-6014] Unused sequential element fsl_0_to_1/Using_FIFO.Sync_FIFO_Gen.Sync_FIFO_I1/FSL_Flag_Handle.read_addr_ptr_reg was removed.  [/home/akayashima/H30_Xilinx/Multiple-Core-v2/Multiple-Core.srcs/sources_1/bd/design_1/ipshared/1143/hdl/mailbox_v2_1_vh_rfs.vhd:867]
WARNING: [Synth 8-6014] Unused sequential element fsl_1_to_0/Using_FIFO.Sync_FIFO_Gen.Sync_FIFO_I1/FSL_Flag_Handle.fifo_length_i_reg was removed.  [/home/akayashima/H30_Xilinx/Multiple-Core-v2/Multiple-Core.srcs/sources_1/bd/design_1/ipshared/1143/hdl/mailbox_v2_1_vh_rfs.vhd:751]
WARNING: [Synth 8-6014] Unused sequential element fsl_1_to_0/Using_FIFO.Sync_FIFO_Gen.Sync_FIFO_I1/FSL_Flag_Handle.write_addr_ptr_reg was removed.  [/home/akayashima/H30_Xilinx/Multiple-Core-v2/Multiple-Core.srcs/sources_1/bd/design_1/ipshared/1143/hdl/mailbox_v2_1_vh_rfs.vhd:879]
WARNING: [Synth 8-6014] Unused sequential element fsl_1_to_0/Using_FIFO.Sync_FIFO_Gen.Sync_FIFO_I1/FSL_Flag_Handle.read_addr_ptr_reg was removed.  [/home/akayashima/H30_Xilinx/Multiple-Core-v2/Multiple-Core.srcs/sources_1/bd/design_1/ipshared/1143/hdl/mailbox_v2_1_vh_rfs.vhd:867]
WARNING: [Synth 8-6014] Unused sequential element Using_Bus_0.Bus0_If/Using_AXI.AXI4_If/I_SLAVE_ATTACHMENT/INCLUDE_DPHASE_TIMER.dpto_cnt_reg was removed.  [/home/akayashima/H30_Xilinx/Multiple-Core-v2/Multiple-Core.srcs/sources_1/bd/design_1/ipshared/cced/hdl/axi_lite_ipif_v3_0_vh_rfs.vhd:2674]
WARNING: [Synth 8-6014] Unused sequential element Using_Bus_1.Bus1_If/Using_AXI.AXI4_If/I_SLAVE_ATTACHMENT/INCLUDE_DPHASE_TIMER.dpto_cnt_reg was removed.  [/home/akayashima/H30_Xilinx/Multiple-Core-v2/Multiple-Core.srcs/sources_1/bd/design_1/ipshared/cced/hdl/axi_lite_ipif_v3_0_vh_rfs.vhd:2674]
INFO: [Synth 8-3333] propagating constant 0 across sequential element (U0/\Using_Bus_1.Bus1_If/Using_AXI.AXI4_If/I_SLAVE_ATTACHMENT/s_axi_rresp_i_reg[1] )
INFO: [Synth 8-3333] propagating constant 0 across sequential element (U0/\Using_Bus_1.Bus1_If/Using_AXI.AXI4_If/I_SLAVE_ATTACHMENT/s_axi_bresp_i_reg[1] )
INFO: [Synth 8-3333] propagating constant 0 across sequential element (U0/\Using_Bus_0.Bus0_If/Using_AXI.AXI4_If/I_SLAVE_ATTACHMENT/s_axi_rresp_i_reg[1] )
INFO: [Synth 8-3333] propagating constant 0 across sequential element (U0/\Using_Bus_0.Bus0_If/Using_AXI.AXI4_If/I_SLAVE_ATTACHMENT/s_axi_bresp_i_reg[1] )
WARNING: [Synth 8-3332] Sequential element (Using_Bus_0.Bus0_If/Using_AXI.AXI4_If/I_SLAVE_ATTACHMENT/s_axi_bresp_i_reg[1]) is unused and will be removed from module mailbox.
WARNING: [Synth 8-3332] Sequential element (Using_Bus_0.Bus0_If/Using_AXI.AXI4_If/I_SLAVE_ATTACHMENT/s_axi_rresp_i_reg[1]) is unused and will be removed from module mailbox.
WARNING: [Synth 8-3332] Sequential element (Using_Bus_0.Bus0_If/Using_AXI.AXI4_If/I_SLAVE_ATTACHMENT/bus2ip_addr_i_reg[11]) is unused and will be removed from module mailbox.
WARNING: [Synth 8-3332] Sequential element (Using_Bus_0.Bus0_If/Using_AXI.AXI4_If/I_SLAVE_ATTACHMENT/bus2ip_addr_i_reg[10]) is unused and will be removed from module mailbox.
WARNING: [Synth 8-3332] Sequential element (Using_Bus_0.Bus0_If/Using_AXI.AXI4_If/I_SLAVE_ATTACHMENT/bus2ip_addr_i_reg[9]) is unused and will be removed from module mailbox.
WARNING: [Synth 8-3332] Sequential element (Using_Bus_0.Bus0_If/Using_AXI.AXI4_If/I_SLAVE_ATTACHMENT/bus2ip_addr_i_reg[8]) is unused and will be removed from module mailbox.
WARNING: [Synth 8-3332] Sequential element (Using_Bus_0.Bus0_If/Using_AXI.AXI4_If/I_SLAVE_ATTACHMENT/bus2ip_addr_i_reg[7]) is unused and will be removed from module mailbox.
WARNING: [Synth 8-3332] Sequential element (Using_Bus_0.Bus0_If/Using_AXI.AXI4_If/I_SLAVE_ATTACHMENT/bus2ip_addr_i_reg[6]) is unused and will be removed from module mailbox.
WARNING: [Synth 8-3332] Sequential element (Using_Bus_0.Bus0_If/Using_AXI.AXI4_If/I_SLAVE_ATTACHMENT/bus2ip_addr_i_reg[1]) is unused and will be removed from module mailbox.
WARNING: [Synth 8-3332] Sequential element (Using_Bus_0.Bus0_If/Using_AXI.AXI4_If/I_SLAVE_ATTACHMENT/bus2ip_addr_i_reg[0]) is unused and will be removed from module mailbox.
WARNING: [Synth 8-3332] Sequential element (Using_Bus_1.Bus1_If/Using_AXI.AXI4_If/I_SLAVE_ATTACHMENT/s_axi_bresp_i_reg[1]) is unused and will be removed from module mailbox.
WARNING: [Synth 8-3332] Sequential element (Using_Bus_1.Bus1_If/Using_AXI.AXI4_If/I_SLAVE_ATTACHMENT/s_axi_rresp_i_reg[1]) is unused and will be removed from module mailbox.
WARNING: [Synth 8-3332] Sequential element (Using_Bus_1.Bus1_If/Using_AXI.AXI4_If/I_SLAVE_ATTACHMENT/bus2ip_addr_i_reg[11]) is unused and will be removed from module mailbox.
WARNING: [Synth 8-3332] Sequential element (Using_Bus_1.Bus1_If/Using_AXI.AXI4_If/I_SLAVE_ATTACHMENT/bus2ip_addr_i_reg[10]) is unused and will be removed from module mailbox.
WARNING: [Synth 8-3332] Sequential element (Using_Bus_1.Bus1_If/Using_AXI.AXI4_If/I_SLAVE_ATTACHMENT/bus2ip_addr_i_reg[9]) is unused and will be removed from module mailbox.
WARNING: [Synth 8-3332] Sequential element (Using_Bus_1.Bus1_If/Using_AXI.AXI4_If/I_SLAVE_ATTACHMENT/bus2ip_addr_i_reg[8]) is unused and will be removed from module mailbox.
WARNING: [Synth 8-3332] Sequential element (Using_Bus_1.Bus1_If/Using_AXI.AXI4_If/I_SLAVE_ATTACHMENT/bus2ip_addr_i_reg[7]) is unused and will be removed from module mailbox.
WARNING: [Synth 8-3332] Sequential element (Using_Bus_1.Bus1_If/Using_AXI.AXI4_If/I_SLAVE_ATTACHMENT/bus2ip_addr_i_reg[6]) is unused and will be removed from module mailbox.
WARNING: [Synth 8-3332] Sequential element (Using_Bus_1.Bus1_If/Using_AXI.AXI4_If/I_SLAVE_ATTACHMENT/bus2ip_addr_i_reg[1]) is unused and will be removed from module mailbox.
WARNING: [Synth 8-3332] Sequential element (Using_Bus_1.Bus1_If/Using_AXI.AXI4_If/I_SLAVE_ATTACHMENT/bus2ip_addr_i_reg[0]) is unused and will be removed from module mailbox.
---------------------------------------------------------------------------------
Finished Cross Boundary and Area Optimization : Time (s): cpu = 00:00:23 ; elapsed = 00:00:52 . Memory (MB): peak = 1841.527 ; gain = 538.570 ; free physical = 9373 ; free virtual = 20171
---------------------------------------------------------------------------------
---------------------------------------------------------------------------------
Start ROM, RAM, DSP and Shift Register Reporting
---------------------------------------------------------------------------------

Distributed RAM: Preliminary Mapping  Report (see note below)
+------------+----------------------------------------------------------------------------------------------+-----------+----------------------+-----------------------------+
|Module Name | RTL Object                                                                                   | Inference | Size (Depth x Width) | Primitives                  | 
+------------+----------------------------------------------------------------------------------------------+-----------+----------------------+-----------------------------+
|U0          | fsl_1_to_0/Using_FIFO.Sync_FIFO_Gen.Sync_FIFO_I1/Sync_FIFO_I.dpram_fifo_i.DPRAM_FIFO/RAM_reg | Implied   | 128 x 32             | RAM64X1D x 4  RAM64M x 20   | 
|U0          | fsl_0_to_1/Using_FIFO.Sync_FIFO_Gen.Sync_FIFO_I1/Sync_FIFO_I.dpram_fifo_i.DPRAM_FIFO/RAM_reg | Implied   | 128 x 32             | RAM64X1D x 4  RAM64M x 20   | 
+------------+----------------------------------------------------------------------------------------------+-----------+----------------------+-----------------------------+

Note: The table above is a preliminary report that shows the Distributed RAMs at the current stage of the synthesis flow. Some Distributed RAMs may be reimplemented as non Distributed RAM primitives later in the synthesis flow. Multiple instantiated RAMs are reported only once.
---------------------------------------------------------------------------------
Finished ROM, RAM, DSP and Shift Register Reporting
---------------------------------------------------------------------------------

Report RTL Partitions: 
+-+--------------+------------+----------+
| |RTL Partition |Replication |Instances |
+-+--------------+------------+----------+
+-+--------------+------------+----------+
---------------------------------------------------------------------------------
Start Applying XDC Timing Constraints
---------------------------------------------------------------------------------
---------------------------------------------------------------------------------
Finished Applying XDC Timing Constraints : Time (s): cpu = 00:00:28 ; elapsed = 00:01:02 . Memory (MB): peak = 1841.527 ; gain = 538.570 ; free physical = 9164 ; free virtual = 19970
---------------------------------------------------------------------------------
---------------------------------------------------------------------------------
Start Timing Optimization
---------------------------------------------------------------------------------
---------------------------------------------------------------------------------
Finished Timing Optimization : Time (s): cpu = 00:00:28 ; elapsed = 00:01:03 . Memory (MB): peak = 1841.527 ; gain = 538.570 ; free physical = 9153 ; free virtual = 19959
---------------------------------------------------------------------------------
---------------------------------------------------------------------------------
Start ROM, RAM, DSP and Shift Register Reporting
---------------------------------------------------------------------------------

Distributed RAM: Final Mapping  Report
+------------+----------------------------------------------------------------------------------------------+-----------+----------------------+-----------------------------+
|Module Name | RTL Object                                                                                   | Inference | Size (Depth x Width) | Primitives                  | 
+------------+----------------------------------------------------------------------------------------------+-----------+----------------------+-----------------------------+
|U0          | fsl_1_to_0/Using_FIFO.Sync_FIFO_Gen.Sync_FIFO_I1/Sync_FIFO_I.dpram_fifo_i.DPRAM_FIFO/RAM_reg | Implied   | 128 x 32             | RAM64X1D x 4  RAM64M x 20   | 
|U0          | fsl_0_to_1/Using_FIFO.Sync_FIFO_Gen.Sync_FIFO_I1/Sync_FIFO_I.dpram_fifo_i.DPRAM_FIFO/RAM_reg | Implied   | 128 x 32             | RAM64X1D x 4  RAM64M x 20   | 
+------------+----------------------------------------------------------------------------------------------+-----------+----------------------+-----------------------------+

---------------------------------------------------------------------------------
Finished ROM, RAM, DSP and Shift Register Reporting
---------------------------------------------------------------------------------

Report RTL Partitions: 
+-+--------------+------------+----------+
| |RTL Partition |Replication |Instances |
+-+--------------+------------+----------+
+-+--------------+------------+----------+
---------------------------------------------------------------------------------
Start Technology Mapping
---------------------------------------------------------------------------------
WARNING: [Synth 8-3332] Sequential element (Using_Bus_0.Bus0_If/Using_AXI.AXI4_If/I_SLAVE_ATTACHMENT/s_axi_bresp_i_reg[0]) is unused and will be removed from module mailbox.
WARNING: [Synth 8-3332] Sequential element (Using_Bus_0.Bus0_If/Using_AXI.AXI4_If/I_SLAVE_ATTACHMENT/s_axi_rresp_i_reg[0]) is unused and will be removed from module mailbox.
WARNING: [Synth 8-3332] Sequential element (Using_Bus_1.Bus1_If/Using_AXI.AXI4_If/I_SLAVE_ATTACHMENT/s_axi_bresp_i_reg[0]) is unused and will be removed from module mailbox.
WARNING: [Synth 8-3332] Sequential element (Using_Bus_1.Bus1_If/Using_AXI.AXI4_If/I_SLAVE_ATTACHMENT/s_axi_rresp_i_reg[0]) is unused and will be removed from module mailbox.
---------------------------------------------------------------------------------
Finished Technology Mapping : Time (s): cpu = 00:00:28 ; elapsed = 00:01:03 . Memory (MB): peak = 1841.527 ; gain = 538.570 ; free physical = 9153 ; free virtual = 19958
---------------------------------------------------------------------------------

Report RTL Partitions: 
+-+--------------+------------+----------+
| |RTL Partition |Replication |Instances |
+-+--------------+------------+----------+
+-+--------------+------------+----------+
---------------------------------------------------------------------------------
Start IO Insertion
---------------------------------------------------------------------------------
---------------------------------------------------------------------------------
Start Flattening Before IO Insertion
---------------------------------------------------------------------------------
---------------------------------------------------------------------------------
Finished Flattening Before IO Insertion
---------------------------------------------------------------------------------
---------------------------------------------------------------------------------
Start Final Netlist Cleanup
---------------------------------------------------------------------------------
---------------------------------------------------------------------------------
Finished Final Netlist Cleanup
---------------------------------------------------------------------------------
---------------------------------------------------------------------------------
Finished IO Insertion : Time (s): cpu = 00:00:29 ; elapsed = 00:01:04 . Memory (MB): peak = 1841.527 ; gain = 538.570 ; free physical = 9153 ; free virtual = 19959
---------------------------------------------------------------------------------

Report Check Netlist: 
+------+------------------+-------+---------+-------+------------------+
|      |Item              |Errors |Warnings |Status |Description       |
+------+------------------+-------+---------+-------+------------------+
|1     |multi_driven_nets |      0|        0|Passed |Multi driven nets |
+------+------------------+-------+---------+-------+------------------+
---------------------------------------------------------------------------------
Start Renaming Generated Instances
---------------------------------------------------------------------------------
---------------------------------------------------------------------------------
Finished Renaming Generated Instances : Time (s): cpu = 00:00:29 ; elapsed = 00:01:04 . Memory (MB): peak = 1841.527 ; gain = 538.570 ; free physical = 9153 ; free virtual = 19959
---------------------------------------------------------------------------------

Report RTL Partitions: 
+-+--------------+------------+----------+
| |RTL Partition |Replication |Instances |
+-+--------------+------------+----------+
+-+--------------+------------+----------+
---------------------------------------------------------------------------------
Start Rebuilding User Hierarchy
---------------------------------------------------------------------------------
---------------------------------------------------------------------------------
Finished Rebuilding User Hierarchy : Time (s): cpu = 00:00:29 ; elapsed = 00:01:04 . Memory (MB): peak = 1841.527 ; gain = 538.570 ; free physical = 9153 ; free virtual = 19958
---------------------------------------------------------------------------------
---------------------------------------------------------------------------------
Start Renaming Generated Ports
---------------------------------------------------------------------------------
---------------------------------------------------------------------------------
Finished Renaming Generated Ports : Time (s): cpu = 00:00:29 ; elapsed = 00:01:04 . Memory (MB): peak = 1841.527 ; gain = 538.570 ; free physical = 9153 ; free virtual = 19958
---------------------------------------------------------------------------------
---------------------------------------------------------------------------------
Start Handling Custom Attributes
---------------------------------------------------------------------------------
---------------------------------------------------------------------------------
Finished Handling Custom Attributes : Time (s): cpu = 00:00:29 ; elapsed = 00:01:04 . Memory (MB): peak = 1841.527 ; gain = 538.570 ; free physical = 9153 ; free virtual = 19958
---------------------------------------------------------------------------------
---------------------------------------------------------------------------------
Start Renaming Generated Nets
---------------------------------------------------------------------------------
---------------------------------------------------------------------------------
Finished Renaming Generated Nets : Time (s): cpu = 00:00:29 ; elapsed = 00:01:04 . Memory (MB): peak = 1841.527 ; gain = 538.570 ; free physical = 9153 ; free virtual = 19958
---------------------------------------------------------------------------------
---------------------------------------------------------------------------------
Start Writing Synthesis Report
---------------------------------------------------------------------------------

Report BlackBoxes: 
+-+--------------+----------+
| |BlackBox name |Instances |
+-+--------------+----------+
+-+--------------+----------+

Report Cell Usage: 
+------+---------+------+
|      |Cell     |Count |
+------+---------+------+
|1     |CARRY4   |     8|
|2     |LUT1     |     8|
|3     |LUT2     |    46|
|4     |LUT3     |    63|
|5     |LUT4     |   120|
|6     |LUT5     |    48|
|7     |LUT6     |    66|
|8     |RAM64M   |    40|
|9     |RAM64X1D |     8|
|10    |FDRE     |   225|
+------+---------+------+

Report Instance Areas: 
+------+-----------------------------------------------------------------------------+---------------------------------+------+
|      |Instance                                                                     |Module                           |Cells |
+------+-----------------------------------------------------------------------------+---------------------------------+------+
|1     |top                                                                          |                                 |   632|
|2     |  U0                                                                         |mailbox                          |   632|
|3     |    \Using_Bus_0.Bus0_If                                                     |if_decode                        |   190|
|4     |      \Using_AXI.AXI4_If                                                     |axi_lite_ipif                    |   152|
|5     |        I_SLAVE_ATTACHMENT                                                   |slave_attachment                 |   152|
|6     |          I_DECODER                                                          |address_decoder                  |    78|
|7     |            \MEM_DECODE_GEN[0].PER_CE_GEN[0].MULTIPLE_CES_THIS_CS_GEN.CE_I   |pselect_f_3                      |     1|
|8     |            \MEM_DECODE_GEN[0].PER_CE_GEN[10].MULTIPLE_CES_THIS_CS_GEN.CE_I  |pselect_f__parameterized9_4      |     1|
|9     |            \MEM_DECODE_GEN[0].PER_CE_GEN[11].MULTIPLE_CES_THIS_CS_GEN.CE_I  |pselect_f__parameterized10_5     |     1|
|10    |            \MEM_DECODE_GEN[0].PER_CE_GEN[2].MULTIPLE_CES_THIS_CS_GEN.CE_I   |pselect_f__parameterized1_6      |     1|
|11    |            \MEM_DECODE_GEN[0].PER_CE_GEN[4].MULTIPLE_CES_THIS_CS_GEN.CE_I   |pselect_f__parameterized3_7      |     1|
|12    |            \MEM_DECODE_GEN[0].PER_CE_GEN[5].MULTIPLE_CES_THIS_CS_GEN.CE_I   |pselect_f__parameterized4_8      |     1|
|13    |            \MEM_DECODE_GEN[0].PER_CE_GEN[6].MULTIPLE_CES_THIS_CS_GEN.CE_I   |pselect_f__parameterized5_9      |     1|
|14    |            \MEM_DECODE_GEN[0].PER_CE_GEN[7].MULTIPLE_CES_THIS_CS_GEN.CE_I   |pselect_f__parameterized6_10     |     1|
|15    |            \MEM_DECODE_GEN[0].PER_CE_GEN[8].MULTIPLE_CES_THIS_CS_GEN.CE_I   |pselect_f__parameterized7_11     |     1|
|16    |            \MEM_DECODE_GEN[0].PER_CE_GEN[9].MULTIPLE_CES_THIS_CS_GEN.CE_I   |pselect_f__parameterized8_12     |     1|
|17    |    \Using_Bus_1.Bus1_If                                                     |if_decode__parameterized1        |   190|
|18    |      \Using_AXI.AXI4_If                                                     |axi_lite_ipif__parameterized1    |   152|
|19    |        I_SLAVE_ATTACHMENT                                                   |slave_attachment__parameterized0 |   152|
|20    |          I_DECODER                                                          |address_decoder__parameterized0  |    78|
|21    |            \MEM_DECODE_GEN[0].PER_CE_GEN[0].MULTIPLE_CES_THIS_CS_GEN.CE_I   |pselect_f                        |     1|
|22    |            \MEM_DECODE_GEN[0].PER_CE_GEN[10].MULTIPLE_CES_THIS_CS_GEN.CE_I  |pselect_f__parameterized9        |     1|
|23    |            \MEM_DECODE_GEN[0].PER_CE_GEN[11].MULTIPLE_CES_THIS_CS_GEN.CE_I  |pselect_f__parameterized10       |     1|
|24    |            \MEM_DECODE_GEN[0].PER_CE_GEN[2].MULTIPLE_CES_THIS_CS_GEN.CE_I   |pselect_f__parameterized1        |     1|
|25    |            \MEM_DECODE_GEN[0].PER_CE_GEN[4].MULTIPLE_CES_THIS_CS_GEN.CE_I   |pselect_f__parameterized3        |     1|
|26    |            \MEM_DECODE_GEN[0].PER_CE_GEN[5].MULTIPLE_CES_THIS_CS_GEN.CE_I   |pselect_f__parameterized4        |     1|
|27    |            \MEM_DECODE_GEN[0].PER_CE_GEN[6].MULTIPLE_CES_THIS_CS_GEN.CE_I   |pselect_f__parameterized5        |     1|
|28    |            \MEM_DECODE_GEN[0].PER_CE_GEN[7].MULTIPLE_CES_THIS_CS_GEN.CE_I   |pselect_f__parameterized6        |     1|
|29    |            \MEM_DECODE_GEN[0].PER_CE_GEN[8].MULTIPLE_CES_THIS_CS_GEN.CE_I   |pselect_f__parameterized7        |     1|
|30    |            \MEM_DECODE_GEN[0].PER_CE_GEN[9].MULTIPLE_CES_THIS_CS_GEN.CE_I   |pselect_f__parameterized8        |     1|
|31    |    fsl_0_to_1                                                               |fsl_v20                          |   124|
|32    |      \Using_FIFO.Sync_FIFO_Gen.Sync_FIFO_I1                                 |Sync_FIFO_1                      |   124|
|33    |        \Sync_FIFO_I.dpram_fifo_i.DPRAM_FIFO                                 |Sync_DPRAM_2                     |    56|
|34    |    fsl_1_to_0                                                               |fsl_v20_0                        |   124|
|35    |      \Using_FIFO.Sync_FIFO_Gen.Sync_FIFO_I1                                 |Sync_FIFO                        |   124|
|36    |        \Sync_FIFO_I.dpram_fifo_i.DPRAM_FIFO                                 |Sync_DPRAM                       |    56|
+------+-----------------------------------------------------------------------------+---------------------------------+------+
---------------------------------------------------------------------------------
Finished Writing Synthesis Report : Time (s): cpu = 00:00:29 ; elapsed = 00:01:04 . Memory (MB): peak = 1841.527 ; gain = 538.570 ; free physical = 9153 ; free virtual = 19958
---------------------------------------------------------------------------------
Synthesis finished with 0 errors, 0 critical warnings and 201 warnings.
Synthesis Optimization Runtime : Time (s): cpu = 00:00:22 ; elapsed = 00:00:31 . Memory (MB): peak = 1841.527 ; gain = 129.535 ; free physical = 9207 ; free virtual = 20012
Synthesis Optimization Complete : Time (s): cpu = 00:00:29 ; elapsed = 00:01:04 . Memory (MB): peak = 1841.527 ; gain = 538.570 ; free physical = 9207 ; free virtual = 20012
INFO: [Project 1-571] Translating synthesized netlist
INFO: [Netlist 29-17] Analyzing 56 Unisim elements for replacement
INFO: [Netlist 29-28] Unisim Transformation completed in 0 CPU seconds
INFO: [Project 1-570] Preparing netlist for logic optimization
INFO: [Opt 31-138] Pushed 0 inverter(s) to 0 load pin(s).
INFO: [Project 1-111] Unisim Transformation Summary:
  A total of 48 instances were transformed.
  RAM64M => RAM64M (RAMD64E, RAMD64E, RAMD64E, RAMD64E): 40 instances
  RAM64X1D => RAM64X1D (RAMD64E, RAMD64E): 8 instances

INFO: [Common 17-83] Releasing license: Synthesis
92 Infos, 144 Warnings, 0 Critical Warnings and 0 Errors encountered.
synth_design completed successfully
synth_design: Time (s): cpu = 00:00:31 ; elapsed = 00:01:05 . Memory (MB): peak = 1841.527 ; gain = 563.395 ; free physical = 9195 ; free virtual = 20002
INFO: [Common 17-1381] The checkpoint '/home/akayashima/H30_Xilinx/Multiple-Core-v2/Multiple-Core.runs/design_1_mailbox_0_0_synth_1/design_1_mailbox_0_0.dcp' has been generated.
