#-----------------------------------------------------------
# Webtalk v2017.4 (64-bit)
# SW Build 2086221 on Fri Dec 15 20:54:30 MST 2017
# 
# Start of session at: Mon Dec 17 21:49:38 2018
# Process ID: 27401
# Current directory: /home/akayashima/H30_Xilinx/Mutex-20181213/Multiple-Core.sdk/webtalk
# Command line: wbtcv -mode batch -source sdk_webtalk.tcl
# Log file: /home/akayashima/H30_Xilinx/Mutex-20181213/Multiple-Core.sdk/webtalk/webtalk.log
# Journal file: /home/akayashima/H30_Xilinx/Mutex-20181213/Multiple-Core.sdk/webtalk/webtalk.jou
#-----------------------------------------------------------
source sdk_webtalk.tcl
# webtalk_init -webtalk_dir /home/akayashima/H30_Xilinx/Mutex-20181213/Multiple-Core.sdk/webtalk
# webtalk_register_client -client project
# webtalk_add_data -client project -key date_generated -value "2018-12-17 21:49:37" -context "software_version_and_target_device"
# webtalk_add_data -client project -key product_version -value "SDK v2017.4" -context "software_version_and_target_device"
# webtalk_add_data -client project -key build_version -value "2017.4" -context "software_version_and_target_device"
# webtalk_add_data -client project -key os_platform -value "amd64" -context "software_version_and_target_device"
# webtalk_add_data -client project -key registration_id -value "211387882_1777527812_210663870_969" -context "software_version_and_target_device"
# webtalk_add_data -client project -key tool_flow -value "SDK" -context "software_version_and_target_device"
# webtalk_add_data -client project -key beta -value "false" -context "software_version_and_target_device"
# webtalk_add_data -client project -key route_design -value "NA" -context "software_version_and_target_device"
# webtalk_add_data -client project -key target_family -value "NA" -context "software_version_and_target_device"
# webtalk_add_data -client project -key target_device -value "NA" -context "software_version_and_target_device"
# webtalk_add_data -client project -key target_package -value "NA" -context "software_version_and_target_device"
# webtalk_add_data -client project -key target_speed -value "NA" -context "software_version_and_target_device"
# webtalk_add_data -client project -key random_id -value "rsfqa7js88pcg33ttrobit13ci" -context "software_version_and_target_device"
# webtalk_add_data -client project -key project_id -value "2017.4_44" -context "software_version_and_target_device"
# webtalk_add_data -client project -key project_iteration -value "44" -context "software_version_and_target_device"
# webtalk_add_data -client project -key os_name -value "CentOS" -context "user_environment"
# webtalk_add_data -client project -key os_release -value "CentOS Linux release 7.5.1804 (Core)" -context "user_environment"
# webtalk_add_data -client project -key cpu_name -value "Intel(R) Core(TM) i7-7700 CPU @ 3.60GHz" -context "user_environment"
# webtalk_add_data -client project -key cpu_speed -value "4015.502 MHz" -context "user_environment"
# webtalk_add_data -client project -key total_processors -value "1" -context "user_environment"
# webtalk_add_data -client project -key system_ram -value "16.620 GB" -context "user_environment"
# webtalk_register_client -client sdk
# webtalk_add_data -client sdk -key uid -value "1544780258000" -context "sdk\\\\hardware/1544780258000"
# webtalk_add_data -client sdk -key isZynq -value "false" -context "sdk\\\\hardware/1544780258000"
# webtalk_add_data -client sdk -key isZynqMP -value "false" -context "sdk\\\\hardware/1544780258000"
# webtalk_add_data -client sdk -key Processors -value "2" -context "sdk\\\\hardware/1544780258000"
# webtalk_add_data -client sdk -key VivadoVersion -value "2017.4" -context "sdk\\\\hardware/1544780258000"
# webtalk_add_data -client sdk -key Arch -value "artix7" -context "sdk\\\\hardware/1544780258000"
# webtalk_add_data -client sdk -key Device -value "7a200t" -context "sdk\\\\hardware/1544780258000"
# webtalk_add_data -client sdk -key IsHandoff -value "true" -context "sdk\\\\hardware/1544780258000"
# webtalk_add_data -client sdk -key os -value "NA" -context "sdk\\\\hardware/1544780258000"
# webtalk_add_data -client sdk -key apptemplate -value "NA" -context "sdk\\\\hardware/1544780258000"
# webtalk_add_data -client sdk -key RecordType -value "HWCreation" -context "sdk\\\\hardware/1544780258000"
# webtalk_add_data -client sdk -key uid -value "1544780287000" -context "sdk\\\\bsp/1544780287000"
# webtalk_add_data -client sdk -key hwid -value "1544780258000" -context "sdk\\\\bsp/1544780287000"
# webtalk_add_data -client sdk -key os -value "standalone" -context "sdk\\\\bsp/1544780287000"
# webtalk_add_data -client sdk -key apptemplate -value "empty_application" -context "sdk\\\\bsp/1544780287000"
# webtalk_add_data -client sdk -key RecordType -value "BSPCreation" -context "sdk\\\\bsp/1544780287000"
# webtalk_add_data -client sdk -key uid -value "1544780289000" -context "sdk\\\\application/1544780289000"
# webtalk_add_data -client sdk -key hwid -value "1544780258000" -context "sdk\\\\application/1544780289000"
# webtalk_add_data -client sdk -key bspid -value "1544780287000" -context "sdk\\\\application/1544780289000"
# webtalk_add_data -client sdk -key newbsp -value "true" -context "sdk\\\\application/1544780289000"
# webtalk_add_data -client sdk -key os -value "standalone" -context "sdk\\\\application/1544780289000"
# webtalk_add_data -client sdk -key apptemplate -value "empty_application" -context "sdk\\\\application/1544780289000"
# webtalk_add_data -client sdk -key RecordType -value "APPCreation" -context "sdk\\\\application/1544780289000"
# webtalk_add_data -client sdk -key LangUsed -value "C" -context "sdk\\\\application/1544780289000"
# webtalk_add_data -client sdk -key Procused -value "microblaze" -context "sdk\\\\application/1544780289000"
# webtalk_add_data -client sdk -key projSize -value "98.39453125" -context "sdk\\\\application/1544780289000"
# webtalk_add_data -client sdk -key uid -value "1544780323000" -context "sdk\\\\bsp/1544780323000"
# webtalk_add_data -client sdk -key hwid -value "1544780258000" -context "sdk\\\\bsp/1544780323000"
# webtalk_add_data -client sdk -key os -value "standalone" -context "sdk\\\\bsp/1544780323000"
# webtalk_add_data -client sdk -key apptemplate -value "empty_application" -context "sdk\\\\bsp/1544780323000"
# webtalk_add_data -client sdk -key RecordType -value "BSPCreation" -context "sdk\\\\bsp/1544780323000"
# webtalk_add_data -client sdk -key projSize -value "99.82421875" -context "sdk\\\\bsp/1544780323000"
# webtalk_add_data -client sdk -key uid -value "1544780323000" -context "sdk\\\\application/1544780323000"
# webtalk_add_data -client sdk -key hwid -value "1544780258000" -context "sdk\\\\application/1544780323000"
# webtalk_add_data -client sdk -key bspid -value "1544780323000" -context "sdk\\\\application/1544780323000"
# webtalk_add_data -client sdk -key newbsp -value "true" -context "sdk\\\\application/1544780323000"
# webtalk_add_data -client sdk -key os -value "standalone" -context "sdk\\\\application/1544780323000"
# webtalk_add_data -client sdk -key apptemplate -value "empty_application" -context "sdk\\\\application/1544780323000"
# webtalk_add_data -client sdk -key RecordType -value "APPCreation" -context "sdk\\\\application/1544780323000"
# webtalk_add_data -client sdk -key LangUsed -value "C" -context "sdk\\\\application/1544780323000"
# webtalk_add_data -client sdk -key Procused -value "microblaze" -context "sdk\\\\application/1544780323000"
# webtalk_add_data -client sdk -key projSize -value "99.82421875" -context "sdk\\\\application/1544780323000"
# webtalk_add_data -client sdk -key uid -value "NA" -context "sdk\\\\bsp/1545050976939"
# webtalk_add_data -client sdk -key RecordType -value "ToolUsage" -context "sdk\\\\bsp/1545050976939"
# webtalk_add_data -client sdk -key BootgenCount -value "0" -context "sdk\\\\bsp/1545050976939"
# webtalk_add_data -client sdk -key DebugCount -value "8" -context "sdk\\\\bsp/1545050976939"
# webtalk_add_data -client sdk -key PerfCount -value "0" -context "sdk\\\\bsp/1545050976939"
# webtalk_add_data -client sdk -key FlashCount -value "0" -context "sdk\\\\bsp/1545050976939"
# webtalk_add_data -client sdk -key CrossTriggCount -value "0" -context "sdk\\\\bsp/1545050976939"
# webtalk_add_data -client sdk -key QemuDebugCount -value "0" -context "sdk\\\\bsp/1545050976939"
# webtalk_transmit -clientid 700146129 -regid "211387882_1777527812_210663870_969" -xml /home/akayashima/H30_Xilinx/Mutex-20181213/Multiple-Core.sdk/webtalk/usage_statistics_ext_sdk.xml -html /home/akayashima/H30_Xilinx/Mutex-20181213/Multiple-Core.sdk/webtalk/usage_statistics_ext_sdk.html -wdm /home/akayashima/H30_Xilinx/Mutex-20181213/Multiple-Core.sdk/webtalk/sdk_webtalk.wdm -intro "<H3>SDK Usage Report</H3><BR>"
INFO: [Common 17-186] '/home/akayashima/H30_Xilinx/Mutex-20181213/Multiple-Core.sdk/webtalk/usage_statistics_ext_sdk.xml' has been successfully sent to Xilinx on Mon Dec 17 21:49:40 2018. For additional details about this file, please refer to the WebTalk help file at /home/Xilinx/SDK/2017.4/doc/webtalk_introduction.html.
# webtalk_terminate
INFO: [Common 17-206] Exiting Webtalk at Mon Dec 17 21:49:40 2018...
