INFO: [VRFC 10-2263] Analyzing Verilog file "/home/akayashima/H31_Xilinx/Img-processing-sim/Multiple-Core.ip_user_files/bd/design_1/ip/design_1_xbar_1/sim/design_1_xbar_1.v" into library xil_defaultlib
INFO: [VRFC 10-311] analyzing module design_1_xbar_1
INFO: [VRFC 10-2263] Analyzing Verilog file "/home/akayashima/H31_Xilinx/Img-processing-sim/Multiple-Core.ip_user_files/bd/design_1/ip/design_1_mig_7series_0_1/design_1_mig_7series_0_1/user_design/rtl/axi/mig_7series_v4_0_axi_ctrl_addr_decode.v" into library xil_defaultlib
INFO: [VRFC 10-311] analyzing module mig_7series_v4_0_axi_ctrl_addr_decode
INFO: [VRFC 10-2263] Analyzing Verilog file "/home/akayashima/H31_Xilinx/Img-processing-sim/Multiple-Core.ip_user_files/bd/design_1/ip/design_1_mig_7series_0_1/design_1_mig_7series_0_1/user_design/rtl/axi/mig_7series_v4_0_axi_ctrl_read.v" into library xil_defaultlib
INFO: [VRFC 10-311] analyzing module mig_7series_v4_0_axi_ctrl_read
INFO: [VRFC 10-2263] Analyzing Verilog file "/home/akayashima/H31_Xilinx/Img-processing-sim/Multiple-Core.ip_user_files/bd/design_1/ip/design_1_mig_7series_0_1/design_1_mig_7series_0_1/user_design/rtl/axi/mig_7series_v4_0_axi_ctrl_reg_bank.v" into library xil_defaultlib
INFO: [VRFC 10-311] analyzing module mig_7series_v4_0_axi_ctrl_reg_bank
INFO: [VRFC 10-2263] Analyzing Verilog file "/home/akayashima/H31_Xilinx/Img-processing-sim/Multiple-Core.ip_user_files/bd/design_1/ip/design_1_mig_7series_0_1/design_1_mig_7series_0_1/user_design/rtl/axi/mig_7series_v4_0_axi_ctrl_reg.v" into library xil_defaultlib
INFO: [VRFC 10-311] analyzing module mig_7series_v4_0_axi_ctrl_reg
INFO: [VRFC 10-2263] Analyzing Verilog file "/home/akayashima/H31_Xilinx/Img-processing-sim/Multiple-Core.ip_user_files/bd/design_1/ip/design_1_mig_7series_0_1/design_1_mig_7series_0_1/user_design/rtl/axi/mig_7series_v4_0_axi_ctrl_top.v" into library xil_defaultlib
INFO: [VRFC 10-311] analyzing module mig_7series_v4_0_axi_ctrl_top
INFO: [VRFC 10-2263] Analyzing Verilog file "/home/akayashima/H31_Xilinx/Img-processing-sim/Multiple-Core.ip_user_files/bd/design_1/ip/design_1_mig_7series_0_1/design_1_mig_7series_0_1/user_design/rtl/axi/mig_7series_v4_0_axi_ctrl_write.v" into library xil_defaultlib
INFO: [VRFC 10-311] analyzing module mig_7series_v4_0_axi_ctrl_write
INFO: [VRFC 10-2263] Analyzing Verilog file "/home/akayashima/H31_Xilinx/Img-processing-sim/Multiple-Core.ip_user_files/bd/design_1/ip/design_1_mig_7series_0_1/design_1_mig_7series_0_1/user_design/rtl/axi/mig_7series_v4_0_axi_mc.v" into library xil_defaultlib
INFO: [VRFC 10-311] analyzing module mig_7series_v4_0_axi_mc
INFO: [VRFC 10-2263] Analyzing Verilog file "/home/akayashima/H31_Xilinx/Img-processing-sim/Multiple-Core.ip_user_files/bd/design_1/ip/design_1_mig_7series_0_1/design_1_mig_7series_0_1/user_design/rtl/axi/mig_7series_v4_0_axi_mc_ar_channel.v" into library xil_defaultlib
INFO: [VRFC 10-311] analyzing module mig_7series_v4_0_axi_mc_ar_channel
INFO: [VRFC 10-2263] Analyzing Verilog file "/home/akayashima/H31_Xilinx/Img-processing-sim/Multiple-Core.ip_user_files/bd/design_1/ip/design_1_mig_7series_0_1/design_1_mig_7series_0_1/user_design/rtl/axi/mig_7series_v4_0_axi_mc_aw_channel.v" into library xil_defaultlib
INFO: [VRFC 10-311] analyzing module mig_7series_v4_0_axi_mc_aw_channel
INFO: [VRFC 10-2263] Analyzing Verilog file "/home/akayashima/H31_Xilinx/Img-processing-sim/Multiple-Core.ip_user_files/bd/design_1/ip/design_1_mig_7series_0_1/design_1_mig_7series_0_1/user_design/rtl/axi/mig_7series_v4_0_axi_mc_b_channel.v" into library xil_defaultlib
INFO: [VRFC 10-311] analyzing module mig_7series_v4_0_axi_mc_b_channel
INFO: [VRFC 10-2263] Analyzing Verilog file "/home/akayashima/H31_Xilinx/Img-processing-sim/Multiple-Core.ip_user_files/bd/design_1/ip/design_1_mig_7series_0_1/design_1_mig_7series_0_1/user_design/rtl/axi/mig_7series_v4_0_axi_mc_cmd_arbiter.v" into library xil_defaultlib
INFO: [VRFC 10-311] analyzing module mig_7series_v4_0_axi_mc_cmd_arbiter
INFO: [VRFC 10-2263] Analyzing Verilog file "/home/akayashima/H31_Xilinx/Img-processing-sim/Multiple-Core.ip_user_files/bd/design_1/ip/design_1_mig_7series_0_1/design_1_mig_7series_0_1/user_design/rtl/axi/mig_7series_v4_0_axi_mc_cmd_fsm.v" into library xil_defaultlib
INFO: [VRFC 10-311] analyzing module mig_7series_v4_0_axi_mc_cmd_fsm
INFO: [VRFC 10-2263] Analyzing Verilog file "/home/akayashima/H31_Xilinx/Img-processing-sim/Multiple-Core.ip_user_files/bd/design_1/ip/design_1_mig_7series_0_1/design_1_mig_7series_0_1/user_design/rtl/axi/mig_7series_v4_0_axi_mc_wr_cmd_fsm.v" into library xil_defaultlib
INFO: [VRFC 10-311] analyzing module mig_7series_v4_0_axi_mc_wr_cmd_fsm
INFO: [VRFC 10-2263] Analyzing Verilog file "/home/akayashima/H31_Xilinx/Img-processing-sim/Multiple-Core.ip_user_files/bd/design_1/ip/design_1_mig_7series_0_1/design_1_mig_7series_0_1/user_design/rtl/axi/mig_7series_v4_0_axi_mc_cmd_translator.v" into library xil_defaultlib
INFO: [VRFC 10-311] analyzing module mig_7series_v4_0_axi_mc_cmd_translator
INFO: [VRFC 10-2263] Analyzing Verilog file "/home/akayashima/H31_Xilinx/Img-processing-sim/Multiple-Core.ip_user_files/bd/design_1/ip/design_1_mig_7series_0_1/design_1_mig_7series_0_1/user_design/rtl/axi/mig_7series_v4_0_axi_mc_incr_cmd.v" into library xil_defaultlib
INFO: [VRFC 10-311] analyzing module mig_7series_v4_0_axi_mc_incr_cmd
INFO: [VRFC 10-2263] Analyzing Verilog file "/home/akayashima/H31_Xilinx/Img-processing-sim/Multiple-Core.ip_user_files/bd/design_1/ip/design_1_mig_7series_0_1/design_1_mig_7series_0_1/user_design/rtl/axi/mig_7series_v4_0_axi_mc_r_channel.v" into library xil_defaultlib
INFO: [VRFC 10-311] analyzing module mig_7series_v4_0_axi_mc_r_channel
INFO: [VRFC 10-2263] Analyzing Verilog file "/home/akayashima/H31_Xilinx/Img-processing-sim/Multiple-Core.ip_user_files/bd/design_1/ip/design_1_mig_7series_0_1/design_1_mig_7series_0_1/user_design/rtl/axi/mig_7series_v4_0_axi_mc_simple_fifo.v" into library xil_defaultlib
INFO: [VRFC 10-311] analyzing module mig_7series_v4_0_axi_mc_simple_fifo
INFO: [VRFC 10-2263] Analyzing Verilog file "/home/akayashima/H31_Xilinx/Img-processing-sim/Multiple-Core.ip_user_files/bd/design_1/ip/design_1_mig_7series_0_1/design_1_mig_7series_0_1/user_design/rtl/axi/mig_7series_v4_0_axi_mc_fifo.v" into library xil_defaultlib
INFO: [VRFC 10-311] analyzing module mig_7series_v4_0_axi_mc_fifo
INFO: [VRFC 10-2263] Analyzing Verilog file "/home/akayashima/H31_Xilinx/Img-processing-sim/Multiple-Core.ip_user_files/bd/design_1/ip/design_1_mig_7series_0_1/design_1_mig_7series_0_1/user_design/rtl/axi/mig_7series_v4_0_axi_mc_w_channel.v" into library xil_defaultlib
INFO: [VRFC 10-311] analyzing module mig_7series_v4_0_axi_mc_w_channel
INFO: [VRFC 10-2263] Analyzing Verilog file "/home/akayashima/H31_Xilinx/Img-processing-sim/Multiple-Core.ip_user_files/bd/design_1/ip/design_1_mig_7series_0_1/design_1_mig_7series_0_1/user_design/rtl/axi/mig_7series_v4_0_axi_mc_wrap_cmd.v" into library xil_defaultlib
INFO: [VRFC 10-311] analyzing module mig_7series_v4_0_axi_mc_wrap_cmd
INFO: [VRFC 10-2263] Analyzing Verilog file "/home/akayashima/H31_Xilinx/Img-processing-sim/Multiple-Core.ip_user_files/bd/design_1/ip/design_1_mig_7series_0_1/design_1_mig_7series_0_1/user_design/rtl/axi/mig_7series_v4_0_ddr_a_upsizer.v" into library xil_defaultlib
INFO: [VRFC 10-311] analyzing module mig_7series_v4_0_ddr_a_upsizer
INFO: [VRFC 10-2263] Analyzing Verilog file "/home/akayashima/H31_Xilinx/Img-processing-sim/Multiple-Core.ip_user_files/bd/design_1/ip/design_1_mig_7series_0_1/design_1_mig_7series_0_1/user_design/rtl/axi/mig_7series_v4_0_ddr_axi_register_slice.v" into library xil_defaultlib
INFO: [VRFC 10-311] analyzing module mig_7series_v4_0_ddr_axi_register_slice
INFO: [VRFC 10-2263] Analyzing Verilog file "/home/akayashima/H31_Xilinx/Img-processing-sim/Multiple-Core.ip_user_files/bd/design_1/ip/design_1_mig_7series_0_1/design_1_mig_7series_0_1/user_design/rtl/axi/mig_7series_v4_0_ddr_axi_upsizer.v" into library xil_defaultlib
INFO: [VRFC 10-311] analyzing module mig_7series_v4_0_ddr_axi_upsizer
INFO: [VRFC 10-2263] Analyzing Verilog file "/home/akayashima/H31_Xilinx/Img-processing-sim/Multiple-Core.ip_user_files/bd/design_1/ip/design_1_mig_7series_0_1/design_1_mig_7series_0_1/user_design/rtl/axi/mig_7series_v4_0_ddr_axic_register_slice.v" into library xil_defaultlib
INFO: [VRFC 10-311] analyzing module mig_7series_v4_0_ddr_axic_register_slice
INFO: [VRFC 10-2263] Analyzing Verilog file "/home/akayashima/H31_Xilinx/Img-processing-sim/Multiple-Core.ip_user_files/bd/design_1/ip/design_1_mig_7series_0_1/design_1_mig_7series_0_1/user_design/rtl/axi/mig_7series_v4_0_ddr_carry_and.v" into library xil_defaultlib
INFO: [VRFC 10-311] analyzing module mig_7series_v4_0_ddr_carry_and
INFO: [VRFC 10-2263] Analyzing Verilog file "/home/akayashima/H31_Xilinx/Img-processing-sim/Multiple-Core.ip_user_files/bd/design_1/ip/design_1_mig_7series_0_1/design_1_mig_7series_0_1/user_design/rtl/axi/mig_7series_v4_0_ddr_carry_latch_and.v" into library xil_defaultlib
INFO: [VRFC 10-311] analyzing module mig_7series_v4_0_ddr_carry_latch_and
INFO: [VRFC 10-2263] Analyzing Verilog file "/home/akayashima/H31_Xilinx/Img-processing-sim/Multiple-Core.ip_user_files/bd/design_1/ip/design_1_mig_7series_0_1/design_1_mig_7series_0_1/user_design/rtl/axi/mig_7series_v4_0_ddr_carry_latch_or.v" into library xil_defaultlib
INFO: [VRFC 10-311] analyzing module mig_7series_v4_0_ddr_carry_latch_or
INFO: [VRFC 10-2263] Analyzing Verilog file "/home/akayashima/H31_Xilinx/Img-processing-sim/Multiple-Core.ip_user_files/bd/design_1/ip/design_1_mig_7series_0_1/design_1_mig_7series_0_1/user_design/rtl/axi/mig_7series_v4_0_ddr_carry_or.v" into library xil_defaultlib
INFO: [VRFC 10-311] analyzing module mig_7series_v4_0_ddr_carry_or
INFO: [VRFC 10-2263] Analyzing Verilog file "/home/akayashima/H31_Xilinx/Img-processing-sim/Multiple-Core.ip_user_files/bd/design_1/ip/design_1_mig_7series_0_1/design_1_mig_7series_0_1/user_design/rtl/axi/mig_7series_v4_0_ddr_command_fifo.v" into library xil_defaultlib
INFO: [VRFC 10-311] analyzing module mig_7series_v4_0_ddr_command_fifo
INFO: [VRFC 10-2263] Analyzing Verilog file "/home/akayashima/H31_Xilinx/Img-processing-sim/Multiple-Core.ip_user_files/bd/design_1/ip/design_1_mig_7series_0_1/design_1_mig_7series_0_1/user_design/rtl/axi/mig_7series_v4_0_ddr_comparator.v" into library xil_defaultlib
INFO: [VRFC 10-311] analyzing module mig_7series_v4_0_ddr_comparator
INFO: [VRFC 10-2263] Analyzing Verilog file "/home/akayashima/H31_Xilinx/Img-processing-sim/Multiple-Core.ip_user_files/bd/design_1/ip/design_1_mig_7series_0_1/design_1_mig_7series_0_1/user_design/rtl/axi/mig_7series_v4_0_ddr_comparator_sel.v" into library xil_defaultlib
INFO: [VRFC 10-311] analyzing module mig_7series_v4_0_ddr_comparator_sel
INFO: [VRFC 10-2263] Analyzing Verilog file "/home/akayashima/H31_Xilinx/Img-processing-sim/Multiple-Core.ip_user_files/bd/design_1/ip/design_1_mig_7series_0_1/design_1_mig_7series_0_1/user_design/rtl/axi/mig_7series_v4_0_ddr_comparator_sel_static.v" into library xil_defaultlib
INFO: [VRFC 10-311] analyzing module mig_7series_v4_0_ddr_comparator_sel_static
INFO: [VRFC 10-2263] Analyzing Verilog file "/home/akayashima/H31_Xilinx/Img-processing-sim/Multiple-Core.ip_user_files/bd/design_1/ip/design_1_mig_7series_0_1/design_1_mig_7series_0_1/user_design/rtl/axi/mig_7series_v4_0_ddr_r_upsizer.v" into library xil_defaultlib
INFO: [VRFC 10-311] analyzing module mig_7series_v4_0_ddr_r_upsizer
INFO: [VRFC 10-2263] Analyzing Verilog file "/home/akayashima/H31_Xilinx/Img-processing-sim/Multiple-Core.ip_user_files/bd/design_1/ip/design_1_mig_7series_0_1/design_1_mig_7series_0_1/user_design/rtl/axi/mig_7series_v4_0_ddr_w_upsizer.v" into library xil_defaultlib
INFO: [VRFC 10-311] analyzing module mig_7series_v4_0_ddr_w_upsizer
INFO: [VRFC 10-2263] Analyzing Verilog file "/home/akayashima/H31_Xilinx/Img-processing-sim/Multiple-Core.ip_user_files/bd/design_1/ip/design_1_mig_7series_0_1/design_1_mig_7series_0_1/user_design/rtl/clocking/mig_7series_v4_0_clk_ibuf.v" into library xil_defaultlib
INFO: [VRFC 10-311] analyzing module mig_7series_v4_0_clk_ibuf
INFO: [VRFC 10-2263] Analyzing Verilog file "/home/akayashima/H31_Xilinx/Img-processing-sim/Multiple-Core.ip_user_files/bd/design_1/ip/design_1_mig_7series_0_1/design_1_mig_7series_0_1/user_design/rtl/clocking/mig_7series_v4_0_infrastructure.v" into library xil_defaultlib
INFO: [VRFC 10-311] analyzing module mig_7series_v4_0_infrastructure
INFO: [VRFC 10-2458] undeclared symbol pll_clkfbout, assumed default net type wire [/home/akayashima/H31_Xilinx/Img-processing-sim/Multiple-Core.ip_user_files/bd/design_1/ip/design_1_mig_7series_0_1/design_1_mig_7series_0_1/user_design/rtl/clocking/mig_7series_v4_0_infrastructure.v:308]
INFO: [VRFC 10-2458] undeclared symbol clk_pll_i, assumed default net type wire [/home/akayashima/H31_Xilinx/Img-processing-sim/Multiple-Core.ip_user_files/bd/design_1/ip/design_1_mig_7series_0_1/design_1_mig_7series_0_1/user_design/rtl/clocking/mig_7series_v4_0_infrastructure.v:342]
INFO: [VRFC 10-2263] Analyzing Verilog file "/home/akayashima/H31_Xilinx/Img-processing-sim/Multiple-Core.ip_user_files/bd/design_1/ip/design_1_mig_7series_0_1/design_1_mig_7series_0_1/user_design/rtl/clocking/mig_7series_v4_0_iodelay_ctrl.v" into library xil_defaultlib
INFO: [VRFC 10-311] analyzing module mig_7series_v4_0_iodelay_ctrl
INFO: [VRFC 10-2263] Analyzing Verilog file "/home/akayashima/H31_Xilinx/Img-processing-sim/Multiple-Core.ip_user_files/bd/design_1/ip/design_1_mig_7series_0_1/design_1_mig_7series_0_1/user_design/rtl/clocking/mig_7series_v4_0_tempmon.v" into library xil_defaultlib
INFO: [VRFC 10-311] analyzing module mig_7series_v4_0_tempmon
INFO: [VRFC 10-2263] Analyzing Verilog file "/home/akayashima/H31_Xilinx/Img-processing-sim/Multiple-Core.ip_user_files/bd/design_1/ip/design_1_mig_7series_0_1/design_1_mig_7series_0_1/user_design/rtl/controller/mig_7series_v4_0_arb_mux.v" into library xil_defaultlib
INFO: [VRFC 10-311] analyzing module mig_7series_v4_0_arb_mux
INFO: [VRFC 10-2263] Analyzing Verilog file "/home/akayashima/H31_Xilinx/Img-processing-sim/Multiple-Core.ip_user_files/bd/design_1/ip/design_1_mig_7series_0_1/design_1_mig_7series_0_1/user_design/rtl/controller/mig_7series_v4_0_arb_row_col.v" into library xil_defaultlib
INFO: [VRFC 10-311] analyzing module mig_7series_v4_0_arb_row_col
WARNING: [VRFC 10-2654] begin/end is required for generate-for in this mode of verilog [/home/akayashima/H31_Xilinx/Img-processing-sim/Multiple-Core.ip_user_files/bd/design_1/ip/design_1_mig_7series_0_1/design_1_mig_7series_0_1/user_design/rtl/controller/mig_7series_v4_0_arb_row_col.v:252]
INFO: [VRFC 10-2263] Analyzing Verilog file "/home/akayashima/H31_Xilinx/Img-processing-sim/Multiple-Core.ip_user_files/bd/design_1/ip/design_1_mig_7series_0_1/design_1_mig_7series_0_1/user_design/rtl/controller/mig_7series_v4_0_arb_select.v" into library xil_defaultlib
INFO: [VRFC 10-311] analyzing module mig_7series_v4_0_arb_select
INFO: [VRFC 10-2263] Analyzing Verilog file "/home/akayashima/H31_Xilinx/Img-processing-sim/Multiple-Core.ip_user_files/bd/design_1/ip/design_1_mig_7series_0_1/design_1_mig_7series_0_1/user_design/rtl/controller/mig_7series_v4_0_bank_cntrl.v" into library xil_defaultlib
INFO: [VRFC 10-311] analyzing module mig_7series_v4_0_bank_cntrl
INFO: [VRFC 10-2263] Analyzing Verilog file "/home/akayashima/H31_Xilinx/Img-processing-sim/Multiple-Core.ip_user_files/bd/design_1/ip/design_1_mig_7series_0_1/design_1_mig_7series_0_1/user_design/rtl/controller/mig_7series_v4_0_bank_common.v" into library xil_defaultlib
INFO: [VRFC 10-311] analyzing module mig_7series_v4_0_bank_common
INFO: [VRFC 10-2263] Analyzing Verilog file "/home/akayashima/H31_Xilinx/Img-processing-sim/Multiple-Core.ip_user_files/bd/design_1/ip/design_1_mig_7series_0_1/design_1_mig_7series_0_1/user_design/rtl/controller/mig_7series_v4_0_bank_compare.v" into library xil_defaultlib
INFO: [VRFC 10-311] analyzing module mig_7series_v4_0_bank_compare
INFO: [VRFC 10-2263] Analyzing Verilog file "/home/akayashima/H31_Xilinx/Img-processing-sim/Multiple-Core.ip_user_files/bd/design_1/ip/design_1_mig_7series_0_1/design_1_mig_7series_0_1/user_design/rtl/controller/mig_7series_v4_0_bank_mach.v" into library xil_defaultlib
INFO: [VRFC 10-311] analyzing module mig_7series_v4_0_bank_mach
INFO: [VRFC 10-2263] Analyzing Verilog file "/home/akayashima/H31_Xilinx/Img-processing-sim/Multiple-Core.ip_user_files/bd/design_1/ip/design_1_mig_7series_0_1/design_1_mig_7series_0_1/user_design/rtl/controller/mig_7series_v4_0_bank_queue.v" into library xil_defaultlib
INFO: [VRFC 10-311] analyzing module mig_7series_v4_0_bank_queue
INFO: [VRFC 10-2263] Analyzing Verilog file "/home/akayashima/H31_Xilinx/Img-processing-sim/Multiple-Core.ip_user_files/bd/design_1/ip/design_1_mig_7series_0_1/design_1_mig_7series_0_1/user_design/rtl/controller/mig_7series_v4_0_bank_state.v" into library xil_defaultlib
INFO: [VRFC 10-311] analyzing module mig_7series_v4_0_bank_state
INFO: [VRFC 10-2263] Analyzing Verilog file "/home/akayashima/H31_Xilinx/Img-processing-sim/Multiple-Core.ip_user_files/bd/design_1/ip/design_1_mig_7series_0_1/design_1_mig_7series_0_1/user_design/rtl/controller/mig_7series_v4_0_col_mach.v" into library xil_defaultlib
INFO: [VRFC 10-311] analyzing module mig_7series_v4_0_col_mach
INFO: [VRFC 10-2263] Analyzing Verilog file "/home/akayashima/H31_Xilinx/Img-processing-sim/Multiple-Core.ip_user_files/bd/design_1/ip/design_1_mig_7series_0_1/design_1_mig_7series_0_1/user_design/rtl/controller/mig_7series_v4_0_mc.v" into library xil_defaultlib
INFO: [VRFC 10-311] analyzing module mig_7series_v4_0_mc
INFO: [VRFC 10-2263] Analyzing Verilog file "/home/akayashima/H31_Xilinx/Img-processing-sim/Multiple-Core.ip_user_files/bd/design_1/ip/design_1_mig_7series_0_1/design_1_mig_7series_0_1/user_design/rtl/controller/mig_7series_v4_0_rank_cntrl.v" into library xil_defaultlib
INFO: [VRFC 10-311] analyzing module mig_7series_v4_0_rank_cntrl
INFO: [VRFC 10-2263] Analyzing Verilog file "/home/akayashima/H31_Xilinx/Img-processing-sim/Multiple-Core.ip_user_files/bd/design_1/ip/design_1_mig_7series_0_1/design_1_mig_7series_0_1/user_design/rtl/controller/mig_7series_v4_0_rank_common.v" into library xil_defaultlib
INFO: [VRFC 10-311] analyzing module mig_7series_v4_0_rank_common
INFO: [VRFC 10-2263] Analyzing Verilog file "/home/akayashima/H31_Xilinx/Img-processing-sim/Multiple-Core.ip_user_files/bd/design_1/ip/design_1_mig_7series_0_1/design_1_mig_7series_0_1/user_design/rtl/controller/mig_7series_v4_0_rank_mach.v" into library xil_defaultlib
INFO: [VRFC 10-311] analyzing module mig_7series_v4_0_rank_mach
INFO: [VRFC 10-2263] Analyzing Verilog file "/home/akayashima/H31_Xilinx/Img-processing-sim/Multiple-Core.ip_user_files/bd/design_1/ip/design_1_mig_7series_0_1/design_1_mig_7series_0_1/user_design/rtl/controller/mig_7series_v4_0_round_robin_arb.v" into library xil_defaultlib
INFO: [VRFC 10-311] analyzing module mig_7series_v4_0_round_robin_arb
INFO: [VRFC 10-2263] Analyzing Verilog file "/home/akayashima/H31_Xilinx/Img-processing-sim/Multiple-Core.ip_user_files/bd/design_1/ip/design_1_mig_7series_0_1/design_1_mig_7series_0_1/user_design/rtl/ecc/mig_7series_v4_0_ecc_buf.v" into library xil_defaultlib
INFO: [VRFC 10-311] analyzing module mig_7series_v4_0_ecc_buf
INFO: [VRFC 10-2263] Analyzing Verilog file "/home/akayashima/H31_Xilinx/Img-processing-sim/Multiple-Core.ip_user_files/bd/design_1/ip/design_1_mig_7series_0_1/design_1_mig_7series_0_1/user_design/rtl/ecc/mig_7series_v4_0_ecc_dec_fix.v" into library xil_defaultlib
INFO: [VRFC 10-311] analyzing module mig_7series_v4_0_ecc_dec_fix
INFO: [VRFC 10-2263] Analyzing Verilog file "/home/akayashima/H31_Xilinx/Img-processing-sim/Multiple-Core.ip_user_files/bd/design_1/ip/design_1_mig_7series_0_1/design_1_mig_7series_0_1/user_design/rtl/ecc/mig_7series_v4_0_ecc_gen.v" into library xil_defaultlib
INFO: [VRFC 10-311] analyzing module mig_7series_v4_0_ecc_gen
INFO: [VRFC 10-2263] Analyzing Verilog file "/home/akayashima/H31_Xilinx/Img-processing-sim/Multiple-Core.ip_user_files/bd/design_1/ip/design_1_mig_7series_0_1/design_1_mig_7series_0_1/user_design/rtl/ecc/mig_7series_v4_0_ecc_merge_enc.v" into library xil_defaultlib
INFO: [VRFC 10-311] analyzing module mig_7series_v4_0_ecc_merge_enc
INFO: [VRFC 10-2263] Analyzing Verilog file "/home/akayashima/H31_Xilinx/Img-processing-sim/Multiple-Core.ip_user_files/bd/design_1/ip/design_1_mig_7series_0_1/design_1_mig_7series_0_1/user_design/rtl/ecc/mig_7series_v4_0_fi_xor.v" into library xil_defaultlib
INFO: [VRFC 10-311] analyzing module mig_7series_v4_0_fi_xor
INFO: [VRFC 10-2263] Analyzing Verilog file "/home/akayashima/H31_Xilinx/Img-processing-sim/Multiple-Core.ip_user_files/bd/design_1/ip/design_1_mig_7series_0_1/design_1_mig_7series_0_1/user_design/rtl/ip_top/mig_7series_v4_0_mem_intfc.v" into library xil_defaultlib
INFO: [VRFC 10-311] analyzing module mig_7series_v4_0_mem_intfc
INFO: [VRFC 10-2263] Analyzing Verilog file "/home/akayashima/H31_Xilinx/Img-processing-sim/Multiple-Core.ip_user_files/bd/design_1/ip/design_1_mig_7series_0_1/design_1_mig_7series_0_1/user_design/rtl/ip_top/mig_7series_v4_0_memc_ui_top_axi.v" into library xil_defaultlib
INFO: [VRFC 10-311] analyzing module mig_7series_v4_0_memc_ui_top_axi
INFO: [VRFC 10-2263] Analyzing Verilog file "/home/akayashima/H31_Xilinx/Img-processing-sim/Multiple-Core.ip_user_files/bd/design_1/ip/design_1_mig_7series_0_1/design_1_mig_7series_0_1/user_design/rtl/phy/mig_7series_v4_0_ddr_byte_group_io.v" into library xil_defaultlib
INFO: [VRFC 10-311] analyzing module mig_7series_v4_0_ddr_byte_group_io
INFO: [VRFC 10-2263] Analyzing Verilog file "/home/akayashima/H31_Xilinx/Img-processing-sim/Multiple-Core.ip_user_files/bd/design_1/ip/design_1_mig_7series_0_1/design_1_mig_7series_0_1/user_design/rtl/phy/mig_7series_v4_0_ddr_byte_lane.v" into library xil_defaultlib
INFO: [VRFC 10-311] analyzing module mig_7series_v4_0_ddr_byte_lane
INFO: [VRFC 10-2263] Analyzing Verilog file "/home/akayashima/H31_Xilinx/Img-processing-sim/Multiple-Core.ip_user_files/bd/design_1/ip/design_1_mig_7series_0_1/design_1_mig_7series_0_1/user_design/rtl/phy/mig_7series_v4_0_ddr_phy_tempmon.v" into library xil_defaultlib
INFO: [VRFC 10-311] analyzing module mig_7series_v4_0_ddr_phy_tempmon
INFO: [VRFC 10-2263] Analyzing Verilog file "/home/akayashima/H31_Xilinx/Img-processing-sim/Multiple-Core.ip_user_files/bd/design_1/ip/design_1_mig_7series_0_1/design_1_mig_7series_0_1/user_design/rtl/phy/mig_7series_v4_0_ddr_calib_top.v" into library xil_defaultlib
INFO: [VRFC 10-311] analyzing module mig_7series_v4_0_ddr_calib_top
INFO: [VRFC 10-2263] Analyzing Verilog file "/home/akayashima/H31_Xilinx/Img-processing-sim/Multiple-Core.ip_user_files/bd/design_1/ip/design_1_mig_7series_0_1/design_1_mig_7series_0_1/user_design/rtl/phy/mig_7series_v4_0_ddr_skip_calib_tap.v" into library xil_defaultlib
INFO: [VRFC 10-311] analyzing module mig_7series_v4_0_ddr_skip_calib_tap
INFO: [VRFC 10-2263] Analyzing Verilog file "/home/akayashima/H31_Xilinx/Img-processing-sim/Multiple-Core.ip_user_files/bd/design_1/ip/design_1_mig_7series_0_1/design_1_mig_7series_0_1/user_design/rtl/phy/mig_7series_v4_0_ddr_if_post_fifo.v" into library xil_defaultlib
INFO: [VRFC 10-311] analyzing module mig_7series_v4_0_ddr_if_post_fifo
INFO: [VRFC 10-2263] Analyzing Verilog file "/home/akayashima/H31_Xilinx/Img-processing-sim/Multiple-Core.ip_user_files/bd/design_1/ip/design_1_mig_7series_0_1/design_1_mig_7series_0_1/user_design/rtl/phy/mig_7series_v4_0_ddr_mc_phy.v" into library xil_defaultlib
INFO: [VRFC 10-311] analyzing module mig_7series_v4_0_ddr_mc_phy
INFO: [VRFC 10-2263] Analyzing Verilog file "/home/akayashima/H31_Xilinx/Img-processing-sim/Multiple-Core.ip_user_files/bd/design_1/ip/design_1_mig_7series_0_1/design_1_mig_7series_0_1/user_design/rtl/phy/mig_7series_v4_0_ddr_mc_phy_wrapper.v" into library xil_defaultlib
INFO: [VRFC 10-311] analyzing module mig_7series_v4_0_ddr_mc_phy_wrapper
INFO: [VRFC 10-2263] Analyzing Verilog file "/home/akayashima/H31_Xilinx/Img-processing-sim/Multiple-Core.ip_user_files/bd/design_1/ip/design_1_mig_7series_0_1/design_1_mig_7series_0_1/user_design/rtl/phy/mig_7series_v4_0_ddr_of_pre_fifo.v" into library xil_defaultlib
INFO: [VRFC 10-311] analyzing module mig_7series_v4_0_ddr_of_pre_fifo
INFO: [VRFC 10-2263] Analyzing Verilog file "/home/akayashima/H31_Xilinx/Img-processing-sim/Multiple-Core.ip_user_files/bd/design_1/ip/design_1_mig_7series_0_1/design_1_mig_7series_0_1/user_design/rtl/phy/mig_7series_v4_0_ddr_phy_4lanes.v" into library xil_defaultlib
INFO: [VRFC 10-311] analyzing module mig_7series_v4_0_ddr_phy_4lanes
INFO: [VRFC 10-2263] Analyzing Verilog file "/home/akayashima/H31_Xilinx/Img-processing-sim/Multiple-Core.ip_user_files/bd/design_1/ip/design_1_mig_7series_0_1/design_1_mig_7series_0_1/user_design/rtl/phy/mig_7series_v4_0_ddr_phy_ck_addr_cmd_delay.v" into library xil_defaultlib
INFO: [VRFC 10-311] analyzing module mig_7series_v4_0_ddr_phy_ck_addr_cmd_delay
INFO: [VRFC 10-2263] Analyzing Verilog file "/home/akayashima/H31_Xilinx/Img-processing-sim/Multiple-Core.ip_user_files/bd/design_1/ip/design_1_mig_7series_0_1/design_1_mig_7series_0_1/user_design/rtl/phy/mig_7series_v4_0_ddr_phy_init.v" into library xil_defaultlib
INFO: [VRFC 10-311] analyzing module mig_7series_v4_0_ddr_phy_init
INFO: [VRFC 10-2263] Analyzing Verilog file "/home/akayashima/H31_Xilinx/Img-processing-sim/Multiple-Core.ip_user_files/bd/design_1/ip/design_1_mig_7series_0_1/design_1_mig_7series_0_1/user_design/rtl/phy/mig_7series_v4_0_ddr_phy_dqs_found_cal.v" into library xil_defaultlib
INFO: [VRFC 10-311] analyzing module mig_7series_v4_0_ddr_phy_dqs_found_cal
INFO: [VRFC 10-2263] Analyzing Verilog file "/home/akayashima/H31_Xilinx/Img-processing-sim/Multiple-Core.ip_user_files/bd/design_1/ip/design_1_mig_7series_0_1/design_1_mig_7series_0_1/user_design/rtl/phy/mig_7series_v4_0_ddr_phy_dqs_found_cal_hr.v" into library xil_defaultlib
INFO: [VRFC 10-311] analyzing module mig_7series_v4_0_ddr_phy_dqs_found_cal_hr
INFO: [VRFC 10-2263] Analyzing Verilog file "/home/akayashima/H31_Xilinx/Img-processing-sim/Multiple-Core.ip_user_files/bd/design_1/ip/design_1_mig_7series_0_1/design_1_mig_7series_0_1/user_design/rtl/phy/mig_7series_v4_0_ddr_phy_oclkdelay_cal.v" into library xil_defaultlib
INFO: [VRFC 10-311] analyzing module mig_7series_v4_0_ddr_phy_oclkdelay_cal
INFO: [VRFC 10-2263] Analyzing Verilog file "/home/akayashima/H31_Xilinx/Img-processing-sim/Multiple-Core.ip_user_files/bd/design_1/ip/design_1_mig_7series_0_1/design_1_mig_7series_0_1/user_design/rtl/phy/mig_7series_v4_0_ddr_phy_prbs_rdlvl.v" into library xil_defaultlib
INFO: [VRFC 10-311] analyzing module mig_7series_v4_0_ddr_phy_prbs_rdlvl
INFO: [VRFC 10-2263] Analyzing Verilog file "/home/akayashima/H31_Xilinx/Img-processing-sim/Multiple-Core.ip_user_files/bd/design_1/ip/design_1_mig_7series_0_1/design_1_mig_7series_0_1/user_design/rtl/phy/mig_7series_v4_0_ddr_phy_rdlvl.v" into library xil_defaultlib
INFO: [VRFC 10-311] analyzing module mig_7series_v4_0_ddr_phy_rdlvl
INFO: [VRFC 10-2263] Analyzing Verilog file "/home/akayashima/H31_Xilinx/Img-processing-sim/Multiple-Core.ip_user_files/bd/design_1/ip/design_1_mig_7series_0_1/design_1_mig_7series_0_1/user_design/rtl/phy/mig_7series_v4_0_ddr_phy_top.v" into library xil_defaultlib
INFO: [VRFC 10-311] analyzing module mig_7series_v4_0_ddr_phy_top
INFO: [VRFC 10-2263] Analyzing Verilog file "/home/akayashima/H31_Xilinx/Img-processing-sim/Multiple-Core.ip_user_files/bd/design_1/ip/design_1_mig_7series_0_1/design_1_mig_7series_0_1/user_design/rtl/phy/mig_7series_v4_0_ddr_phy_wrcal.v" into library xil_defaultlib
INFO: [VRFC 10-311] analyzing module mig_7series_v4_0_ddr_phy_wrcal
INFO: [VRFC 10-2263] Analyzing Verilog file "/home/akayashima/H31_Xilinx/Img-processing-sim/Multiple-Core.ip_user_files/bd/design_1/ip/design_1_mig_7series_0_1/design_1_mig_7series_0_1/user_design/rtl/phy/mig_7series_v4_0_ddr_phy_wrlvl.v" into library xil_defaultlib
INFO: [VRFC 10-311] analyzing module mig_7series_v4_0_ddr_phy_wrlvl
INFO: [VRFC 10-2263] Analyzing Verilog file "/home/akayashima/H31_Xilinx/Img-processing-sim/Multiple-Core.ip_user_files/bd/design_1/ip/design_1_mig_7series_0_1/design_1_mig_7series_0_1/user_design/rtl/phy/mig_7series_v4_0_ddr_phy_wrlvl_off_delay.v" into library xil_defaultlib
INFO: [VRFC 10-311] analyzing module mig_7series_v4_0_ddr_phy_wrlvl_off_delay
INFO: [VRFC 10-2263] Analyzing Verilog file "/home/akayashima/H31_Xilinx/Img-processing-sim/Multiple-Core.ip_user_files/bd/design_1/ip/design_1_mig_7series_0_1/design_1_mig_7series_0_1/user_design/rtl/phy/mig_7series_v4_0_ddr_prbs_gen.v" into library xil_defaultlib
INFO: [VRFC 10-311] analyzing module mig_7series_v4_0_ddr_prbs_gen
INFO: [VRFC 10-2263] Analyzing Verilog file "/home/akayashima/H31_Xilinx/Img-processing-sim/Multiple-Core.ip_user_files/bd/design_1/ip/design_1_mig_7series_0_1/design_1_mig_7series_0_1/user_design/rtl/phy/mig_7series_v4_0_ddr_phy_ocd_lim.v" into library xil_defaultlib
INFO: [VRFC 10-311] analyzing module mig_7series_v4_0_ddr_phy_ocd_lim
INFO: [VRFC 10-2263] Analyzing Verilog file "/home/akayashima/H31_Xilinx/Img-processing-sim/Multiple-Core.ip_user_files/bd/design_1/ip/design_1_mig_7series_0_1/design_1_mig_7series_0_1/user_design/rtl/phy/mig_7series_v4_0_poc_top.v" into library xil_defaultlib
INFO: [VRFC 10-311] analyzing module mig_7series_v4_0_poc_top
INFO: [VRFC 10-2263] Analyzing Verilog file "/home/akayashima/H31_Xilinx/Img-processing-sim/Multiple-Core.ip_user_files/bd/design_1/ip/design_1_mig_7series_0_1/design_1_mig_7series_0_1/user_design/rtl/phy/mig_7series_v4_0_ddr_phy_ocd_mux.v" into library xil_defaultlib
INFO: [VRFC 10-311] analyzing module mig_7series_v4_0_ddr_phy_ocd_mux
INFO: [VRFC 10-2263] Analyzing Verilog file "/home/akayashima/H31_Xilinx/Img-processing-sim/Multiple-Core.ip_user_files/bd/design_1/ip/design_1_mig_7series_0_1/design_1_mig_7series_0_1/user_design/rtl/phy/mig_7series_v4_0_ddr_phy_ocd_data.v" into library xil_defaultlib
INFO: [VRFC 10-311] analyzing module mig_7series_v4_0_ddr_phy_ocd_data
INFO: [VRFC 10-2263] Analyzing Verilog file "/home/akayashima/H31_Xilinx/Img-processing-sim/Multiple-Core.ip_user_files/bd/design_1/ip/design_1_mig_7series_0_1/design_1_mig_7series_0_1/user_design/rtl/phy/mig_7series_v4_0_ddr_phy_ocd_samp.v" into library xil_defaultlib
INFO: [VRFC 10-311] analyzing module mig_7series_v4_0_ddr_phy_ocd_samp
INFO: [VRFC 10-2263] Analyzing Verilog file "/home/akayashima/H31_Xilinx/Img-processing-sim/Multiple-Core.ip_user_files/bd/design_1/ip/design_1_mig_7series_0_1/design_1_mig_7series_0_1/user_design/rtl/phy/mig_7series_v4_0_ddr_phy_ocd_edge.v" into library xil_defaultlib
INFO: [VRFC 10-311] analyzing module mig_7series_v4_0_ddr_phy_ocd_edge
INFO: [VRFC 10-2263] Analyzing Verilog file "/home/akayashima/H31_Xilinx/Img-processing-sim/Multiple-Core.ip_user_files/bd/design_1/ip/design_1_mig_7series_0_1/design_1_mig_7series_0_1/user_design/rtl/phy/mig_7series_v4_0_ddr_phy_ocd_cntlr.v" into library xil_defaultlib
INFO: [VRFC 10-311] analyzing module mig_7series_v4_0_ddr_phy_ocd_cntlr
INFO: [VRFC 10-2263] Analyzing Verilog file "/home/akayashima/H31_Xilinx/Img-processing-sim/Multiple-Core.ip_user_files/bd/design_1/ip/design_1_mig_7series_0_1/design_1_mig_7series_0_1/user_design/rtl/phy/mig_7series_v4_0_ddr_phy_ocd_po_cntlr.v" into library xil_defaultlib
INFO: [VRFC 10-311] analyzing module mig_7series_v4_0_ddr_phy_ocd_po_cntlr
INFO: [VRFC 10-2263] Analyzing Verilog file "/home/akayashima/H31_Xilinx/Img-processing-sim/Multiple-Core.ip_user_files/bd/design_1/ip/design_1_mig_7series_0_1/design_1_mig_7series_0_1/user_design/rtl/phy/mig_7series_v4_0_poc_pd.v" into library xil_defaultlib
INFO: [VRFC 10-311] analyzing module mig_7series_v4_0_poc_pd
INFO: [VRFC 10-2263] Analyzing Verilog file "/home/akayashima/H31_Xilinx/Img-processing-sim/Multiple-Core.ip_user_files/bd/design_1/ip/design_1_mig_7series_0_1/design_1_mig_7series_0_1/user_design/rtl/phy/mig_7series_v4_0_poc_tap_base.v" into library xil_defaultlib
INFO: [VRFC 10-311] analyzing module mig_7series_v4_0_poc_tap_base
INFO: [VRFC 10-2263] Analyzing Verilog file "/home/akayashima/H31_Xilinx/Img-processing-sim/Multiple-Core.ip_user_files/bd/design_1/ip/design_1_mig_7series_0_1/design_1_mig_7series_0_1/user_design/rtl/phy/mig_7series_v4_0_poc_meta.v" into library xil_defaultlib
INFO: [VRFC 10-311] analyzing module mig_7series_v4_0_poc_meta
INFO: [VRFC 10-2263] Analyzing Verilog file "/home/akayashima/H31_Xilinx/Img-processing-sim/Multiple-Core.ip_user_files/bd/design_1/ip/design_1_mig_7series_0_1/design_1_mig_7series_0_1/user_design/rtl/phy/mig_7series_v4_0_poc_edge_store.v" into library xil_defaultlib
INFO: [VRFC 10-311] analyzing module mig_7series_v4_0_poc_edge_store
INFO: [VRFC 10-2263] Analyzing Verilog file "/home/akayashima/H31_Xilinx/Img-processing-sim/Multiple-Core.ip_user_files/bd/design_1/ip/design_1_mig_7series_0_1/design_1_mig_7series_0_1/user_design/rtl/phy/mig_7series_v4_0_poc_cc.v" into library xil_defaultlib
INFO: [VRFC 10-311] analyzing module mig_7series_v4_0_poc_cc
INFO: [VRFC 10-2263] Analyzing Verilog file "/home/akayashima/H31_Xilinx/Img-processing-sim/Multiple-Core.ip_user_files/bd/design_1/ip/design_1_mig_7series_0_1/design_1_mig_7series_0_1/user_design/rtl/ui/mig_7series_v4_0_ui_cmd.v" into library xil_defaultlib
INFO: [VRFC 10-311] analyzing module mig_7series_v4_0_ui_cmd
INFO: [VRFC 10-2263] Analyzing Verilog file "/home/akayashima/H31_Xilinx/Img-processing-sim/Multiple-Core.ip_user_files/bd/design_1/ip/design_1_mig_7series_0_1/design_1_mig_7series_0_1/user_design/rtl/ui/mig_7series_v4_0_ui_rd_data.v" into library xil_defaultlib
INFO: [VRFC 10-311] analyzing module mig_7series_v4_0_ui_rd_data
INFO: [VRFC 10-2263] Analyzing Verilog file "/home/akayashima/H31_Xilinx/Img-processing-sim/Multiple-Core.ip_user_files/bd/design_1/ip/design_1_mig_7series_0_1/design_1_mig_7series_0_1/user_design/rtl/ui/mig_7series_v4_0_ui_top.v" into library xil_defaultlib
INFO: [VRFC 10-311] analyzing module mig_7series_v4_0_ui_top
INFO: [VRFC 10-2263] Analyzing Verilog file "/home/akayashima/H31_Xilinx/Img-processing-sim/Multiple-Core.ip_user_files/bd/design_1/ip/design_1_mig_7series_0_1/design_1_mig_7series_0_1/user_design/rtl/ui/mig_7series_v4_0_ui_wr_data.v" into library xil_defaultlib
INFO: [VRFC 10-311] analyzing module mig_7series_v4_0_ui_wr_data
INFO: [VRFC 10-2263] Analyzing Verilog file "/home/akayashima/H31_Xilinx/Img-processing-sim/Multiple-Core.ip_user_files/bd/design_1/ip/design_1_mig_7series_0_1/design_1_mig_7series_0_1/user_design/rtl/design_1_mig_7series_0_1_mig_sim.v" into library xil_defaultlib
INFO: [VRFC 10-311] analyzing module design_1_mig_7series_0_1_mig
INFO: [VRFC 10-2458] undeclared symbol dbg_sel_po_incdec, assumed default net type wire [/home/akayashima/H31_Xilinx/Img-processing-sim/Multiple-Core.ip_user_files/bd/design_1/ip/design_1_mig_7series_0_1/design_1_mig_7series_0_1/user_design/rtl/design_1_mig_7series_0_1_mig_sim.v:1259]
INFO: [VRFC 10-2458] undeclared symbol dbg_po_f_inc, assumed default net type wire [/home/akayashima/H31_Xilinx/Img-processing-sim/Multiple-Core.ip_user_files/bd/design_1/ip/design_1_mig_7series_0_1/design_1_mig_7series_0_1/user_design/rtl/design_1_mig_7series_0_1_mig_sim.v:1263]
INFO: [VRFC 10-2458] undeclared symbol dbg_po_f_stg23_sel, assumed default net type wire [/home/akayashima/H31_Xilinx/Img-processing-sim/Multiple-Core.ip_user_files/bd/design_1/ip/design_1_mig_7series_0_1/design_1_mig_7series_0_1/user_design/rtl/design_1_mig_7series_0_1_mig_sim.v:1264]
INFO: [VRFC 10-2458] undeclared symbol dbg_po_f_dec, assumed default net type wire [/home/akayashima/H31_Xilinx/Img-processing-sim/Multiple-Core.ip_user_files/bd/design_1/ip/design_1_mig_7series_0_1/design_1_mig_7series_0_1/user_design/rtl/design_1_mig_7series_0_1_mig_sim.v:1265]
INFO: [VRFC 10-2263] Analyzing Verilog file "/home/akayashima/H31_Xilinx/Img-processing-sim/Multiple-Core.ip_user_files/bd/design_1/ip/design_1_mig_7series_0_1/design_1_mig_7series_0_1/user_design/rtl/design_1_mig_7series_0_1.v" into library xil_defaultlib
INFO: [VRFC 10-311] analyzing module design_1_mig_7series_0_1
INFO: [VRFC 10-2263] Analyzing Verilog file "/home/akayashima/H31_Xilinx/Img-processing-sim/Multiple-Core.ip_user_files/bd/design_1/ip/design_1_lmb_bram_1/sim/design_1_lmb_bram_1.v" into library xil_defaultlib
INFO: [VRFC 10-311] analyzing module design_1_lmb_bram_1
INFO: [VRFC 10-2263] Analyzing Verilog file "/home/akayashima/H31_Xilinx/Img-processing-sim/Multiple-Core.ip_user_files/bd/design_1/ip/design_1_lmb_bram_0/sim/design_1_lmb_bram_0.v" into library xil_defaultlib
INFO: [VRFC 10-311] analyzing module design_1_lmb_bram_0
INFO: [VRFC 10-2263] Analyzing Verilog file "/home/akayashima/H31_Xilinx/Img-processing-sim/Multiple-Core.ip_user_files/bd/design_1/sim/design_1.v" into library xil_defaultlib
INFO: [VRFC 10-311] analyzing module design_1
INFO: [VRFC 10-311] analyzing module design_1_microblaze_0_axi_periph_0
INFO: [VRFC 10-311] analyzing module m00_couplers_imp_8RVYHO
INFO: [VRFC 10-311] analyzing module m01_couplers_imp_1UTB3Y5
INFO: [VRFC 10-311] analyzing module m02_couplers_imp_7ANRHB
INFO: [VRFC 10-311] analyzing module m03_couplers_imp_1W07O72
INFO: [VRFC 10-311] analyzing module m04_couplers_imp_5LX7BU
INFO: [VRFC 10-311] analyzing module m05_couplers_imp_1XR4ZAZ
INFO: [VRFC 10-311] analyzing module microblaze_0_local_memory1_imp_1PSRCR4
INFO: [VRFC 10-311] analyzing module microblaze_0_local_memory_imp_1K0VQXK
INFO: [VRFC 10-311] analyzing module s00_couplers_imp_1RZP34U
INFO: [VRFC 10-311] analyzing module s01_couplers_imp_2REGHR
INFO: [VRFC 10-311] analyzing module s02_couplers_imp_1R40M8T
INFO: [VRFC 10-311] analyzing module s03_couplers_imp_3DF69O
INFO: [VRFC 10-2263] Analyzing Verilog file "/home/akayashima/H31_Xilinx/Img-processing-sim/Multiple-Core.ip_user_files/bd/design_1/ip/design_1_auto_pc_4/sim/design_1_auto_pc_4.v" into library xil_defaultlib
INFO: [VRFC 10-311] analyzing module design_1_auto_pc_4
INFO: [VRFC 10-2263] Analyzing Verilog file "/home/akayashima/H31_Xilinx/Img-processing-sim/Multiple-Core.ip_user_files/bd/design_1/ip/design_1_auto_pc_3/sim/design_1_auto_pc_3.v" into library xil_defaultlib
INFO: [VRFC 10-311] analyzing module design_1_auto_pc_3
INFO: [VRFC 10-2263] Analyzing Verilog file "/home/akayashima/H31_Xilinx/Img-processing-sim/Multiple-Core.ip_user_files/bd/design_1/ip/design_1_auto_pc_2/sim/design_1_auto_pc_2.v" into library xil_defaultlib
INFO: [VRFC 10-311] analyzing module design_1_auto_pc_2
INFO: [VRFC 10-2263] Analyzing Verilog file "/home/akayashima/H31_Xilinx/Img-processing-sim/Multiple-Core.ip_user_files/bd/design_1/ip/design_1_auto_pc_1/sim/design_1_auto_pc_1.v" into library xil_defaultlib
INFO: [VRFC 10-311] analyzing module design_1_auto_pc_1
INFO: [VRFC 10-2263] Analyzing Verilog file "/home/akayashima/H31_Xilinx/Img-processing-sim/Multiple-Core.ip_user_files/bd/design_1/ip/design_1_auto_pc_0/sim/design_1_auto_pc_0.v" into library xil_defaultlib
INFO: [VRFC 10-311] analyzing module design_1_auto_pc_0
INFO: [VRFC 10-2263] Analyzing Verilog file "/home/akayashima/H31_Xilinx/Img-processing-sim/Multiple-Core.ip_user_files/bd/design_1/ip/design_1_auto_pc_6/sim/design_1_auto_pc_6.v" into library xil_defaultlib
INFO: [VRFC 10-311] analyzing module design_1_auto_pc_6
INFO: [VRFC 10-2263] Analyzing Verilog file "/home/akayashima/H31_Xilinx/Img-processing-sim/Multiple-Core.ip_user_files/bd/design_1/ip/design_1_auto_pc_5/sim/design_1_auto_pc_5.v" into library xil_defaultlib
INFO: [VRFC 10-311] analyzing module design_1_auto_pc_5
INFO: [VRFC 10-2263] Analyzing Verilog file "/home/akayashima/H31_Xilinx/Img-processing-sim/Multiple-Core.srcs/sources_1/imports/hdl/design_1_wrapper.v" into library xil_defaultlib
INFO: [VRFC 10-311] analyzing module design_1_wrapper
INFO: [VRFC 10-2263] Analyzing Verilog file "/home/akayashima/H31_Xilinx/Img-processing-sim/Multiple-Core.srcs/sources_1/bd/design_1/synth/design_1.v" into library xil_defaultlib
INFO: [VRFC 10-311] analyzing module design_1
WARNING: [VRFC 10-2421] module design_1 is previously defined, ignoring this definition [/home/akayashima/H31_Xilinx/Img-processing-sim/Multiple-Core.srcs/sources_1/bd/design_1/synth/design_1.v:13]
INFO: [VRFC 10-311] analyzing module design_1_microblaze_0_axi_periph_0
WARNING: [VRFC 10-2421] module design_1_microblaze_0_axi_periph_0 is previously defined, ignoring this definition [/home/akayashima/H31_Xilinx/Img-processing-sim/Multiple-Core.srcs/sources_1/bd/design_1/synth/design_1.v:1083]
INFO: [VRFC 10-311] analyzing module m00_couplers_imp_8RVYHO
WARNING: [VRFC 10-2421] module m00_couplers_imp_8RVYHO is previously defined, ignoring this definition [/home/akayashima/H31_Xilinx/Img-processing-sim/Multiple-Core.srcs/sources_1/bd/design_1/synth/design_1.v:3149]
INFO: [VRFC 10-311] analyzing module m01_couplers_imp_1UTB3Y5
WARNING: [VRFC 10-2421] module m01_couplers_imp_1UTB3Y5 is previously defined, ignoring this definition [/home/akayashima/H31_Xilinx/Img-processing-sim/Multiple-Core.srcs/sources_1/bd/design_1/synth/design_1.v:3429]
INFO: [VRFC 10-311] analyzing module m02_couplers_imp_7ANRHB
WARNING: [VRFC 10-2421] module m02_couplers_imp_7ANRHB is previously defined, ignoring this definition [/home/akayashima/H31_Xilinx/Img-processing-sim/Multiple-Core.srcs/sources_1/bd/design_1/synth/design_1.v:3709]
INFO: [VRFC 10-311] analyzing module m03_couplers_imp_1W07O72
WARNING: [VRFC 10-2421] module m03_couplers_imp_1W07O72 is previously defined, ignoring this definition [/home/akayashima/H31_Xilinx/Img-processing-sim/Multiple-Core.srcs/sources_1/bd/design_1/synth/design_1.v:3989]
INFO: [VRFC 10-311] analyzing module m04_couplers_imp_5LX7BU
WARNING: [VRFC 10-2421] module m04_couplers_imp_5LX7BU is previously defined, ignoring this definition [/home/akayashima/H31_Xilinx/Img-processing-sim/Multiple-Core.srcs/sources_1/bd/design_1/synth/design_1.v:4269]
INFO: [VRFC 10-311] analyzing module m05_couplers_imp_1XR4ZAZ
WARNING: [VRFC 10-2421] module m05_couplers_imp_1XR4ZAZ is previously defined, ignoring this definition [/home/akayashima/H31_Xilinx/Img-processing-sim/Multiple-Core.srcs/sources_1/bd/design_1/synth/design_1.v:4549]
INFO: [VRFC 10-311] analyzing module microblaze_0_local_memory1_imp_1PSRCR4
WARNING: [VRFC 10-2421] module microblaze_0_local_memory1_imp_1PSRCR4 is previously defined, ignoring this definition [/home/akayashima/H31_Xilinx/Img-processing-sim/Multiple-Core.srcs/sources_1/bd/design_1/synth/design_1.v:4793]
INFO: [VRFC 10-311] analyzing module microblaze_0_local_memory_imp_1K0VQXK
WARNING: [VRFC 10-2421] module microblaze_0_local_memory_imp_1K0VQXK is previously defined, ignoring this definition [/home/akayashima/H31_Xilinx/Img-processing-sim/Multiple-Core.srcs/sources_1/bd/design_1/synth/design_1.v:5027]
INFO: [VRFC 10-311] analyzing module s00_couplers_imp_1RZP34U
WARNING: [VRFC 10-2421] module s00_couplers_imp_1RZP34U is previously defined, ignoring this definition [/home/akayashima/H31_Xilinx/Img-processing-sim/Multiple-Core.srcs/sources_1/bd/design_1/synth/design_1.v:5261]
INFO: [VRFC 10-311] analyzing module s01_couplers_imp_2REGHR
WARNING: [VRFC 10-2421] module s01_couplers_imp_2REGHR is previously defined, ignoring this definition [/home/akayashima/H31_Xilinx/Img-processing-sim/Multiple-Core.srcs/sources_1/bd/design_1/synth/design_1.v:5541]
INFO: [VRFC 10-311] analyzing module s02_couplers_imp_1R40M8T
WARNING: [VRFC 10-2421] module s02_couplers_imp_1R40M8T is previously defined, ignoring this definition [/home/akayashima/H31_Xilinx/Img-processing-sim/Multiple-Core.srcs/sources_1/bd/design_1/synth/design_1.v:5821]
INFO: [VRFC 10-311] analyzing module s03_couplers_imp_3DF69O
WARNING: [VRFC 10-2421] module s03_couplers_imp_3DF69O is previously defined, ignoring this definition [/home/akayashima/H31_Xilinx/Img-processing-sim/Multiple-Core.srcs/sources_1/bd/design_1/synth/design_1.v:6093]
INFO: [VRFC 10-163] Analyzing VHDL file "/home/akayashima/H31_Xilinx/Img-processing-sim/Multiple-Core.ip_user_files/bd/design_1/ip/design_1_axi_gpio_0_0/sim/design_1_axi_gpio_0_0.vhd" into library xil_defaultlib
INFO: [VRFC 10-307] analyzing entity design_1_axi_gpio_0_0
INFO: [VRFC 10-163] Analyzing VHDL file "/home/akayashima/H31_Xilinx/Img-processing-sim/Multiple-Core.ip_user_files/bd/design_1/ip/design_1_microblaze_0_0/sim/design_1_microblaze_0_0.vhd" into library xil_defaultlib
INFO: [VRFC 10-307] analyzing entity design_1_microblaze_0_0
INFO: [VRFC 10-163] Analyzing VHDL file "/home/akayashima/H31_Xilinx/Img-processing-sim/Multiple-Core.ip_user_files/bd/design_1/ip/design_1_axi_timer_0_0/sim/design_1_axi_timer_0_0.vhd" into library xil_defaultlib
INFO: [VRFC 10-307] analyzing entity design_1_axi_timer_0_0
INFO: [VRFC 10-163] Analyzing VHDL file "/home/akayashima/H31_Xilinx/Img-processing-sim/Multiple-Core.ip_user_files/bd/design_1/ip/design_1_microblaze_1_0/sim/design_1_microblaze_1_0.vhd" into library xil_defaultlib
INFO: [VRFC 10-307] analyzing entity design_1_microblaze_1_0
INFO: [VRFC 10-163] Analyzing VHDL file "/home/akayashima/H31_Xilinx/Img-processing-sim/Multiple-Core.ip_user_files/bd/design_1/ip/design_1_mutex_0_0/sim/design_1_mutex_0_0.vhd" into library xil_defaultlib
INFO: [VRFC 10-307] analyzing entity design_1_mutex_0_0
INFO: [VRFC 10-163] Analyzing VHDL file "/home/akayashima/H31_Xilinx/Img-processing-sim/Multiple-Core.ip_user_files/bd/design_1/ip/design_1_dlmb_bram_if_cntlr_1/sim/design_1_dlmb_bram_if_cntlr_1.vhd" into library xil_defaultlib
INFO: [VRFC 10-307] analyzing entity design_1_dlmb_bram_if_cntlr_1
INFO: [VRFC 10-163] Analyzing VHDL file "/home/akayashima/H31_Xilinx/Img-processing-sim/Multiple-Core.ip_user_files/bd/design_1/ip/design_1_dlmb_bram_if_cntlr_0/sim/design_1_dlmb_bram_if_cntlr_0.vhd" into library xil_defaultlib
INFO: [VRFC 10-307] analyzing entity design_1_dlmb_bram_if_cntlr_0
