19:33:58 INFO  : Registering command handlers for SDK TCF services
19:33:58 INFO  : Launching XSCT server: xsct -n -interactive /home/akayashima/H31_Xilinx/Img-processing-sim/Multiple-Core.sdk/temp_xsdb_launch_script.tcl
19:33:59 INFO  : XSCT server has started successfully.
19:33:59 INFO  : Successfully done setting XSCT server connection channel  
19:33:59 INFO  : Successfully done setting SDK workspace  
19:33:59 INFO  : Processing command line option -hwspec /home/akayashima/H31_Xilinx/Img-processing-sim/Multiple-Core.sdk/design_1_wrapper.hdf.
13:49:49 INFO  : Registering command handlers for SDK TCF services
13:49:50 INFO  : Launching XSCT server: xsct -n -interactive /home/akayashima/H31_Xilinx/Img-processing-sim/Multiple-Core.sdk/temp_xsdb_launch_script.tcl
13:49:53 INFO  : XSCT server has started successfully.
13:49:53 INFO  : Successfully done setting XSCT server connection channel  
13:49:56 INFO  : Successfully done setting SDK workspace  
13:49:56 INFO  : Processing command line option -hwspec /home/akayashima/H31_Xilinx/Img-processing-sim/Multiple-Core.sdk/design_1_wrapper.hdf.
13:49:56 INFO  : Checking for hwspec changes in the project design_1_wrapper_hw_platform_0.
16:03:51 INFO  : Connected to target on host '127.0.0.1' and port '3121'.
16:04:00 INFO  : Jtag cable 'Digilent Nexys Video 210276689540B' is selected.
16:04:00 INFO  : 'jtag frequency' command is executed.
16:04:00 INFO  : 'targets -set -filter {jtag_cable_name =~ "Digilent Nexys Video 210276689540B" && level==0} -index 0' command is executed.
16:04:06 INFO  : FPGA configured successfully with bitstream "/home/akayashima/H31_Xilinx/Img-processing-sim/Multiple-Core.sdk/design_1_wrapper_hw_platform_0/design_1_wrapper.bit"
16:04:06 INFO  : Context for processor 'microblaze_i0' is selected.
16:04:06 INFO  : System reset is completed.
16:04:09 INFO  : 'after 3000' command is executed.
16:04:09 INFO  : Context for processor 'microblaze_i0' is selected.
16:04:10 INFO  : The application '/home/akayashima/H31_Xilinx/Img-processing-sim/Multiple-Core.sdk/MicroBlazei0/Debug/MicroBlazei0.elf' is downloaded to processor 'microblaze_i0'.
16:04:10 INFO  : Context for processor 'microblaze_i1' is selected.
16:04:10 INFO  : The application '/home/akayashima/H31_Xilinx/Img-processing-sim/Multiple-Core.sdk/MicroBlazei1/Debug/MicroBlazei1.elf' is downloaded to processor 'microblaze_i1'.
16:04:10 INFO  : ----------------XSDB Script----------------
connect -url tcp:127.0.0.1:3121
targets -set -filter {jtag_cable_name =~ "Digilent Nexys Video 210276689540B" && level==0} -index 0
fpga -file /home/akayashima/H31_Xilinx/Img-processing-sim/Multiple-Core.sdk/design_1_wrapper_hw_platform_0/design_1_wrapper.bit
targets -set -nocase -filter {name =~ "microblaze*#0" && bscan=="USER2"  && jtag_cable_name =~ "Digilent Nexys Video 210276689540B"} -index 0
rst -system
after 3000
targets -set -nocase -filter {name =~ "microblaze*#0" && bscan=="USER2"  && jtag_cable_name =~ "Digilent Nexys Video 210276689540B"} -index 0
dow /home/akayashima/H31_Xilinx/Img-processing-sim/Multiple-Core.sdk/MicroBlazei0/Debug/MicroBlazei0.elf
targets -set -nocase -filter {name =~ "microblaze*#1" && bscan=="USER2"  && jtag_cable_name =~ "Digilent Nexys Video 210276689540B"} -index 0
dow /home/akayashima/H31_Xilinx/Img-processing-sim/Multiple-Core.sdk/MicroBlazei1/Debug/MicroBlazei1.elf
----------------End of Script----------------

16:04:10 INFO  : Memory regions updated for context MicroBlaze #0
16:04:10 INFO  : Memory regions updated for context MicroBlaze #1
16:04:10 INFO  : Memory regions updated for context MicroBlaze #0
16:04:10 INFO  : Launch script is exported to file '/home/akayashima/H31_Xilinx/Img-processing-sim/Multiple-Core.sdk/.sdk/launch_scripts/xilinx_c-c++_application_(system_debugger)/system_debugger_on_local.tcl'
16:04:48 INFO  : Restoring File Contents to Memory...
16:04:52 INFO  : Restored Contents to Memory Successfully from File /home/akayashima/Desktop/kochi-uni.bmp
16:13:16 INFO  : Disconnected from the channel tcfchan#1.
16:13:17 INFO  : Connected to target on host '127.0.0.1' and port '3121'.
16:13:18 INFO  : Jtag cable 'Digilent Nexys Video 210276689540B' is selected.
16:13:18 INFO  : 'jtag frequency' command is executed.
16:13:18 INFO  : 'targets -set -filter {jtag_cable_name =~ "Digilent Nexys Video 210276689540B" && level==0} -index 0' command is executed.
16:13:25 INFO  : FPGA configured successfully with bitstream "/home/akayashima/H31_Xilinx/Img-processing-sim/Multiple-Core.sdk/design_1_wrapper_hw_platform_0/design_1_wrapper.bit"
16:13:25 INFO  : Context for processor 'microblaze_i0' is selected.
16:13:25 INFO  : System reset is completed.
16:13:28 INFO  : 'after 3000' command is executed.
16:13:28 INFO  : Context for processor 'microblaze_i0' is selected.
16:13:29 INFO  : The application '/home/akayashima/H31_Xilinx/Img-processing-sim/Multiple-Core.sdk/MicroBlazei0/Debug/MicroBlazei0.elf' is downloaded to processor 'microblaze_i0'.
16:13:29 INFO  : Context for processor 'microblaze_i1' is selected.
16:13:29 INFO  : The application '/home/akayashima/H31_Xilinx/Img-processing-sim/Multiple-Core.sdk/MicroBlazei1/Debug/MicroBlazei1.elf' is downloaded to processor 'microblaze_i1'.
16:13:29 INFO  : ----------------XSDB Script----------------
connect -url tcp:127.0.0.1:3121
targets -set -filter {jtag_cable_name =~ "Digilent Nexys Video 210276689540B" && level==0} -index 0
fpga -file /home/akayashima/H31_Xilinx/Img-processing-sim/Multiple-Core.sdk/design_1_wrapper_hw_platform_0/design_1_wrapper.bit
targets -set -nocase -filter {name =~ "microblaze*#0" && bscan=="USER2"  && jtag_cable_name =~ "Digilent Nexys Video 210276689540B"} -index 0
rst -system
after 3000
targets -set -nocase -filter {name =~ "microblaze*#0" && bscan=="USER2"  && jtag_cable_name =~ "Digilent Nexys Video 210276689540B"} -index 0
dow /home/akayashima/H31_Xilinx/Img-processing-sim/Multiple-Core.sdk/MicroBlazei0/Debug/MicroBlazei0.elf
targets -set -nocase -filter {name =~ "microblaze*#1" && bscan=="USER2"  && jtag_cable_name =~ "Digilent Nexys Video 210276689540B"} -index 0
dow /home/akayashima/H31_Xilinx/Img-processing-sim/Multiple-Core.sdk/MicroBlazei1/Debug/MicroBlazei1.elf
----------------End of Script----------------

16:13:29 INFO  : Memory regions updated for context MicroBlaze #0
16:13:29 INFO  : Memory regions updated for context MicroBlaze #1
16:13:29 INFO  : Memory regions updated for context MicroBlaze #0
16:13:29 INFO  : Launch script is exported to file '/home/akayashima/H31_Xilinx/Img-processing-sim/Multiple-Core.sdk/.sdk/launch_scripts/xilinx_c-c++_application_(system_debugger)/system_debugger_on_local.tcl'
16:14:41 INFO  : Disconnected from the channel tcfchan#2.
16:21:20 INFO  : Connected to target on host '127.0.0.1' and port '3121'.
16:21:29 INFO  : Jtag cable 'Digilent Nexys Video 210276689540B' is selected.
16:21:29 INFO  : 'jtag frequency' command is executed.
16:21:29 INFO  : 'targets -set -filter {jtag_cable_name =~ "Digilent Nexys Video 210276689540B" && level==0} -index 0' command is executed.
16:21:42 INFO  : FPGA configured successfully with bitstream "/home/akayashima/H31_Xilinx/Img-processing-sim/Multiple-Core.sdk/design_1_wrapper_hw_platform_0/design_1_wrapper.bit"
16:21:42 INFO  : Context for processor 'microblaze_i0' is selected.
16:21:42 INFO  : System reset is completed.
16:21:45 INFO  : 'after 3000' command is executed.
16:21:45 INFO  : Context for processor 'microblaze_i0' is selected.
16:21:45 INFO  : The application '/home/akayashima/H31_Xilinx/Img-processing-sim/Multiple-Core.sdk/MicroBlazei0/Debug/MicroBlazei0.elf' is downloaded to processor 'microblaze_i0'.
16:21:45 INFO  : Context for processor 'microblaze_i1' is selected.
16:21:45 INFO  : The application '/home/akayashima/H31_Xilinx/Img-processing-sim/Multiple-Core.sdk/MicroBlazei1/Debug/MicroBlazei1.elf' is downloaded to processor 'microblaze_i1'.
16:21:45 INFO  : ----------------XSDB Script----------------
connect -url tcp:127.0.0.1:3121
targets -set -filter {jtag_cable_name =~ "Digilent Nexys Video 210276689540B" && level==0} -index 0
fpga -file /home/akayashima/H31_Xilinx/Img-processing-sim/Multiple-Core.sdk/design_1_wrapper_hw_platform_0/design_1_wrapper.bit
targets -set -nocase -filter {name =~ "microblaze*#0" && bscan=="USER2"  && jtag_cable_name =~ "Digilent Nexys Video 210276689540B"} -index 0
rst -system
after 3000
targets -set -nocase -filter {name =~ "microblaze*#0" && bscan=="USER2"  && jtag_cable_name =~ "Digilent Nexys Video 210276689540B"} -index 0
dow /home/akayashima/H31_Xilinx/Img-processing-sim/Multiple-Core.sdk/MicroBlazei0/Debug/MicroBlazei0.elf
targets -set -nocase -filter {name =~ "microblaze*#1" && bscan=="USER2"  && jtag_cable_name =~ "Digilent Nexys Video 210276689540B"} -index 0
dow /home/akayashima/H31_Xilinx/Img-processing-sim/Multiple-Core.sdk/MicroBlazei1/Debug/MicroBlazei1.elf
----------------End of Script----------------

16:21:45 INFO  : Memory regions updated for context MicroBlaze #0
16:21:46 INFO  : Memory regions updated for context MicroBlaze #1
16:21:46 INFO  : Memory regions updated for context MicroBlaze #0
16:21:46 INFO  : Launch script is exported to file '/home/akayashima/H31_Xilinx/Img-processing-sim/Multiple-Core.sdk/.sdk/launch_scripts/xilinx_c-c++_application_(system_debugger)/system_debugger_on_local.tcl'
19:52:07 INFO  : Disconnected from the channel tcfchan#3.
17:10:35 INFO  : Registering command handlers for SDK TCF services
17:10:35 INFO  : Launching XSCT server: xsct -n -interactive /home/akayashima/H31_Xilinx/Img-processing-sim/Multiple-Core.sdk/temp_xsdb_launch_script.tcl
17:10:37 INFO  : XSCT server has started successfully.
17:10:38 INFO  : Successfully done setting XSCT server connection channel  
17:10:40 INFO  : Successfully done setting SDK workspace  
17:10:40 INFO  : Processing command line option -hwspec /home/akayashima/H31_Xilinx/Img-processing-sim/Multiple-Core.sdk/design_1_wrapper.hdf.
17:10:40 INFO  : Checking for hwspec changes in the project design_1_wrapper_hw_platform_0.
