
*** Running vivado
    with args -log design_1_xbar_1.vds -m64 -product Vivado -mode batch -messageDb vivado.pb -notrace -source design_1_xbar_1.tcl


****** Vivado v2017.4 (64-bit)
  **** SW Build 2086221 on Fri Dec 15 20:54:30 MST 2017
  **** IP Build 2085800 on Fri Dec 15 22:25:07 MST 2017
    ** Copyright 1986-2017 Xilinx, Inc. All Rights Reserved.

source design_1_xbar_1.tcl -notrace
Command: synth_design -top design_1_xbar_1 -part xc7a200tsbg484-1 -mode out_of_context
Starting synth_design
Attempting to get a license for feature 'Synthesis' and/or device 'xc7a200t'
INFO: [Common 17-349] Got license for feature 'Synthesis' and/or device 'xc7a200t'
INFO: Launching helper process for spawning children vivado processes
INFO: Helper process launched with PID 23702 
---------------------------------------------------------------------------------
Starting RTL Elaboration : Time (s): cpu = 00:00:09 ; elapsed = 00:00:27 . Memory (MB): peak = 1403.965 ; gain = 85.000 ; free physical = 6849 ; free virtual = 17716
---------------------------------------------------------------------------------
INFO: [Synth 8-638] synthesizing module 'design_1_xbar_1' [/home/akayashima/H30_Xilinx/ImgProcessing/Mutex-20181213/Multiple-Core.srcs/sources_1/bd/design_1/ip/design_1_xbar_1/synth/design_1_xbar_1.v:59]
INFO: [Synth 8-638] synthesizing module 'axi_crossbar_v2_1_16_axi_crossbar' [/home/akayashima/H30_Xilinx/ImgProcessing/Mutex-20181213/Multiple-Core.srcs/sources_1/bd/design_1/ipshared/c631/hdl/axi_crossbar_v2_1_vl_rfs.v:4882]
	Parameter C_FAMILY bound to: artix7 - type: string 
	Parameter C_NUM_SLAVE_SLOTS bound to: 4 - type: integer 
	Parameter C_NUM_MASTER_SLOTS bound to: 7 - type: integer 
	Parameter C_AXI_ID_WIDTH bound to: 2 - type: integer 
	Parameter C_AXI_ADDR_WIDTH bound to: 32 - type: integer 
	Parameter C_AXI_DATA_WIDTH bound to: 32 - type: integer 
	Parameter C_AXI_PROTOCOL bound to: 0 - type: integer 
	Parameter C_NUM_ADDR_RANGES bound to: 1 - type: integer 
	Parameter C_M_AXI_BASE_ADDR bound to: 448'b0000000000000000000000000000000001000001001000010000000000000000000000000000000000000000000000001000000000000000000000000000000000000000000000000000000000000000010000110100000000000000000000000000000000000000000000000000000001000000000000000000000000000000000000000000000000000000000000000100000111000000000000000000000000000000000000000000000000000000010000000110000000000000000000000000000000000000000000000000000001000001001000000000000000000000 
	Parameter C_M_AXI_ADDR_WIDTH bound to: 224'b00000000000000000000000000010000000000000000000000000000000111010000000000000000000000000001000000000000000000000000000000010000000000000000000000000000000100000000000000000000000000000001000000000000000000000000000000010000 
	Parameter C_S_AXI_BASE_ID bound to: 128'b00000000000000000000000000000011000000000000000000000000000000100000000000000000000000000000000100000000000000000000000000000000 
	Parameter C_S_AXI_THREAD_ID_WIDTH bound to: 128'b00000000000000000000000000000000000000000000000000000000000000000000000000000000000000000000000000000000000000000000000000000000 
	Parameter C_AXI_SUPPORTS_USER_SIGNALS bound to: 0 - type: integer 
	Parameter C_AXI_AWUSER_WIDTH bound to: 1 - type: integer 
	Parameter C_AXI_ARUSER_WIDTH bound to: 1 - type: integer 
	Parameter C_AXI_WUSER_WIDTH bound to: 1 - type: integer 
	Parameter C_AXI_RUSER_WIDTH bound to: 1 - type: integer 
	Parameter C_AXI_BUSER_WIDTH bound to: 1 - type: integer 
	Parameter C_M_AXI_WRITE_CONNECTIVITY bound to: 224'b00000000000000000000000000001111000000000000000000000000000011110000000000000000000000000000111100000000000000000000000000001111000000000000000000000000000011110000000000000000000000000000111100000000000000000000000000001111 
	Parameter C_M_AXI_READ_CONNECTIVITY bound to: 224'b00000000000000000000000000001111000000000000000000000000000011110000000000000000000000000000111100000000000000000000000000001111000000000000000000000000000011110000000000000000000000000000111100000000000000000000000000001111 
	Parameter C_R_REGISTER bound to: 1 - type: integer 
	Parameter C_S_AXI_SINGLE_THREAD bound to: 128'b00000000000000000000000000000001000000000000000000000000000000010000000000000000000000000000000100000000000000000000000000000001 
	Parameter C_S_AXI_WRITE_ACCEPTANCE bound to: 128'b00000000000000000000000000000001000000000000000000000000000000010000000000000000000000000000000100000000000000000000000000000001 
	Parameter C_S_AXI_READ_ACCEPTANCE bound to: 128'b00000000000000000000000000000001000000000000000000000000000000010000000000000000000000000000000100000000000000000000000000000001 
	Parameter C_M_AXI_WRITE_ISSUING bound to: 224'b00000000000000000000000000000001000000000000000000000000000000010000000000000000000000000000000100000000000000000000000000000001000000000000000000000000000000010000000000000000000000000000000100000000000000000000000000000001 
	Parameter C_M_AXI_READ_ISSUING bound to: 224'b00000000000000000000000000000001000000000000000000000000000000010000000000000000000000000000000100000000000000000000000000000001000000000000000000000000000000010000000000000000000000000000000100000000000000000000000000000001 
	Parameter C_S_AXI_ARB_PRIORITY bound to: 128'b00000000000000000000000000000000000000000000000000000000000000000000000000000000000000000000000000000000000000000000000000000000 
	Parameter C_M_AXI_SECURE bound to: 224'b00000000000000000000000000000000000000000000000000000000000000000000000000000000000000000000000000000000000000000000000000000000000000000000000000000000000000000000000000000000000000000000000000000000000000000000000000000000 
	Parameter C_CONNECTIVITY_MODE bound to: 0 - type: integer 
	Parameter P_ONES bound to: 65'b11111111111111111111111111111111111111111111111111111111111111111 
	Parameter P_S_AXI_BASE_ID bound to: 256'b0000000000000000000000000000000000000000000000000000000000000011000000000000000000000000000000000000000000000000000000000000001000000000000000000000000000000000000000000000000000000000000000010000000000000000000000000000000000000000000000000000000000000000 
	Parameter P_S_AXI_HIGH_ID bound to: 256'b0000000000000000000000000000000000000000000000000000000000000011000000000000000000000000000000000000000000000000000000000000001000000000000000000000000000000000000000000000000000000000000000010000000000000000000000000000000000000000000000000000000000000000 
	Parameter P_AXI4 bound to: 0 - type: integer 
	Parameter P_AXI3 bound to: 1 - type: integer 
	Parameter P_AXILITE bound to: 2 - type: integer 
	Parameter P_AXILITE_SIZE bound to: 3'b010 
	Parameter P_INCR bound to: 2'b01 
	Parameter P_M_AXI_SUPPORTS_WRITE bound to: 7'b1111111 
	Parameter P_M_AXI_SUPPORTS_READ bound to: 7'b1111111 
	Parameter P_S_AXI_SUPPORTS_WRITE bound to: 4'b1111 
	Parameter P_S_AXI_SUPPORTS_READ bound to: 4'b1111 
	Parameter C_DEBUG bound to: 1 - type: integer 
	Parameter P_RANGE_CHECK bound to: 1 - type: integer 
	Parameter P_ADDR_DECODE bound to: 1 - type: integer 
	Parameter P_M_AXI_ERR_MODE bound to: 224'b00000000000000000000000000000000000000000000000000000000000000000000000000000000000000000000000000000000000000000000000000000000000000000000000000000000000000000000000000000000000000000000000000000000000000000000000000000000 
	Parameter P_LEN bound to: 8 - type: integer 
	Parameter P_LOCK bound to: 1 - type: integer 
	Parameter P_FAMILY bound to: artix7 - type: string 
INFO: [Synth 8-638] synthesizing module 'axi_crossbar_v2_1_16_crossbar_sasd' [/home/akayashima/H30_Xilinx/ImgProcessing/Mutex-20181213/Multiple-Core.srcs/sources_1/bd/design_1/ipshared/c631/hdl/axi_crossbar_v2_1_vl_rfs.v:1240]
	Parameter C_FAMILY bound to: artix7 - type: string 
	Parameter C_NUM_SLAVE_SLOTS bound to: 4 - type: integer 
	Parameter C_NUM_MASTER_SLOTS bound to: 7 - type: integer 
	Parameter C_NUM_ADDR_RANGES bound to: 1 - type: integer 
	Parameter C_AXI_ID_WIDTH bound to: 2 - type: integer 
	Parameter C_AXI_ADDR_WIDTH bound to: 32 - type: integer 
	Parameter C_AXI_DATA_WIDTH bound to: 32 - type: integer 
	Parameter C_AXI_PROTOCOL bound to: 0 - type: integer 
	Parameter C_M_AXI_BASE_ADDR bound to: 448'b0000000000000000000000000000000001000001001000010000000000000000000000000000000000000000000000001000000000000000000000000000000000000000000000000000000000000000010000110100000000000000000000000000000000000000000000000000000001000000000000000000000000000000000000000000000000000000000000000100000111000000000000000000000000000000000000000000000000000000010000000110000000000000000000000000000000000000000000000000000001000001001000000000000000000000 
	Parameter C_M_AXI_HIGH_ADDR bound to: 448'b0000000000000000000000000000000001000001001000011111111111111111000000000000000000000000000000001001111111111111111111111111111100000000000000000000000000000000010000110100000011111111111111110000000000000000000000000000000001000000000000001111111111111111000000000000000000000000000000000100000111000000111111111111111100000000000000000000000000000000010000000110000011111111111111110000000000000000000000000000000001000001001000001111111111111111 
	Parameter C_S_AXI_BASE_ID bound to: 256'b0000000000000000000000000000000000000000000000000000000000000011000000000000000000000000000000000000000000000000000000000000001000000000000000000000000000000000000000000000000000000000000000010000000000000000000000000000000000000000000000000000000000000000 
	Parameter C_S_AXI_HIGH_ID bound to: 256'b0000000000000000000000000000000000000000000000000000000000000011000000000000000000000000000000000000000000000000000000000000001000000000000000000000000000000000000000000000000000000000000000010000000000000000000000000000000000000000000000000000000000000000 
	Parameter C_AXI_SUPPORTS_USER_SIGNALS bound to: 0 - type: integer 
	Parameter C_AXI_AWUSER_WIDTH bound to: 1 - type: integer 
	Parameter C_AXI_ARUSER_WIDTH bound to: 1 - type: integer 
	Parameter C_AXI_WUSER_WIDTH bound to: 1 - type: integer 
	Parameter C_AXI_RUSER_WIDTH bound to: 1 - type: integer 
	Parameter C_AXI_BUSER_WIDTH bound to: 1 - type: integer 
	Parameter C_S_AXI_SUPPORTS_WRITE bound to: 4'b1111 
	Parameter C_S_AXI_SUPPORTS_READ bound to: 4'b1111 
	Parameter C_M_AXI_SUPPORTS_WRITE bound to: 7'b1111111 
	Parameter C_M_AXI_SUPPORTS_READ bound to: 7'b1111111 
	Parameter C_S_AXI_ARB_PRIORITY bound to: 128'b00000000000000000000000000000000000000000000000000000000000000000000000000000000000000000000000000000000000000000000000000000000 
	Parameter C_M_AXI_SECURE bound to: 224'b00000000000000000000000000000000000000000000000000000000000000000000000000000000000000000000000000000000000000000000000000000000000000000000000000000000000000000000000000000000000000000000000000000000000000000000000000000000 
	Parameter C_M_AXI_ERR_MODE bound to: 224'b00000000000000000000000000000000000000000000000000000000000000000000000000000000000000000000000000000000000000000000000000000000000000000000000000000000000000000000000000000000000000000000000000000000000000000000000000000000 
	Parameter C_R_REGISTER bound to: 1 - type: integer 
	Parameter C_RANGE_CHECK bound to: 1 - type: integer 
	Parameter C_ADDR_DECODE bound to: 1 - type: integer 
	Parameter C_DEBUG bound to: 1 - type: integer 
	Parameter P_AXI4 bound to: 0 - type: integer 
	Parameter P_AXI3 bound to: 1 - type: integer 
	Parameter P_AXILITE bound to: 2 - type: integer 
	Parameter P_NUM_MASTER_SLOTS_DE bound to: 8 - type: integer 
	Parameter P_NUM_MASTER_SLOTS_LOG bound to: 3 - type: integer 
	Parameter P_NUM_MASTER_SLOTS_DE_LOG bound to: 3 - type: integer 
	Parameter P_NUM_SLAVE_SLOTS_LOG bound to: 2 - type: integer 
	Parameter P_AXI_AUSER_WIDTH bound to: 1 - type: integer 
	Parameter P_AXI_WID_WIDTH bound to: 1 - type: integer 
	Parameter P_AMESG_WIDTH bound to: 65 - type: integer 
	Parameter P_BMESG_WIDTH bound to: 3 - type: integer 
	Parameter P_RMESG_WIDTH bound to: 36 - type: integer 
	Parameter P_WMESG_WIDTH bound to: 39 - type: integer 
	Parameter P_AXILITE_ERRMODE bound to: 1 - type: integer 
	Parameter P_NONSECURE_BIT bound to: 1 - type: integer 
	Parameter P_M_SECURE_MASK bound to: 7'b0000000 
	Parameter P_M_AXILITE_MASK bound to: 7'b0000000 
	Parameter P_FIXED bound to: 2'b00 
	Parameter P_BYPASS bound to: 0 - type: integer 
	Parameter P_LIGHTWT bound to: 7 - type: integer 
	Parameter P_FULLY_REG bound to: 1 - type: integer 
	Parameter P_R_REG_CONFIG bound to: 1 - type: integer 
	Parameter P_DECERR bound to: 2'b11 
INFO: [Synth 8-638] synthesizing module 'axi_crossbar_v2_1_16_addr_decoder' [/home/akayashima/H30_Xilinx/ImgProcessing/Mutex-20181213/Multiple-Core.srcs/sources_1/bd/design_1/ipshared/c631/hdl/axi_crossbar_v2_1_vl_rfs.v:794]
	Parameter C_FAMILY bound to: artix7 - type: string 
	Parameter C_NUM_TARGETS bound to: 7 - type: integer 
	Parameter C_NUM_TARGETS_LOG bound to: 3 - type: integer 
	Parameter C_NUM_RANGES bound to: 1 - type: integer 
	Parameter C_ADDR_WIDTH bound to: 32 - type: integer 
	Parameter C_TARGET_ENC bound to: 1 - type: integer 
	Parameter C_TARGET_HOT bound to: 1 - type: integer 
	Parameter C_REGION_ENC bound to: 1 - type: integer 
	Parameter C_BASE_ADDR bound to: 448'b0000000000000000000000000000000001000001001000010000000000000000000000000000000000000000000000001000000000000000000000000000000000000000000000000000000000000000010000110100000000000000000000000000000000000000000000000000000001000000000000000000000000000000000000000000000000000000000000000100000111000000000000000000000000000000000000000000000000000000010000000110000000000000000000000000000000000000000000000000000001000001001000000000000000000000 
	Parameter C_HIGH_ADDR bound to: 448'b0000000000000000000000000000000001000001001000011111111111111111000000000000000000000000000000001001111111111111111111111111111100000000000000000000000000000000010000110100000011111111111111110000000000000000000000000000000001000000000000001111111111111111000000000000000000000000000000000100000111000000111111111111111100000000000000000000000000000000010000000110000011111111111111110000000000000000000000000000000001000001001000001111111111111111 
	Parameter C_TARGET_QUAL bound to: 8'b01111111 
	Parameter C_RESOLUTION bound to: 2 - type: integer 
	Parameter C_COMPARATOR_THRESHOLD bound to: 6 - type: integer 
INFO: [Synth 8-638] synthesizing module 'generic_baseblocks_v2_1_0_comparator_static' [/home/akayashima/H30_Xilinx/ImgProcessing/Mutex-20181213/Multiple-Core.srcs/sources_1/bd/design_1/ipshared/b752/hdl/generic_baseblocks_v2_1_vl_rfs.v:2133]
	Parameter C_FAMILY bound to: rtl - type: string 
	Parameter C_VALUE bound to: 30'b010000010010000000000000000000 
	Parameter C_DATA_WIDTH bound to: 30 - type: integer 
	Parameter C_BITS_PER_LUT bound to: 6 - type: integer 
	Parameter C_NUM_LUT bound to: 5 - type: integer 
	Parameter C_FIX_DATA_WIDTH bound to: 30 - type: integer 
INFO: [Synth 8-638] synthesizing module 'generic_baseblocks_v2_1_0_carry_and' [/home/akayashima/H30_Xilinx/ImgProcessing/Mutex-20181213/Multiple-Core.srcs/sources_1/bd/design_1/ipshared/b752/hdl/generic_baseblocks_v2_1_vl_rfs.v:62]
	Parameter C_FAMILY bound to: rtl - type: string 
INFO: [Synth 8-256] done synthesizing module 'generic_baseblocks_v2_1_0_carry_and' (1#1) [/home/akayashima/H30_Xilinx/ImgProcessing/Mutex-20181213/Multiple-Core.srcs/sources_1/bd/design_1/ipshared/b752/hdl/generic_baseblocks_v2_1_vl_rfs.v:62]
INFO: [Synth 8-256] done synthesizing module 'generic_baseblocks_v2_1_0_comparator_static' (2#1) [/home/akayashima/H30_Xilinx/ImgProcessing/Mutex-20181213/Multiple-Core.srcs/sources_1/bd/design_1/ipshared/b752/hdl/generic_baseblocks_v2_1_vl_rfs.v:2133]
INFO: [Synth 8-638] synthesizing module 'generic_baseblocks_v2_1_0_comparator_static__parameterized0' [/home/akayashima/H30_Xilinx/ImgProcessing/Mutex-20181213/Multiple-Core.srcs/sources_1/bd/design_1/ipshared/b752/hdl/generic_baseblocks_v2_1_vl_rfs.v:2133]
	Parameter C_FAMILY bound to: rtl - type: string 
	Parameter C_VALUE bound to: 30'b010000000110000000000000000000 
	Parameter C_DATA_WIDTH bound to: 30 - type: integer 
	Parameter C_BITS_PER_LUT bound to: 6 - type: integer 
	Parameter C_NUM_LUT bound to: 5 - type: integer 
	Parameter C_FIX_DATA_WIDTH bound to: 30 - type: integer 
INFO: [Synth 8-256] done synthesizing module 'generic_baseblocks_v2_1_0_comparator_static__parameterized0' (2#1) [/home/akayashima/H30_Xilinx/ImgProcessing/Mutex-20181213/Multiple-Core.srcs/sources_1/bd/design_1/ipshared/b752/hdl/generic_baseblocks_v2_1_vl_rfs.v:2133]
INFO: [Synth 8-638] synthesizing module 'generic_baseblocks_v2_1_0_comparator_static__parameterized1' [/home/akayashima/H30_Xilinx/ImgProcessing/Mutex-20181213/Multiple-Core.srcs/sources_1/bd/design_1/ipshared/b752/hdl/generic_baseblocks_v2_1_vl_rfs.v:2133]
	Parameter C_FAMILY bound to: rtl - type: string 
	Parameter C_VALUE bound to: 30'b010000011100000000000000000000 
	Parameter C_DATA_WIDTH bound to: 30 - type: integer 
	Parameter C_BITS_PER_LUT bound to: 6 - type: integer 
	Parameter C_NUM_LUT bound to: 5 - type: integer 
	Parameter C_FIX_DATA_WIDTH bound to: 30 - type: integer 
INFO: [Synth 8-256] done synthesizing module 'generic_baseblocks_v2_1_0_comparator_static__parameterized1' (2#1) [/home/akayashima/H30_Xilinx/ImgProcessing/Mutex-20181213/Multiple-Core.srcs/sources_1/bd/design_1/ipshared/b752/hdl/generic_baseblocks_v2_1_vl_rfs.v:2133]
INFO: [Synth 8-638] synthesizing module 'generic_baseblocks_v2_1_0_comparator_static__parameterized2' [/home/akayashima/H30_Xilinx/ImgProcessing/Mutex-20181213/Multiple-Core.srcs/sources_1/bd/design_1/ipshared/b752/hdl/generic_baseblocks_v2_1_vl_rfs.v:2133]
	Parameter C_FAMILY bound to: rtl - type: string 
	Parameter C_VALUE bound to: 30'b010000000000000000000000000000 
	Parameter C_DATA_WIDTH bound to: 30 - type: integer 
	Parameter C_BITS_PER_LUT bound to: 6 - type: integer 
	Parameter C_NUM_LUT bound to: 5 - type: integer 
	Parameter C_FIX_DATA_WIDTH bound to: 30 - type: integer 
INFO: [Synth 8-256] done synthesizing module 'generic_baseblocks_v2_1_0_comparator_static__parameterized2' (2#1) [/home/akayashima/H30_Xilinx/ImgProcessing/Mutex-20181213/Multiple-Core.srcs/sources_1/bd/design_1/ipshared/b752/hdl/generic_baseblocks_v2_1_vl_rfs.v:2133]
INFO: [Synth 8-638] synthesizing module 'generic_baseblocks_v2_1_0_comparator_static__parameterized3' [/home/akayashima/H30_Xilinx/ImgProcessing/Mutex-20181213/Multiple-Core.srcs/sources_1/bd/design_1/ipshared/b752/hdl/generic_baseblocks_v2_1_vl_rfs.v:2133]
	Parameter C_FAMILY bound to: rtl - type: string 
	Parameter C_VALUE bound to: 30'b010000110100000000000000000000 
	Parameter C_DATA_WIDTH bound to: 30 - type: integer 
	Parameter C_BITS_PER_LUT bound to: 6 - type: integer 
	Parameter C_NUM_LUT bound to: 5 - type: integer 
	Parameter C_FIX_DATA_WIDTH bound to: 30 - type: integer 
INFO: [Synth 8-256] done synthesizing module 'generic_baseblocks_v2_1_0_comparator_static__parameterized3' (2#1) [/home/akayashima/H30_Xilinx/ImgProcessing/Mutex-20181213/Multiple-Core.srcs/sources_1/bd/design_1/ipshared/b752/hdl/generic_baseblocks_v2_1_vl_rfs.v:2133]
INFO: [Synth 8-638] synthesizing module 'generic_baseblocks_v2_1_0_comparator_static__parameterized4' [/home/akayashima/H30_Xilinx/ImgProcessing/Mutex-20181213/Multiple-Core.srcs/sources_1/bd/design_1/ipshared/b752/hdl/generic_baseblocks_v2_1_vl_rfs.v:2133]
	Parameter C_FAMILY bound to: rtl - type: string 
	Parameter C_VALUE bound to: 30'b100000000000000000000000000000 
	Parameter C_DATA_WIDTH bound to: 30 - type: integer 
	Parameter C_BITS_PER_LUT bound to: 6 - type: integer 
	Parameter C_NUM_LUT bound to: 5 - type: integer 
	Parameter C_FIX_DATA_WIDTH bound to: 30 - type: integer 
INFO: [Synth 8-256] done synthesizing module 'generic_baseblocks_v2_1_0_comparator_static__parameterized4' (2#1) [/home/akayashima/H30_Xilinx/ImgProcessing/Mutex-20181213/Multiple-Core.srcs/sources_1/bd/design_1/ipshared/b752/hdl/generic_baseblocks_v2_1_vl_rfs.v:2133]
INFO: [Synth 8-638] synthesizing module 'generic_baseblocks_v2_1_0_comparator_static__parameterized5' [/home/akayashima/H30_Xilinx/ImgProcessing/Mutex-20181213/Multiple-Core.srcs/sources_1/bd/design_1/ipshared/b752/hdl/generic_baseblocks_v2_1_vl_rfs.v:2133]
	Parameter C_FAMILY bound to: rtl - type: string 
	Parameter C_VALUE bound to: 30'b010000010010000100000000000000 
	Parameter C_DATA_WIDTH bound to: 30 - type: integer 
	Parameter C_BITS_PER_LUT bound to: 6 - type: integer 
	Parameter C_NUM_LUT bound to: 5 - type: integer 
	Parameter C_FIX_DATA_WIDTH bound to: 30 - type: integer 
INFO: [Synth 8-256] done synthesizing module 'generic_baseblocks_v2_1_0_comparator_static__parameterized5' (2#1) [/home/akayashima/H30_Xilinx/ImgProcessing/Mutex-20181213/Multiple-Core.srcs/sources_1/bd/design_1/ipshared/b752/hdl/generic_baseblocks_v2_1_vl_rfs.v:2133]
INFO: [Synth 8-256] done synthesizing module 'axi_crossbar_v2_1_16_addr_decoder' (3#1) [/home/akayashima/H30_Xilinx/ImgProcessing/Mutex-20181213/Multiple-Core.srcs/sources_1/bd/design_1/ipshared/c631/hdl/axi_crossbar_v2_1_vl_rfs.v:794]
INFO: [Synth 8-638] synthesizing module 'generic_baseblocks_v2_1_0_mux_enc' [/home/akayashima/H30_Xilinx/ImgProcessing/Mutex-20181213/Multiple-Core.srcs/sources_1/bd/design_1/ipshared/b752/hdl/generic_baseblocks_v2_1_vl_rfs.v:2452]
	Parameter C_FAMILY bound to: rtl - type: string 
	Parameter C_RATIO bound to: 4 - type: integer 
	Parameter C_SEL_WIDTH bound to: 2 - type: integer 
	Parameter C_DATA_WIDTH bound to: 1 - type: integer 
INFO: [Synth 8-256] done synthesizing module 'generic_baseblocks_v2_1_0_mux_enc' (4#1) [/home/akayashima/H30_Xilinx/ImgProcessing/Mutex-20181213/Multiple-Core.srcs/sources_1/bd/design_1/ipshared/b752/hdl/generic_baseblocks_v2_1_vl_rfs.v:2452]
INFO: [Synth 8-638] synthesizing module 'generic_baseblocks_v2_1_0_mux_enc__parameterized0' [/home/akayashima/H30_Xilinx/ImgProcessing/Mutex-20181213/Multiple-Core.srcs/sources_1/bd/design_1/ipshared/b752/hdl/generic_baseblocks_v2_1_vl_rfs.v:2452]
	Parameter C_FAMILY bound to: rtl - type: string 
	Parameter C_RATIO bound to: 4 - type: integer 
	Parameter C_SEL_WIDTH bound to: 2 - type: integer 
	Parameter C_DATA_WIDTH bound to: 39 - type: integer 
INFO: [Synth 8-256] done synthesizing module 'generic_baseblocks_v2_1_0_mux_enc__parameterized0' (4#1) [/home/akayashima/H30_Xilinx/ImgProcessing/Mutex-20181213/Multiple-Core.srcs/sources_1/bd/design_1/ipshared/b752/hdl/generic_baseblocks_v2_1_vl_rfs.v:2452]
INFO: [Synth 8-638] synthesizing module 'axi_crossbar_v2_1_16_decerr_slave' [/home/akayashima/H30_Xilinx/ImgProcessing/Mutex-20181213/Multiple-Core.srcs/sources_1/bd/design_1/ipshared/c631/hdl/axi_crossbar_v2_1_vl_rfs.v:3500]
	Parameter C_AXI_ID_WIDTH bound to: 1 - type: integer 
	Parameter C_AXI_DATA_WIDTH bound to: 32 - type: integer 
	Parameter C_AXI_BUSER_WIDTH bound to: 1 - type: integer 
	Parameter C_AXI_RUSER_WIDTH bound to: 1 - type: integer 
	Parameter C_AXI_PROTOCOL bound to: 0 - type: integer 
	Parameter C_RESP bound to: 3 - type: integer 
	Parameter P_WRITE_IDLE bound to: 2'b00 
	Parameter P_WRITE_DATA bound to: 2'b01 
	Parameter P_WRITE_RESP bound to: 2'b10 
	Parameter P_READ_IDLE bound to: 1'b0 
	Parameter P_READ_DATA bound to: 1'b1 
	Parameter P_AXI4 bound to: 0 - type: integer 
	Parameter P_AXI3 bound to: 1 - type: integer 
	Parameter P_AXILITE bound to: 2 - type: integer 
INFO: [Synth 8-155] case statement is not full and has no default [/home/akayashima/H30_Xilinx/ImgProcessing/Mutex-20181213/Multiple-Core.srcs/sources_1/bd/design_1/ipshared/c631/hdl/axi_crossbar_v2_1_vl_rfs.v:3631]
INFO: [Synth 8-256] done synthesizing module 'axi_crossbar_v2_1_16_decerr_slave' (5#1) [/home/akayashima/H30_Xilinx/ImgProcessing/Mutex-20181213/Multiple-Core.srcs/sources_1/bd/design_1/ipshared/c631/hdl/axi_crossbar_v2_1_vl_rfs.v:3500]
INFO: [Synth 8-638] synthesizing module 'axi_crossbar_v2_1_16_addr_arbiter_sasd' [/home/akayashima/H30_Xilinx/ImgProcessing/Mutex-20181213/Multiple-Core.srcs/sources_1/bd/design_1/ipshared/c631/hdl/axi_crossbar_v2_1_vl_rfs.v:65]
	Parameter C_FAMILY bound to: artix7 - type: string 
	Parameter C_NUM_S bound to: 4 - type: integer 
	Parameter C_NUM_S_LOG bound to: 2 - type: integer 
	Parameter C_AMESG_WIDTH bound to: 65 - type: integer 
	Parameter C_GRANT_ENC bound to: 1 - type: integer 
	Parameter C_ARB_PRIORITY bound to: 128'b00000000000000000000000000000000000000000000000000000000000000000000000000000000000000000000000000000000000000000000000000000000 
	Parameter P_PRIO_MASK bound to: 4'b0000 
INFO: [Synth 8-638] synthesizing module 'generic_baseblocks_v2_1_0_mux_enc__parameterized1' [/home/akayashima/H30_Xilinx/ImgProcessing/Mutex-20181213/Multiple-Core.srcs/sources_1/bd/design_1/ipshared/b752/hdl/generic_baseblocks_v2_1_vl_rfs.v:2452]
	Parameter C_FAMILY bound to: rtl - type: string 
	Parameter C_RATIO bound to: 4 - type: integer 
	Parameter C_SEL_WIDTH bound to: 2 - type: integer 
	Parameter C_DATA_WIDTH bound to: 65 - type: integer 
INFO: [Synth 8-256] done synthesizing module 'generic_baseblocks_v2_1_0_mux_enc__parameterized1' (5#1) [/home/akayashima/H30_Xilinx/ImgProcessing/Mutex-20181213/Multiple-Core.srcs/sources_1/bd/design_1/ipshared/b752/hdl/generic_baseblocks_v2_1_vl_rfs.v:2452]
INFO: [Synth 8-3936] Found unconnected internal register 'gen_arbiter.next_rr_hot_reg' and it is trimmed from '16' to '4' bits. [/home/akayashima/H30_Xilinx/ImgProcessing/Mutex-20181213/Multiple-Core.srcs/sources_1/bd/design_1/ipshared/c631/hdl/axi_crossbar_v2_1_vl_rfs.v:276]
INFO: [Synth 8-256] done synthesizing module 'axi_crossbar_v2_1_16_addr_arbiter_sasd' (6#1) [/home/akayashima/H30_Xilinx/ImgProcessing/Mutex-20181213/Multiple-Core.srcs/sources_1/bd/design_1/ipshared/c631/hdl/axi_crossbar_v2_1_vl_rfs.v:65]
INFO: [Synth 8-638] synthesizing module 'axi_crossbar_v2_1_16_splitter' [/home/akayashima/H30_Xilinx/ImgProcessing/Mutex-20181213/Multiple-Core.srcs/sources_1/bd/design_1/ipshared/c631/hdl/axi_crossbar_v2_1_vl_rfs.v:4459]
	Parameter C_NUM_M bound to: 3 - type: integer 
INFO: [Synth 8-256] done synthesizing module 'axi_crossbar_v2_1_16_splitter' (7#1) [/home/akayashima/H30_Xilinx/ImgProcessing/Mutex-20181213/Multiple-Core.srcs/sources_1/bd/design_1/ipshared/c631/hdl/axi_crossbar_v2_1_vl_rfs.v:4459]
INFO: [Synth 8-638] synthesizing module 'axi_crossbar_v2_1_16_splitter__parameterized0' [/home/akayashima/H30_Xilinx/ImgProcessing/Mutex-20181213/Multiple-Core.srcs/sources_1/bd/design_1/ipshared/c631/hdl/axi_crossbar_v2_1_vl_rfs.v:4459]
	Parameter C_NUM_M bound to: 2 - type: integer 
INFO: [Synth 8-256] done synthesizing module 'axi_crossbar_v2_1_16_splitter__parameterized0' (7#1) [/home/akayashima/H30_Xilinx/ImgProcessing/Mutex-20181213/Multiple-Core.srcs/sources_1/bd/design_1/ipshared/c631/hdl/axi_crossbar_v2_1_vl_rfs.v:4459]
INFO: [Synth 8-638] synthesizing module 'generic_baseblocks_v2_1_0_mux_enc__parameterized2' [/home/akayashima/H30_Xilinx/ImgProcessing/Mutex-20181213/Multiple-Core.srcs/sources_1/bd/design_1/ipshared/b752/hdl/generic_baseblocks_v2_1_vl_rfs.v:2452]
	Parameter C_FAMILY bound to: rtl - type: string 
	Parameter C_RATIO bound to: 8 - type: integer 
	Parameter C_SEL_WIDTH bound to: 3 - type: integer 
	Parameter C_DATA_WIDTH bound to: 1 - type: integer 
INFO: [Synth 8-256] done synthesizing module 'generic_baseblocks_v2_1_0_mux_enc__parameterized2' (7#1) [/home/akayashima/H30_Xilinx/ImgProcessing/Mutex-20181213/Multiple-Core.srcs/sources_1/bd/design_1/ipshared/b752/hdl/generic_baseblocks_v2_1_vl_rfs.v:2452]
INFO: [Synth 8-638] synthesizing module 'generic_baseblocks_v2_1_0_mux_enc__parameterized3' [/home/akayashima/H30_Xilinx/ImgProcessing/Mutex-20181213/Multiple-Core.srcs/sources_1/bd/design_1/ipshared/b752/hdl/generic_baseblocks_v2_1_vl_rfs.v:2452]
	Parameter C_FAMILY bound to: rtl - type: string 
	Parameter C_RATIO bound to: 8 - type: integer 
	Parameter C_SEL_WIDTH bound to: 3 - type: integer 
	Parameter C_DATA_WIDTH bound to: 36 - type: integer 
INFO: [Synth 8-256] done synthesizing module 'generic_baseblocks_v2_1_0_mux_enc__parameterized3' (7#1) [/home/akayashima/H30_Xilinx/ImgProcessing/Mutex-20181213/Multiple-Core.srcs/sources_1/bd/design_1/ipshared/b752/hdl/generic_baseblocks_v2_1_vl_rfs.v:2452]
INFO: [Synth 8-638] synthesizing module 'axi_register_slice_v2_1_15_axic_register_slice' [/home/akayashima/H30_Xilinx/ImgProcessing/Mutex-20181213/Multiple-Core.srcs/sources_1/bd/design_1/ipshared/3ed1/hdl/axi_register_slice_v2_1_vl_rfs.v:189]
	Parameter C_FAMILY bound to: artix7 - type: string 
	Parameter C_DATA_WIDTH bound to: 36 - type: integer 
	Parameter C_REG_CONFIG bound to: 1 - type: integer 
INFO: [Synth 8-256] done synthesizing module 'axi_register_slice_v2_1_15_axic_register_slice' (8#1) [/home/akayashima/H30_Xilinx/ImgProcessing/Mutex-20181213/Multiple-Core.srcs/sources_1/bd/design_1/ipshared/3ed1/hdl/axi_register_slice_v2_1_vl_rfs.v:189]
INFO: [Synth 8-638] synthesizing module 'generic_baseblocks_v2_1_0_mux_enc__parameterized4' [/home/akayashima/H30_Xilinx/ImgProcessing/Mutex-20181213/Multiple-Core.srcs/sources_1/bd/design_1/ipshared/b752/hdl/generic_baseblocks_v2_1_vl_rfs.v:2452]
	Parameter C_FAMILY bound to: rtl - type: string 
	Parameter C_RATIO bound to: 8 - type: integer 
	Parameter C_SEL_WIDTH bound to: 3 - type: integer 
	Parameter C_DATA_WIDTH bound to: 3 - type: integer 
INFO: [Synth 8-256] done synthesizing module 'generic_baseblocks_v2_1_0_mux_enc__parameterized4' (8#1) [/home/akayashima/H30_Xilinx/ImgProcessing/Mutex-20181213/Multiple-Core.srcs/sources_1/bd/design_1/ipshared/b752/hdl/generic_baseblocks_v2_1_vl_rfs.v:2452]
WARNING: [Synth 8-6014] Unused sequential element gen_debug_trans_seq.debug_aw_trans_seq_i_reg was removed.  [/home/akayashima/H30_Xilinx/ImgProcessing/Mutex-20181213/Multiple-Core.srcs/sources_1/bd/design_1/ipshared/c631/hdl/axi_crossbar_v2_1_vl_rfs.v:2056]
WARNING: [Synth 8-6014] Unused sequential element gen_debug_trans_seq.debug_ar_trans_seq_i_reg was removed.  [/home/akayashima/H30_Xilinx/ImgProcessing/Mutex-20181213/Multiple-Core.srcs/sources_1/bd/design_1/ipshared/c631/hdl/axi_crossbar_v2_1_vl_rfs.v:2067]
WARNING: [Synth 8-6014] Unused sequential element gen_debug_trans_seq.debug_w_beat_cnt_i_reg was removed.  [/home/akayashima/H30_Xilinx/ImgProcessing/Mutex-20181213/Multiple-Core.srcs/sources_1/bd/design_1/ipshared/c631/hdl/axi_crossbar_v2_1_vl_rfs.v:2078]
WARNING: [Synth 8-6014] Unused sequential element gen_debug_trans_seq.debug_r_beat_cnt_i_reg was removed.  [/home/akayashima/H30_Xilinx/ImgProcessing/Mutex-20181213/Multiple-Core.srcs/sources_1/bd/design_1/ipshared/c631/hdl/axi_crossbar_v2_1_vl_rfs.v:2091]
INFO: [Synth 8-256] done synthesizing module 'axi_crossbar_v2_1_16_crossbar_sasd' (9#1) [/home/akayashima/H30_Xilinx/ImgProcessing/Mutex-20181213/Multiple-Core.srcs/sources_1/bd/design_1/ipshared/c631/hdl/axi_crossbar_v2_1_vl_rfs.v:1240]
INFO: [Synth 8-256] done synthesizing module 'axi_crossbar_v2_1_16_axi_crossbar' (10#1) [/home/akayashima/H30_Xilinx/ImgProcessing/Mutex-20181213/Multiple-Core.srcs/sources_1/bd/design_1/ipshared/c631/hdl/axi_crossbar_v2_1_vl_rfs.v:4882]
INFO: [Synth 8-256] done synthesizing module 'design_1_xbar_1' (11#1) [/home/akayashima/H30_Xilinx/ImgProcessing/Mutex-20181213/Multiple-Core.srcs/sources_1/bd/design_1/ip/design_1_xbar_1/synth/design_1_xbar_1.v:59]
WARNING: [Synth 8-3331] design axi_crossbar_v2_1_16_addr_decoder has unconnected port ADDR[1]
WARNING: [Synth 8-3331] design axi_crossbar_v2_1_16_addr_decoder has unconnected port ADDR[0]
WARNING: [Synth 8-3331] design axi_crossbar_v2_1_16_crossbar_sasd has unconnected port S_AXI_AWID[7]
WARNING: [Synth 8-3331] design axi_crossbar_v2_1_16_crossbar_sasd has unconnected port S_AXI_AWID[6]
WARNING: [Synth 8-3331] design axi_crossbar_v2_1_16_crossbar_sasd has unconnected port S_AXI_AWID[5]
WARNING: [Synth 8-3331] design axi_crossbar_v2_1_16_crossbar_sasd has unconnected port S_AXI_AWID[4]
WARNING: [Synth 8-3331] design axi_crossbar_v2_1_16_crossbar_sasd has unconnected port S_AXI_AWID[3]
WARNING: [Synth 8-3331] design axi_crossbar_v2_1_16_crossbar_sasd has unconnected port S_AXI_AWID[2]
WARNING: [Synth 8-3331] design axi_crossbar_v2_1_16_crossbar_sasd has unconnected port S_AXI_AWID[1]
WARNING: [Synth 8-3331] design axi_crossbar_v2_1_16_crossbar_sasd has unconnected port S_AXI_AWID[0]
WARNING: [Synth 8-3331] design axi_crossbar_v2_1_16_crossbar_sasd has unconnected port S_AXI_WID[7]
WARNING: [Synth 8-3331] design axi_crossbar_v2_1_16_crossbar_sasd has unconnected port S_AXI_WID[6]
WARNING: [Synth 8-3331] design axi_crossbar_v2_1_16_crossbar_sasd has unconnected port S_AXI_WID[5]
WARNING: [Synth 8-3331] design axi_crossbar_v2_1_16_crossbar_sasd has unconnected port S_AXI_WID[4]
WARNING: [Synth 8-3331] design axi_crossbar_v2_1_16_crossbar_sasd has unconnected port S_AXI_WID[3]
WARNING: [Synth 8-3331] design axi_crossbar_v2_1_16_crossbar_sasd has unconnected port S_AXI_WID[2]
WARNING: [Synth 8-3331] design axi_crossbar_v2_1_16_crossbar_sasd has unconnected port S_AXI_WID[1]
WARNING: [Synth 8-3331] design axi_crossbar_v2_1_16_crossbar_sasd has unconnected port S_AXI_WID[0]
WARNING: [Synth 8-3331] design axi_crossbar_v2_1_16_crossbar_sasd has unconnected port S_AXI_ARID[7]
WARNING: [Synth 8-3331] design axi_crossbar_v2_1_16_crossbar_sasd has unconnected port S_AXI_ARID[6]
WARNING: [Synth 8-3331] design axi_crossbar_v2_1_16_crossbar_sasd has unconnected port S_AXI_ARID[5]
WARNING: [Synth 8-3331] design axi_crossbar_v2_1_16_crossbar_sasd has unconnected port S_AXI_ARID[4]
WARNING: [Synth 8-3331] design axi_crossbar_v2_1_16_crossbar_sasd has unconnected port S_AXI_ARID[3]
WARNING: [Synth 8-3331] design axi_crossbar_v2_1_16_crossbar_sasd has unconnected port S_AXI_ARID[2]
WARNING: [Synth 8-3331] design axi_crossbar_v2_1_16_crossbar_sasd has unconnected port S_AXI_ARID[1]
WARNING: [Synth 8-3331] design axi_crossbar_v2_1_16_crossbar_sasd has unconnected port S_AXI_ARID[0]
WARNING: [Synth 8-3331] design axi_crossbar_v2_1_16_crossbar_sasd has unconnected port M_AXI_BID[13]
WARNING: [Synth 8-3331] design axi_crossbar_v2_1_16_crossbar_sasd has unconnected port M_AXI_BID[12]
WARNING: [Synth 8-3331] design axi_crossbar_v2_1_16_crossbar_sasd has unconnected port M_AXI_BID[11]
WARNING: [Synth 8-3331] design axi_crossbar_v2_1_16_crossbar_sasd has unconnected port M_AXI_BID[10]
WARNING: [Synth 8-3331] design axi_crossbar_v2_1_16_crossbar_sasd has unconnected port M_AXI_BID[9]
WARNING: [Synth 8-3331] design axi_crossbar_v2_1_16_crossbar_sasd has unconnected port M_AXI_BID[8]
WARNING: [Synth 8-3331] design axi_crossbar_v2_1_16_crossbar_sasd has unconnected port M_AXI_BID[7]
WARNING: [Synth 8-3331] design axi_crossbar_v2_1_16_crossbar_sasd has unconnected port M_AXI_BID[6]
WARNING: [Synth 8-3331] design axi_crossbar_v2_1_16_crossbar_sasd has unconnected port M_AXI_BID[5]
WARNING: [Synth 8-3331] design axi_crossbar_v2_1_16_crossbar_sasd has unconnected port M_AXI_BID[4]
WARNING: [Synth 8-3331] design axi_crossbar_v2_1_16_crossbar_sasd has unconnected port M_AXI_BID[3]
WARNING: [Synth 8-3331] design axi_crossbar_v2_1_16_crossbar_sasd has unconnected port M_AXI_BID[2]
WARNING: [Synth 8-3331] design axi_crossbar_v2_1_16_crossbar_sasd has unconnected port M_AXI_BID[1]
WARNING: [Synth 8-3331] design axi_crossbar_v2_1_16_crossbar_sasd has unconnected port M_AXI_BID[0]
WARNING: [Synth 8-3331] design axi_crossbar_v2_1_16_crossbar_sasd has unconnected port M_AXI_RID[13]
WARNING: [Synth 8-3331] design axi_crossbar_v2_1_16_crossbar_sasd has unconnected port M_AXI_RID[12]
WARNING: [Synth 8-3331] design axi_crossbar_v2_1_16_crossbar_sasd has unconnected port M_AXI_RID[11]
WARNING: [Synth 8-3331] design axi_crossbar_v2_1_16_crossbar_sasd has unconnected port M_AXI_RID[10]
WARNING: [Synth 8-3331] design axi_crossbar_v2_1_16_crossbar_sasd has unconnected port M_AXI_RID[9]
WARNING: [Synth 8-3331] design axi_crossbar_v2_1_16_crossbar_sasd has unconnected port M_AXI_RID[8]
WARNING: [Synth 8-3331] design axi_crossbar_v2_1_16_crossbar_sasd has unconnected port M_AXI_RID[7]
WARNING: [Synth 8-3331] design axi_crossbar_v2_1_16_crossbar_sasd has unconnected port M_AXI_RID[6]
WARNING: [Synth 8-3331] design axi_crossbar_v2_1_16_crossbar_sasd has unconnected port M_AXI_RID[5]
WARNING: [Synth 8-3331] design axi_crossbar_v2_1_16_crossbar_sasd has unconnected port M_AXI_RID[4]
WARNING: [Synth 8-3331] design axi_crossbar_v2_1_16_crossbar_sasd has unconnected port M_AXI_RID[3]
WARNING: [Synth 8-3331] design axi_crossbar_v2_1_16_crossbar_sasd has unconnected port M_AXI_RID[2]
WARNING: [Synth 8-3331] design axi_crossbar_v2_1_16_crossbar_sasd has unconnected port M_AXI_RID[1]
WARNING: [Synth 8-3331] design axi_crossbar_v2_1_16_crossbar_sasd has unconnected port M_AXI_RID[0]
WARNING: [Synth 8-3331] design axi_crossbar_v2_1_16_axi_crossbar has unconnected port s_axi_awid[7]
WARNING: [Synth 8-3331] design axi_crossbar_v2_1_16_axi_crossbar has unconnected port s_axi_awid[6]
WARNING: [Synth 8-3331] design axi_crossbar_v2_1_16_axi_crossbar has unconnected port s_axi_awid[5]
WARNING: [Synth 8-3331] design axi_crossbar_v2_1_16_axi_crossbar has unconnected port s_axi_awid[4]
WARNING: [Synth 8-3331] design axi_crossbar_v2_1_16_axi_crossbar has unconnected port s_axi_awid[3]
WARNING: [Synth 8-3331] design axi_crossbar_v2_1_16_axi_crossbar has unconnected port s_axi_awid[2]
WARNING: [Synth 8-3331] design axi_crossbar_v2_1_16_axi_crossbar has unconnected port s_axi_awid[1]
WARNING: [Synth 8-3331] design axi_crossbar_v2_1_16_axi_crossbar has unconnected port s_axi_awid[0]
WARNING: [Synth 8-3331] design axi_crossbar_v2_1_16_axi_crossbar has unconnected port s_axi_awuser[3]
WARNING: [Synth 8-3331] design axi_crossbar_v2_1_16_axi_crossbar has unconnected port s_axi_awuser[2]
WARNING: [Synth 8-3331] design axi_crossbar_v2_1_16_axi_crossbar has unconnected port s_axi_awuser[1]
WARNING: [Synth 8-3331] design axi_crossbar_v2_1_16_axi_crossbar has unconnected port s_axi_awuser[0]
WARNING: [Synth 8-3331] design axi_crossbar_v2_1_16_axi_crossbar has unconnected port s_axi_wid[7]
WARNING: [Synth 8-3331] design axi_crossbar_v2_1_16_axi_crossbar has unconnected port s_axi_wid[6]
WARNING: [Synth 8-3331] design axi_crossbar_v2_1_16_axi_crossbar has unconnected port s_axi_wid[5]
WARNING: [Synth 8-3331] design axi_crossbar_v2_1_16_axi_crossbar has unconnected port s_axi_wid[4]
WARNING: [Synth 8-3331] design axi_crossbar_v2_1_16_axi_crossbar has unconnected port s_axi_wid[3]
WARNING: [Synth 8-3331] design axi_crossbar_v2_1_16_axi_crossbar has unconnected port s_axi_wid[2]
WARNING: [Synth 8-3331] design axi_crossbar_v2_1_16_axi_crossbar has unconnected port s_axi_wid[1]
WARNING: [Synth 8-3331] design axi_crossbar_v2_1_16_axi_crossbar has unconnected port s_axi_wid[0]
WARNING: [Synth 8-3331] design axi_crossbar_v2_1_16_axi_crossbar has unconnected port s_axi_wuser[3]
WARNING: [Synth 8-3331] design axi_crossbar_v2_1_16_axi_crossbar has unconnected port s_axi_wuser[2]
WARNING: [Synth 8-3331] design axi_crossbar_v2_1_16_axi_crossbar has unconnected port s_axi_wuser[1]
WARNING: [Synth 8-3331] design axi_crossbar_v2_1_16_axi_crossbar has unconnected port s_axi_wuser[0]
WARNING: [Synth 8-3331] design axi_crossbar_v2_1_16_axi_crossbar has unconnected port s_axi_arid[7]
WARNING: [Synth 8-3331] design axi_crossbar_v2_1_16_axi_crossbar has unconnected port s_axi_arid[6]
WARNING: [Synth 8-3331] design axi_crossbar_v2_1_16_axi_crossbar has unconnected port s_axi_arid[5]
WARNING: [Synth 8-3331] design axi_crossbar_v2_1_16_axi_crossbar has unconnected port s_axi_arid[4]
WARNING: [Synth 8-3331] design axi_crossbar_v2_1_16_axi_crossbar has unconnected port s_axi_arid[3]
WARNING: [Synth 8-3331] design axi_crossbar_v2_1_16_axi_crossbar has unconnected port s_axi_arid[2]
WARNING: [Synth 8-3331] design axi_crossbar_v2_1_16_axi_crossbar has unconnected port s_axi_arid[1]
WARNING: [Synth 8-3331] design axi_crossbar_v2_1_16_axi_crossbar has unconnected port s_axi_arid[0]
WARNING: [Synth 8-3331] design axi_crossbar_v2_1_16_axi_crossbar has unconnected port s_axi_aruser[3]
WARNING: [Synth 8-3331] design axi_crossbar_v2_1_16_axi_crossbar has unconnected port s_axi_aruser[2]
WARNING: [Synth 8-3331] design axi_crossbar_v2_1_16_axi_crossbar has unconnected port s_axi_aruser[1]
WARNING: [Synth 8-3331] design axi_crossbar_v2_1_16_axi_crossbar has unconnected port s_axi_aruser[0]
WARNING: [Synth 8-3331] design axi_crossbar_v2_1_16_axi_crossbar has unconnected port m_axi_buser[6]
WARNING: [Synth 8-3331] design axi_crossbar_v2_1_16_axi_crossbar has unconnected port m_axi_buser[5]
WARNING: [Synth 8-3331] design axi_crossbar_v2_1_16_axi_crossbar has unconnected port m_axi_buser[4]
WARNING: [Synth 8-3331] design axi_crossbar_v2_1_16_axi_crossbar has unconnected port m_axi_buser[3]
WARNING: [Synth 8-3331] design axi_crossbar_v2_1_16_axi_crossbar has unconnected port m_axi_buser[2]
WARNING: [Synth 8-3331] design axi_crossbar_v2_1_16_axi_crossbar has unconnected port m_axi_buser[1]
WARNING: [Synth 8-3331] design axi_crossbar_v2_1_16_axi_crossbar has unconnected port m_axi_buser[0]
WARNING: [Synth 8-3331] design axi_crossbar_v2_1_16_axi_crossbar has unconnected port m_axi_ruser[6]
WARNING: [Synth 8-3331] design axi_crossbar_v2_1_16_axi_crossbar has unconnected port m_axi_ruser[5]
WARNING: [Synth 8-3331] design axi_crossbar_v2_1_16_axi_crossbar has unconnected port m_axi_ruser[4]
INFO: [Common 17-14] Message 'Synth 8-3331' appears 100 times and further instances of the messages will be disabled. Use the Tcl command set_msg_config to change the current settings.
---------------------------------------------------------------------------------
Finished RTL Elaboration : Time (s): cpu = 00:00:15 ; elapsed = 00:00:49 . Memory (MB): peak = 1527.500 ; gain = 208.535 ; free physical = 6485 ; free virtual = 17355
---------------------------------------------------------------------------------

Report Check Netlist: 
+------+------------------+-------+---------+-------+------------------+
|      |Item              |Errors |Warnings |Status |Description       |
+------+------------------+-------+---------+-------+------------------+
|1     |multi_driven_nets |      0|        0|Passed |Multi driven nets |
+------+------------------+-------+---------+-------+------------------+
---------------------------------------------------------------------------------
Finished RTL Optimization Phase 1 : Time (s): cpu = 00:00:15 ; elapsed = 00:00:49 . Memory (MB): peak = 1527.500 ; gain = 208.535 ; free physical = 6483 ; free virtual = 17353
---------------------------------------------------------------------------------
INFO: [Device 21-403] Loading part xc7a200tsbg484-1
INFO: [Project 1-570] Preparing netlist for logic optimization

Processing XDC Constraints
Initializing timing engine
Parsing XDC File [/home/akayashima/H30_Xilinx/ImgProcessing/Mutex-20181213/Multiple-Core.srcs/sources_1/bd/design_1/ip/design_1_xbar_1/design_1_xbar_1_ooc.xdc] for cell 'inst'
Finished Parsing XDC File [/home/akayashima/H30_Xilinx/ImgProcessing/Mutex-20181213/Multiple-Core.srcs/sources_1/bd/design_1/ip/design_1_xbar_1/design_1_xbar_1_ooc.xdc] for cell 'inst'
Parsing XDC File [/home/akayashima/H30_Xilinx/ImgProcessing/Mutex-20181213/Multiple-Core.runs/design_1_xbar_1_synth_1/dont_touch.xdc]
Finished Parsing XDC File [/home/akayashima/H30_Xilinx/ImgProcessing/Mutex-20181213/Multiple-Core.runs/design_1_xbar_1_synth_1/dont_touch.xdc]
Completed Processing XDC Constraints

INFO: [Project 1-111] Unisim Transformation Summary:
No Unisim elements were transformed.

Constraint Validation Runtime : Time (s): cpu = 00:00:00.04 ; elapsed = 00:00:00.04 . Memory (MB): peak = 1856.613 ; gain = 0.004 ; free physical = 6696 ; free virtual = 17567
---------------------------------------------------------------------------------
Finished Constraint Validation : Time (s): cpu = 00:00:28 ; elapsed = 00:01:28 . Memory (MB): peak = 1856.613 ; gain = 537.648 ; free physical = 6801 ; free virtual = 17672
---------------------------------------------------------------------------------
---------------------------------------------------------------------------------
Start Loading Part and Timing Information
---------------------------------------------------------------------------------
Loading part: xc7a200tsbg484-1
---------------------------------------------------------------------------------
Finished Loading Part and Timing Information : Time (s): cpu = 00:00:28 ; elapsed = 00:01:28 . Memory (MB): peak = 1856.613 ; gain = 537.648 ; free physical = 6801 ; free virtual = 17672
---------------------------------------------------------------------------------
---------------------------------------------------------------------------------
Start Applying 'set_property' XDC Constraints
---------------------------------------------------------------------------------
Applied set_property DONT_TOUCH = true for inst. (constraint file  /home/akayashima/H30_Xilinx/ImgProcessing/Mutex-20181213/Multiple-Core.runs/design_1_xbar_1_synth_1/dont_touch.xdc, line 9).
---------------------------------------------------------------------------------
Finished applying 'set_property' XDC Constraints : Time (s): cpu = 00:00:28 ; elapsed = 00:01:28 . Memory (MB): peak = 1856.613 ; gain = 537.648 ; free physical = 6804 ; free virtual = 17675
---------------------------------------------------------------------------------
INFO: [Synth 8-5544] ROM "f_mux_return3" won't be mapped to Block RAM because address size (2) smaller than threshold (5)
INFO: [Synth 8-5544] ROM "f_mux_return3" won't be mapped to Block RAM because address size (2) smaller than threshold (5)
INFO: [Synth 8-5544] ROM "f_mux_return2" won't be mapped to Block RAM because address size (2) smaller than threshold (5)
INFO: [Synth 8-5544] ROM "f_mux_return1" won't be mapped to Block RAM because address size (2) smaller than threshold (5)
INFO: [Synth 8-5544] ROM "f_mux_return3" won't be mapped to Block RAM because address size (2) smaller than threshold (5)
INFO: [Synth 8-5544] ROM "f_mux_return3" won't be mapped to Block RAM because address size (2) smaller than threshold (5)
INFO: [Synth 8-5544] ROM "f_mux_return2" won't be mapped to Block RAM because address size (2) smaller than threshold (5)
INFO: [Synth 8-5544] ROM "f_mux_return1" won't be mapped to Block RAM because address size (2) smaller than threshold (5)
INFO: [Synth 8-4471] merging register 'gen_axi.s_axi_rvalid_i_reg' into 'gen_axi.read_cs_reg[0:0]' [/home/akayashima/H30_Xilinx/ImgProcessing/Mutex-20181213/Multiple-Core.srcs/sources_1/bd/design_1/ipshared/c631/hdl/axi_crossbar_v2_1_vl_rfs.v:3667]
WARNING: [Synth 8-6014] Unused sequential element gen_axi.s_axi_rvalid_i_reg was removed.  [/home/akayashima/H30_Xilinx/ImgProcessing/Mutex-20181213/Multiple-Core.srcs/sources_1/bd/design_1/ipshared/c631/hdl/axi_crossbar_v2_1_vl_rfs.v:3667]
INFO: [Synth 8-5546] ROM "gen_axi.read_cs" won't be mapped to RAM because it is too sparse
INFO: [Synth 8-5546] ROM "gen_axi.s_axi_rlast_i" won't be mapped to RAM because it is too sparse
INFO: [Synth 8-5546] ROM "gen_axi.s_axi_rlast_i" won't be mapped to RAM because it is too sparse
WARNING: [Synth 8-6014] Unused sequential element gen_axi.read_cnt_reg was removed.  [/home/akayashima/H30_Xilinx/ImgProcessing/Mutex-20181213/Multiple-Core.srcs/sources_1/bd/design_1/ipshared/c631/hdl/axi_crossbar_v2_1_vl_rfs.v:3670]
INFO: [Synth 8-5544] ROM "f_mux_return3" won't be mapped to Block RAM because address size (2) smaller than threshold (5)
INFO: [Synth 8-5544] ROM "f_mux_return3" won't be mapped to Block RAM because address size (2) smaller than threshold (5)
INFO: [Synth 8-5544] ROM "f_mux_return2" won't be mapped to Block RAM because address size (2) smaller than threshold (5)
INFO: [Synth 8-5544] ROM "f_mux_return1" won't be mapped to Block RAM because address size (2) smaller than threshold (5)
INFO: [Synth 8-5544] ROM "f_mux_return7" won't be mapped to Block RAM because address size (3) smaller than threshold (5)
INFO: [Synth 8-5544] ROM "f_mux_return7" won't be mapped to Block RAM because address size (3) smaller than threshold (5)
INFO: [Synth 8-5544] ROM "f_mux_return6" won't be mapped to Block RAM because address size (3) smaller than threshold (5)
INFO: [Synth 8-5544] ROM "f_mux_return5" won't be mapped to Block RAM because address size (3) smaller than threshold (5)
INFO: [Synth 8-5544] ROM "f_mux_return4" won't be mapped to Block RAM because address size (3) smaller than threshold (5)
INFO: [Synth 8-5544] ROM "f_mux_return3" won't be mapped to Block RAM because address size (3) smaller than threshold (5)
INFO: [Synth 8-5544] ROM "f_mux_return2" won't be mapped to Block RAM because address size (3) smaller than threshold (5)
INFO: [Synth 8-5544] ROM "f_mux_return1" won't be mapped to Block RAM because address size (3) smaller than threshold (5)
INFO: [Synth 8-5544] ROM "f_mux_return7" won't be mapped to Block RAM because address size (3) smaller than threshold (5)
INFO: [Synth 8-5544] ROM "f_mux_return7" won't be mapped to Block RAM because address size (3) smaller than threshold (5)
INFO: [Synth 8-5544] ROM "f_mux_return6" won't be mapped to Block RAM because address size (3) smaller than threshold (5)
INFO: [Synth 8-5544] ROM "f_mux_return5" won't be mapped to Block RAM because address size (3) smaller than threshold (5)
INFO: [Synth 8-5544] ROM "f_mux_return4" won't be mapped to Block RAM because address size (3) smaller than threshold (5)
INFO: [Synth 8-5544] ROM "f_mux_return3" won't be mapped to Block RAM because address size (3) smaller than threshold (5)
INFO: [Synth 8-5544] ROM "f_mux_return2" won't be mapped to Block RAM because address size (3) smaller than threshold (5)
INFO: [Synth 8-5544] ROM "f_mux_return1" won't be mapped to Block RAM because address size (3) smaller than threshold (5)
INFO: [Synth 8-5544] ROM "f_mux_return7" won't be mapped to Block RAM because address size (3) smaller than threshold (5)
INFO: [Synth 8-5544] ROM "f_mux_return7" won't be mapped to Block RAM because address size (3) smaller than threshold (5)
INFO: [Synth 8-5544] ROM "f_mux_return6" won't be mapped to Block RAM because address size (3) smaller than threshold (5)
INFO: [Synth 8-5544] ROM "f_mux_return5" won't be mapped to Block RAM because address size (3) smaller than threshold (5)
INFO: [Synth 8-5544] ROM "f_mux_return4" won't be mapped to Block RAM because address size (3) smaller than threshold (5)
INFO: [Synth 8-5544] ROM "f_mux_return3" won't be mapped to Block RAM because address size (3) smaller than threshold (5)
INFO: [Synth 8-5544] ROM "f_mux_return2" won't be mapped to Block RAM because address size (3) smaller than threshold (5)
INFO: [Synth 8-5544] ROM "f_mux_return1" won't be mapped to Block RAM because address size (3) smaller than threshold (5)
---------------------------------------------------------------------------------
Finished RTL Optimization Phase 2 : Time (s): cpu = 00:00:29 ; elapsed = 00:01:29 . Memory (MB): peak = 1856.613 ; gain = 537.648 ; free physical = 6831 ; free virtual = 17702
---------------------------------------------------------------------------------

Report RTL Partitions: 
+-+--------------+------------+----------+
| |RTL Partition |Replication |Instances |
+-+--------------+------------+----------+
+-+--------------+------------+----------+
---------------------------------------------------------------------------------
Start RTL Component Statistics 
---------------------------------------------------------------------------------
Detailed RTL Component Info : 
+---Adders : 
	   2 Input      8 Bit       Adders := 1     
+---Registers : 
	               65 Bit    Registers := 1     
	               36 Bit    Registers := 2     
	                8 Bit    Registers := 2     
	                4 Bit    Registers := 5     
	                3 Bit    Registers := 2     
	                2 Bit    Registers := 4     
	                1 Bit    Registers := 14    
+---Muxes : 
	   2 Input     65 Bit        Muxes := 4     
	   2 Input     36 Bit        Muxes := 2     
	   2 Input      8 Bit        Muxes := 2     
	   2 Input      7 Bit        Muxes := 1     
	   4 Input      2 Bit        Muxes := 1     
	   2 Input      1 Bit        Muxes := 94    
	   4 Input      1 Bit        Muxes := 8     
	   3 Input      1 Bit        Muxes := 1     
---------------------------------------------------------------------------------
Finished RTL Component Statistics 
---------------------------------------------------------------------------------
---------------------------------------------------------------------------------
Start RTL Hierarchical Component Statistics 
---------------------------------------------------------------------------------
Hierarchical RTL Component report 
Module axi_crossbar_v2_1_16_addr_decoder 
Detailed RTL Component Info : 
+---Muxes : 
	   2 Input      7 Bit        Muxes := 1     
Module generic_baseblocks_v2_1_0_mux_enc 
Detailed RTL Component Info : 
+---Muxes : 
	   2 Input      1 Bit        Muxes := 4     
Module generic_baseblocks_v2_1_0_mux_enc__parameterized0 
Detailed RTL Component Info : 
+---Muxes : 
	   2 Input      1 Bit        Muxes := 4     
Module axi_crossbar_v2_1_16_decerr_slave 
Detailed RTL Component Info : 
+---Adders : 
	   2 Input      8 Bit       Adders := 1     
+---Registers : 
	                8 Bit    Registers := 1     
	                2 Bit    Registers := 1     
	                1 Bit    Registers := 8     
+---Muxes : 
	   2 Input      8 Bit        Muxes := 1     
	   4 Input      2 Bit        Muxes := 1     
	   4 Input      1 Bit        Muxes := 8     
	   2 Input      1 Bit        Muxes := 11    
	   3 Input      1 Bit        Muxes := 1     
Module generic_baseblocks_v2_1_0_mux_enc__parameterized1 
Detailed RTL Component Info : 
+---Muxes : 
	   2 Input      1 Bit        Muxes := 4     
Module axi_crossbar_v2_1_16_addr_arbiter_sasd 
Detailed RTL Component Info : 
+---Registers : 
	               65 Bit    Registers := 1     
	                4 Bit    Registers := 5     
	                2 Bit    Registers := 1     
	                1 Bit    Registers := 3     
+---Muxes : 
	   2 Input     65 Bit        Muxes := 4     
	   2 Input      1 Bit        Muxes := 7     
Module axi_crossbar_v2_1_16_splitter 
Detailed RTL Component Info : 
+---Registers : 
	                3 Bit    Registers := 1     
Module axi_crossbar_v2_1_16_splitter__parameterized0 
Detailed RTL Component Info : 
+---Registers : 
	                2 Bit    Registers := 1     
Module generic_baseblocks_v2_1_0_mux_enc__parameterized2 
Detailed RTL Component Info : 
+---Muxes : 
	   2 Input      1 Bit        Muxes := 8     
Module generic_baseblocks_v2_1_0_mux_enc__parameterized3 
Detailed RTL Component Info : 
+---Muxes : 
	   2 Input      1 Bit        Muxes := 8     
Module axi_register_slice_v2_1_15_axic_register_slice 
Detailed RTL Component Info : 
+---Registers : 
	               36 Bit    Registers := 2     
	                2 Bit    Registers := 1     
	                1 Bit    Registers := 2     
+---Muxes : 
	   2 Input     36 Bit        Muxes := 2     
Module generic_baseblocks_v2_1_0_mux_enc__parameterized4 
Detailed RTL Component Info : 
+---Muxes : 
	   2 Input      1 Bit        Muxes := 8     
Module axi_crossbar_v2_1_16_crossbar_sasd 
Detailed RTL Component Info : 
+---Registers : 
	                8 Bit    Registers := 1     
	                3 Bit    Registers := 1     
	                1 Bit    Registers := 1     
+---Muxes : 
	   2 Input      8 Bit        Muxes := 1     
---------------------------------------------------------------------------------
Finished RTL Hierarchical Component Statistics
---------------------------------------------------------------------------------
---------------------------------------------------------------------------------
Start Part Resource Summary
---------------------------------------------------------------------------------
Part Resources:
DSPs: 740 (col length:100)
BRAMs: 730 (col length: RAMB18 100 RAMB36 50)
---------------------------------------------------------------------------------
Finished Part Resource Summary
---------------------------------------------------------------------------------
---------------------------------------------------------------------------------
Start Cross Boundary and Area Optimization
---------------------------------------------------------------------------------
INFO: [Synth 8-5546] ROM "gen_axi.s_axi_rlast_i" won't be mapped to RAM because it is too sparse
INFO: [Synth 8-5546] ROM "gen_axi.read_cs" won't be mapped to RAM because it is too sparse
WARNING: [Synth 8-6014] Unused sequential element gen_axi.read_cnt_reg was removed.  [/home/akayashima/H30_Xilinx/ImgProcessing/Mutex-20181213/Multiple-Core.srcs/sources_1/bd/design_1/ipshared/c631/hdl/axi_crossbar_v2_1_vl_rfs.v:3670]
INFO: [Synth 8-3332] Sequential element (gen_sasd.crossbar_sasd_0/gen_decerr.decerr_slave_inst/gen_axi.s_axi_bid_i_reg[0]) is unused and will be removed from module axi_crossbar_v2_1_16_axi_crossbar.
INFO: [Synth 8-3332] Sequential element (gen_sasd.crossbar_sasd_0/gen_decerr.decerr_slave_inst/gen_axi.s_axi_rid_i_reg[0]) is unused and will be removed from module axi_crossbar_v2_1_16_axi_crossbar.
INFO: [Synth 8-3332] Sequential element (gen_sasd.crossbar_sasd_0/addr_arbiter_inst/gen_arbiter.m_amesg_i_reg[64]) is unused and will be removed from module axi_crossbar_v2_1_16_axi_crossbar.
INFO: [Synth 8-3332] Sequential element (gen_sasd.crossbar_sasd_0/addr_arbiter_inst/gen_arbiter.m_amesg_i_reg[63]) is unused and will be removed from module axi_crossbar_v2_1_16_axi_crossbar.
INFO: [Synth 8-3332] Sequential element (gen_sasd.crossbar_sasd_0/addr_arbiter_inst/gen_arbiter.m_amesg_i_reg[62]) is unused and will be removed from module axi_crossbar_v2_1_16_axi_crossbar.
INFO: [Synth 8-3332] Sequential element (gen_sasd.crossbar_sasd_0/addr_arbiter_inst/gen_arbiter.m_amesg_i_reg[61]) is unused and will be removed from module axi_crossbar_v2_1_16_axi_crossbar.
INFO: [Synth 8-3332] Sequential element (gen_sasd.crossbar_sasd_0/addr_arbiter_inst/gen_arbiter.m_amesg_i_reg[60]) is unused and will be removed from module axi_crossbar_v2_1_16_axi_crossbar.
INFO: [Synth 8-3332] Sequential element (gen_sasd.crossbar_sasd_0/addr_arbiter_inst/gen_arbiter.m_amesg_i_reg[46]) is unused and will be removed from module axi_crossbar_v2_1_16_axi_crossbar.
INFO: [Synth 8-3332] Sequential element (gen_sasd.crossbar_sasd_0/reg_slice_r/skid_buffer_reg[35]) is unused and will be removed from module axi_crossbar_v2_1_16_axi_crossbar.
INFO: [Synth 8-3332] Sequential element (gen_sasd.crossbar_sasd_0/reg_slice_r/m_payload_i_reg[35]) is unused and will be removed from module axi_crossbar_v2_1_16_axi_crossbar.
---------------------------------------------------------------------------------
Finished Cross Boundary and Area Optimization : Time (s): cpu = 00:00:31 ; elapsed = 00:01:31 . Memory (MB): peak = 1856.613 ; gain = 537.648 ; free physical = 6789 ; free virtual = 17660
---------------------------------------------------------------------------------

Report RTL Partitions: 
+-+--------------+------------+----------+
| |RTL Partition |Replication |Instances |
+-+--------------+------------+----------+
+-+--------------+------------+----------+
---------------------------------------------------------------------------------
Start Applying XDC Timing Constraints
---------------------------------------------------------------------------------
---------------------------------------------------------------------------------
Finished Applying XDC Timing Constraints : Time (s): cpu = 00:00:35 ; elapsed = 00:01:41 . Memory (MB): peak = 1856.613 ; gain = 537.648 ; free physical = 6599 ; free virtual = 17470
---------------------------------------------------------------------------------
---------------------------------------------------------------------------------
Start Timing Optimization
---------------------------------------------------------------------------------
---------------------------------------------------------------------------------
Finished Timing Optimization : Time (s): cpu = 00:00:37 ; elapsed = 00:01:43 . Memory (MB): peak = 1881.195 ; gain = 562.230 ; free physical = 6546 ; free virtual = 17417
---------------------------------------------------------------------------------

Report RTL Partitions: 
+-+--------------+------------+----------+
| |RTL Partition |Replication |Instances |
+-+--------------+------------+----------+
+-+--------------+------------+----------+
---------------------------------------------------------------------------------
Start Technology Mapping
---------------------------------------------------------------------------------
---------------------------------------------------------------------------------
Finished Technology Mapping : Time (s): cpu = 00:00:37 ; elapsed = 00:01:44 . Memory (MB): peak = 1897.211 ; gain = 578.246 ; free physical = 6544 ; free virtual = 17415
---------------------------------------------------------------------------------

Report RTL Partitions: 
+-+--------------+------------+----------+
| |RTL Partition |Replication |Instances |
+-+--------------+------------+----------+
+-+--------------+------------+----------+
---------------------------------------------------------------------------------
Start IO Insertion
---------------------------------------------------------------------------------
---------------------------------------------------------------------------------
Start Flattening Before IO Insertion
---------------------------------------------------------------------------------
---------------------------------------------------------------------------------
Finished Flattening Before IO Insertion
---------------------------------------------------------------------------------
---------------------------------------------------------------------------------
Start Final Netlist Cleanup
---------------------------------------------------------------------------------
---------------------------------------------------------------------------------
Finished Final Netlist Cleanup
---------------------------------------------------------------------------------
---------------------------------------------------------------------------------
Finished IO Insertion : Time (s): cpu = 00:00:38 ; elapsed = 00:01:44 . Memory (MB): peak = 1897.215 ; gain = 578.250 ; free physical = 6560 ; free virtual = 17431
---------------------------------------------------------------------------------

Report Check Netlist: 
+------+------------------+-------+---------+-------+------------------+
|      |Item              |Errors |Warnings |Status |Description       |
+------+------------------+-------+---------+-------+------------------+
|1     |multi_driven_nets |      0|        0|Passed |Multi driven nets |
+------+------------------+-------+---------+-------+------------------+
---------------------------------------------------------------------------------
Start Renaming Generated Instances
---------------------------------------------------------------------------------
---------------------------------------------------------------------------------
Finished Renaming Generated Instances : Time (s): cpu = 00:00:38 ; elapsed = 00:01:44 . Memory (MB): peak = 1897.215 ; gain = 578.250 ; free physical = 6560 ; free virtual = 17431
---------------------------------------------------------------------------------

Report RTL Partitions: 
+-+--------------+------------+----------+
| |RTL Partition |Replication |Instances |
+-+--------------+------------+----------+
+-+--------------+------------+----------+
---------------------------------------------------------------------------------
Start Rebuilding User Hierarchy
---------------------------------------------------------------------------------
---------------------------------------------------------------------------------
Finished Rebuilding User Hierarchy : Time (s): cpu = 00:00:38 ; elapsed = 00:01:44 . Memory (MB): peak = 1897.215 ; gain = 578.250 ; free physical = 6560 ; free virtual = 17431
---------------------------------------------------------------------------------
---------------------------------------------------------------------------------
Start Renaming Generated Ports
---------------------------------------------------------------------------------
---------------------------------------------------------------------------------
Finished Renaming Generated Ports : Time (s): cpu = 00:00:38 ; elapsed = 00:01:44 . Memory (MB): peak = 1897.215 ; gain = 578.250 ; free physical = 6560 ; free virtual = 17431
---------------------------------------------------------------------------------
---------------------------------------------------------------------------------
Start Handling Custom Attributes
---------------------------------------------------------------------------------
---------------------------------------------------------------------------------
Finished Handling Custom Attributes : Time (s): cpu = 00:00:38 ; elapsed = 00:01:44 . Memory (MB): peak = 1897.215 ; gain = 578.250 ; free physical = 6560 ; free virtual = 17431
---------------------------------------------------------------------------------
---------------------------------------------------------------------------------
Start Renaming Generated Nets
---------------------------------------------------------------------------------
---------------------------------------------------------------------------------
Finished Renaming Generated Nets : Time (s): cpu = 00:00:38 ; elapsed = 00:01:44 . Memory (MB): peak = 1897.215 ; gain = 578.250 ; free physical = 6560 ; free virtual = 17431
---------------------------------------------------------------------------------
---------------------------------------------------------------------------------
Start Writing Synthesis Report
---------------------------------------------------------------------------------

Report BlackBoxes: 
+-+--------------+----------+
| |BlackBox name |Instances |
+-+--------------+----------+
+-+--------------+----------+

Report Cell Usage: 
+------+-----+------+
|      |Cell |Count |
+------+-----+------+
|1     |LUT1 |     3|
|2     |LUT2 |    42|
|3     |LUT3 |    14|
|4     |LUT4 |    40|
|5     |LUT5 |   200|
|6     |LUT6 |   486|
|7     |FDRE |   190|
|8     |FDSE |     1|
+------+-----+------+

Report Instance Areas: 
+------+-------------------------------------+-----------------------------------------------+------+
|      |Instance                             |Module                                         |Cells |
+------+-------------------------------------+-----------------------------------------------+------+
|1     |top                                  |                                               |   976|
|2     |  inst                               |axi_crossbar_v2_1_16_axi_crossbar              |   976|
|3     |    \gen_sasd.crossbar_sasd_0        |axi_crossbar_v2_1_16_crossbar_sasd             |   976|
|4     |      addr_arbiter_inst              |axi_crossbar_v2_1_16_addr_arbiter_sasd         |   653|
|5     |      \gen_decerr.decerr_slave_inst  |axi_crossbar_v2_1_16_decerr_slave              |    44|
|6     |      reg_slice_r                    |axi_register_slice_v2_1_15_axic_register_slice |   236|
|7     |      splitter_ar                    |axi_crossbar_v2_1_16_splitter__parameterized0  |     6|
|8     |      splitter_aw                    |axi_crossbar_v2_1_16_splitter                  |    17|
+------+-------------------------------------+-----------------------------------------------+------+
---------------------------------------------------------------------------------
Finished Writing Synthesis Report : Time (s): cpu = 00:00:38 ; elapsed = 00:01:44 . Memory (MB): peak = 1897.215 ; gain = 578.250 ; free physical = 6560 ; free virtual = 17431
---------------------------------------------------------------------------------
Synthesis finished with 0 errors, 0 critical warnings and 121 warnings.
Synthesis Optimization Runtime : Time (s): cpu = 00:00:30 ; elapsed = 00:01:12 . Memory (MB): peak = 1897.215 ; gain = 249.137 ; free physical = 6618 ; free virtual = 17489
Synthesis Optimization Complete : Time (s): cpu = 00:00:38 ; elapsed = 00:01:44 . Memory (MB): peak = 1897.219 ; gain = 578.250 ; free physical = 6618 ; free virtual = 17489
INFO: [Project 1-571] Translating synthesized netlist
INFO: [Project 1-570] Preparing netlist for logic optimization
INFO: [Opt 31-138] Pushed 0 inverter(s) to 0 load pin(s).
INFO: [Project 1-111] Unisim Transformation Summary:
No Unisim elements were transformed.

INFO: [Common 17-83] Releasing license: Synthesis
110 Infos, 107 Warnings, 0 Critical Warnings and 0 Errors encountered.
synth_design completed successfully
synth_design: Time (s): cpu = 00:00:40 ; elapsed = 00:01:46 . Memory (MB): peak = 1929.230 ; gain = 635.090 ; free physical = 6654 ; free virtual = 17525
INFO: [Common 17-1381] The checkpoint '/home/akayashima/H30_Xilinx/ImgProcessing/Mutex-20181213/Multiple-Core.runs/design_1_xbar_1_synth_1/design_1_xbar_1.dcp' has been generated.
